The system is: Darwin - 22.1.0 - x86_64
Compiling the C compiler identification source file "CMakeCCompilerId.c" succeeded.
Compiler: /Library/Developer/CommandLineTools/usr/bin/cc 
Build flags: 
Id flags: -c 

The output was:
0


Compilation of the C compiler identification source "CMakeCCompilerId.c" produced "CMakeCCompilerId.o"

The C compiler identification is AppleClang, found in "/Users/andreasjackchristiansen/Desktop/UNI/P1/P1-Energy-Monitoring/libary/json-c-build/CMakeFiles/3.24.1/CompilerIdC/CMakeCCompilerId.o"

Detecting C compiler ABI info compiled with the following output:
Change Dir: /Users/andreasjackchristiansen/Desktop/UNI/P1/P1-Energy-Monitoring/libary/json-c-build/CMakeFiles/CMakeTmp

Run Build Command(s):/usr/bin/make -f Makefile cmTC_10eb4/fast && /Library/Developer/CommandLineTools/usr/bin/make  -f CMakeFiles/cmTC_10eb4.dir/build.make CMakeFiles/cmTC_10eb4.dir/build
Building C object CMakeFiles/cmTC_10eb4.dir/CMakeCCompilerABI.c.o
/Library/Developer/CommandLineTools/usr/bin/cc   -isysroot /Library/Developer/CommandLineTools/SDKs/MacOSX13.0.sdk   -v -Wl,-v -MD -MT CMakeFiles/cmTC_10eb4.dir/CMakeCCompilerABI.c.o -MF CMakeFiles/cmTC_10eb4.dir/CMakeCCompilerABI.c.o.d -o CMakeFiles/cmTC_10eb4.dir/CMakeCCompilerABI.c.o -c /Applications/CMake.app/Contents/share/cmake-3.24/Modules/CMakeCCompilerABI.c
Apple clang version 14.0.0 (clang-1400.0.29.202)
Target: x86_64-apple-darwin22.1.0
Thread model: posix
InstalledDir: /Library/Developer/CommandLineTools/usr/bin
clang: warning: -Wl,-v: 'linker' input unused [-Wunused-command-line-argument]
 "/Library/Developer/CommandLineTools/usr/bin/clang" -cc1 -triple x86_64-apple-macosx13.0.0 -Wundef-prefix=TARGET_OS_ -Wdeprecated-objc-isa-usage -Werror=deprecated-objc-isa-usage -Werror=implicit-function-declaration -emit-obj -mrelax-all --mrelax-relocations -disable-free -clear-ast-before-backend -disable-llvm-verifier -discard-value-names -main-file-name CMakeCCompilerABI.c -mrelocation-model pic -pic-level 2 -mframe-pointer=all -fno-strict-return -fno-rounding-math -funwind-tables=2 -target-sdk-version=13.0 -fvisibility-inlines-hidden-static-local-var -target-cpu penryn -tune-cpu generic -debugger-tuning=lldb -target-linker-version 820.1 -v -resource-dir /Library/Developer/CommandLineTools/usr/lib/clang/14.0.0 -dependency-file CMakeFiles/cmTC_10eb4.dir/CMakeCCompilerABI.c.o.d -skip-unused-modulemap-deps -MT CMakeFiles/cmTC_10eb4.dir/CMakeCCompilerABI.c.o -sys-header-deps -isysroot /Library/Developer/CommandLineTools/SDKs/MacOSX13.0.sdk -internal-isystem /Library/Developer/CommandLineTools/SDKs/MacOSX13.0.sdk/usr/local/include -internal-isystem /Library/Developer/CommandLineTools/usr/lib/clang/14.0.0/include -internal-externc-isystem /Library/Developer/CommandLineTools/SDKs/MacOSX13.0.sdk/usr/include -internal-externc-isystem /Library/Developer/CommandLineTools/usr/include -Wno-reorder-init-list -Wno-implicit-int-float-conversion -Wno-c99-designator -Wno-final-dtor-non-final-class -Wno-extra-semi-stmt -Wno-misleading-indentation -Wno-quoted-include-in-framework-header -Wno-implicit-fallthrough -Wno-enum-enum-conversion -Wno-enum-float-conversion -Wno-elaborated-enum-base -Wno-reserved-identifier -Wno-gnu-folding-constant -Wno-cast-function-type -Wno-bitwise-instead-of-logical -fdebug-compilation-dir=/Users/andreasjackchristiansen/Desktop/UNI/P1/P1-Energy-Monitoring/libary/json-c-build/CMakeFiles/CMakeTmp -ferror-limit 19 -stack-protector 1 -fstack-check -mdarwin-stkchk-strong-link -fblocks -fencode-extended-block-signature -fregister-global-dtors-with-atexit -fgnuc-version=4.2.1 -fmax-type-align=16 -fcommon -clang-vendor-feature=+messageToSelfInClassMethodIdReturnType -clang-vendor-feature=+disableInferNewAvailabilityFromInit -clang-vendor-feature=+disableNonDependentMemberExprInCurrentInstantiation -fno-odr-hash-protocols -clang-vendor-feature=+enableAggressiveVLAFolding -clang-vendor-feature=+revert09abecef7bbf -clang-vendor-feature=+thisNoAlignAttr -clang-vendor-feature=+thisNoNullAttr -mllvm -disable-aligned-alloc-awareness=1 -D__GCC_HAVE_DWARF2_CFI_ASM=1 -o CMakeFiles/cmTC_10eb4.dir/CMakeCCompilerABI.c.o -x c /Applications/CMake.app/Contents/share/cmake-3.24/Modules/CMakeCCompilerABI.c
clang -cc1 version 14.0.0 (clang-1400.0.29.202) default target x86_64-apple-darwin22.1.0
ignoring nonexistent directory "/Library/Developer/CommandLineTools/SDKs/MacOSX13.0.sdk/usr/local/include"
ignoring nonexistent directory "/Library/Developer/CommandLineTools/SDKs/MacOSX13.0.sdk/Library/Frameworks"
#include "..." search starts here:
#include <...> search starts here:
 /Library/Developer/CommandLineTools/usr/lib/clang/14.0.0/include
 /Library/Developer/CommandLineTools/SDKs/MacOSX13.0.sdk/usr/include
 /Library/Developer/CommandLineTools/usr/include
 /Library/Developer/CommandLineTools/SDKs/MacOSX13.0.sdk/System/Library/Frameworks (framework directory)
End of search list.
Linking C executable cmTC_10eb4
/Applications/CMake.app/Contents/bin/cmake -E cmake_link_script CMakeFiles/cmTC_10eb4.dir/link.txt --verbose=1
/Library/Developer/CommandLineTools/usr/bin/cc  -isysroot /Library/Developer/CommandLineTools/SDKs/MacOSX13.0.sdk -Wl,-search_paths_first -Wl,-headerpad_max_install_names  -v -Wl,-v CMakeFiles/cmTC_10eb4.dir/CMakeCCompilerABI.c.o -o cmTC_10eb4 
Apple clang version 14.0.0 (clang-1400.0.29.202)
Target: x86_64-apple-darwin22.1.0
Thread model: posix
InstalledDir: /Library/Developer/CommandLineTools/usr/bin
 "/Library/Developer/CommandLineTools/usr/bin/ld" -demangle -lto_library /Library/Developer/CommandLineTools/usr/lib/libLTO.dylib -dynamic -arch x86_64 -platform_version macos 13.0.0 13.0 -syslibroot /Library/Developer/CommandLineTools/SDKs/MacOSX13.0.sdk -o cmTC_10eb4 -search_paths_first -headerpad_max_install_names -v CMakeFiles/cmTC_10eb4.dir/CMakeCCompilerABI.c.o -lSystem /Library/Developer/CommandLineTools/usr/lib/clang/14.0.0/lib/darwin/libclang_rt.osx.a
@(#)PROGRAM:ld  PROJECT:ld64-820.1
BUILD 18:42:34 Sep 11 2022
configured to support archs: armv6 armv7 armv7s arm64 arm64e arm64_32 i386 x86_64 x86_64h armv6m armv7k armv7m armv7em
Library search paths:
	/Library/Developer/CommandLineTools/SDKs/MacOSX13.0.sdk/usr/lib
Framework search paths:
	/Library/Developer/CommandLineTools/SDKs/MacOSX13.0.sdk/System/Library/Frameworks/



Parsed C implicit include dir info from above output: rv=done
  found start of include info
  found start of implicit include info
    add: [/Library/Developer/CommandLineTools/usr/lib/clang/14.0.0/include]
    add: [/Library/Developer/CommandLineTools/SDKs/MacOSX13.0.sdk/usr/include]
    add: [/Library/Developer/CommandLineTools/usr/include]
  end of search list found
  collapse include dir [/Library/Developer/CommandLineTools/usr/lib/clang/14.0.0/include] ==> [/Library/Developer/CommandLineTools/usr/lib/clang/14.0.0/include]
  collapse include dir [/Library/Developer/CommandLineTools/SDKs/MacOSX13.0.sdk/usr/include] ==> [/Library/Developer/CommandLineTools/SDKs/MacOSX13.0.sdk/usr/include]
  collapse include dir [/Library/Developer/CommandLineTools/usr/include] ==> [/Library/Developer/CommandLineTools/usr/include]
  implicit include dirs: [/Library/Developer/CommandLineTools/usr/lib/clang/14.0.0/include;/Library/Developer/CommandLineTools/SDKs/MacOSX13.0.sdk/usr/include;/Library/Developer/CommandLineTools/usr/include]


Parsed C implicit link information from above output:
  link line regex: [^( *|.*[/\])(ld|CMAKE_LINK_STARTFILE-NOTFOUND|([^/\]+-)?ld|collect2)[^/\]*( |$)]
  ignore line: [Change Dir: /Users/andreasjackchristiansen/Desktop/UNI/P1/P1-Energy-Monitoring/libary/json-c-build/CMakeFiles/CMakeTmp]
  ignore line: []
  ignore line: [Run Build Command(s):/usr/bin/make -f Makefile cmTC_10eb4/fast && /Library/Developer/CommandLineTools/usr/bin/make  -f CMakeFiles/cmTC_10eb4.dir/build.make CMakeFiles/cmTC_10eb4.dir/build]
  ignore line: [Building C object CMakeFiles/cmTC_10eb4.dir/CMakeCCompilerABI.c.o]
  ignore line: [/Library/Developer/CommandLineTools/usr/bin/cc   -isysroot /Library/Developer/CommandLineTools/SDKs/MacOSX13.0.sdk   -v -Wl -v -MD -MT CMakeFiles/cmTC_10eb4.dir/CMakeCCompilerABI.c.o -MF CMakeFiles/cmTC_10eb4.dir/CMakeCCompilerABI.c.o.d -o CMakeFiles/cmTC_10eb4.dir/CMakeCCompilerABI.c.o -c /Applications/CMake.app/Contents/share/cmake-3.24/Modules/CMakeCCompilerABI.c]
  ignore line: [Apple clang version 14.0.0 (clang-1400.0.29.202)]
  ignore line: [Target: x86_64-apple-darwin22.1.0]
  ignore line: [Thread model: posix]
  ignore line: [InstalledDir: /Library/Developer/CommandLineTools/usr/bin]
  ignore line: [clang: warning: -Wl -v: 'linker' input unused [-Wunused-command-line-argument]]
  ignore line: [ "/Library/Developer/CommandLineTools/usr/bin/clang" -cc1 -triple x86_64-apple-macosx13.0.0 -Wundef-prefix=TARGET_OS_ -Wdeprecated-objc-isa-usage -Werror=deprecated-objc-isa-usage -Werror=implicit-function-declaration -emit-obj -mrelax-all --mrelax-relocations -disable-free -clear-ast-before-backend -disable-llvm-verifier -discard-value-names -main-file-name CMakeCCompilerABI.c -mrelocation-model pic -pic-level 2 -mframe-pointer=all -fno-strict-return -fno-rounding-math -funwind-tables=2 -target-sdk-version=13.0 -fvisibility-inlines-hidden-static-local-var -target-cpu penryn -tune-cpu generic -debugger-tuning=lldb -target-linker-version 820.1 -v -resource-dir /Library/Developer/CommandLineTools/usr/lib/clang/14.0.0 -dependency-file CMakeFiles/cmTC_10eb4.dir/CMakeCCompilerABI.c.o.d -skip-unused-modulemap-deps -MT CMakeFiles/cmTC_10eb4.dir/CMakeCCompilerABI.c.o -sys-header-deps -isysroot /Library/Developer/CommandLineTools/SDKs/MacOSX13.0.sdk -internal-isystem /Library/Developer/CommandLineTools/SDKs/MacOSX13.0.sdk/usr/local/include -internal-isystem /Library/Developer/CommandLineTools/usr/lib/clang/14.0.0/include -internal-externc-isystem /Library/Developer/CommandLineTools/SDKs/MacOSX13.0.sdk/usr/include -internal-externc-isystem /Library/Developer/CommandLineTools/usr/include -Wno-reorder-init-list -Wno-implicit-int-float-conversion -Wno-c99-designator -Wno-final-dtor-non-final-class -Wno-extra-semi-stmt -Wno-misleading-indentation -Wno-quoted-include-in-framework-header -Wno-implicit-fallthrough -Wno-enum-enum-conversion -Wno-enum-float-conversion -Wno-elaborated-enum-base -Wno-reserved-identifier -Wno-gnu-folding-constant -Wno-cast-function-type -Wno-bitwise-instead-of-logical -fdebug-compilation-dir=/Users/andreasjackchristiansen/Desktop/UNI/P1/P1-Energy-Monitoring/libary/json-c-build/CMakeFiles/CMakeTmp -ferror-limit 19 -stack-protector 1 -fstack-check -mdarwin-stkchk-strong-link -fblocks -fencode-extended-block-signature -fregister-global-dtors-with-atexit -fgnuc-version=4.2.1 -fmax-type-align=16 -fcommon -clang-vendor-feature=+messageToSelfInClassMethodIdReturnType -clang-vendor-feature=+disableInferNewAvailabilityFromInit -clang-vendor-feature=+disableNonDependentMemberExprInCurrentInstantiation -fno-odr-hash-protocols -clang-vendor-feature=+enableAggressiveVLAFolding -clang-vendor-feature=+revert09abecef7bbf -clang-vendor-feature=+thisNoAlignAttr -clang-vendor-feature=+thisNoNullAttr -mllvm -disable-aligned-alloc-awareness=1 -D__GCC_HAVE_DWARF2_CFI_ASM=1 -o CMakeFiles/cmTC_10eb4.dir/CMakeCCompilerABI.c.o -x c /Applications/CMake.app/Contents/share/cmake-3.24/Modules/CMakeCCompilerABI.c]
  ignore line: [clang -cc1 version 14.0.0 (clang-1400.0.29.202) default target x86_64-apple-darwin22.1.0]
  ignore line: [ignoring nonexistent directory "/Library/Developer/CommandLineTools/SDKs/MacOSX13.0.sdk/usr/local/include"]
  ignore line: [ignoring nonexistent directory "/Library/Developer/CommandLineTools/SDKs/MacOSX13.0.sdk/Library/Frameworks"]
  ignore line: [#include "..." search starts here:]
  ignore line: [#include <...> search starts here:]
  ignore line: [ /Library/Developer/CommandLineTools/usr/lib/clang/14.0.0/include]
  ignore line: [ /Library/Developer/CommandLineTools/SDKs/MacOSX13.0.sdk/usr/include]
  ignore line: [ /Library/Developer/CommandLineTools/usr/include]
  ignore line: [ /Library/Developer/CommandLineTools/SDKs/MacOSX13.0.sdk/System/Library/Frameworks (framework directory)]
  ignore line: [End of search list.]
  ignore line: [Linking C executable cmTC_10eb4]
  ignore line: [/Applications/CMake.app/Contents/bin/cmake -E cmake_link_script CMakeFiles/cmTC_10eb4.dir/link.txt --verbose=1]
  ignore line: [/Library/Developer/CommandLineTools/usr/bin/cc  -isysroot /Library/Developer/CommandLineTools/SDKs/MacOSX13.0.sdk -Wl -search_paths_first -Wl -headerpad_max_install_names  -v -Wl -v CMakeFiles/cmTC_10eb4.dir/CMakeCCompilerABI.c.o -o cmTC_10eb4 ]
  ignore line: [Apple clang version 14.0.0 (clang-1400.0.29.202)]
  ignore line: [Target: x86_64-apple-darwin22.1.0]
  ignore line: [Thread model: posix]
  ignore line: [InstalledDir: /Library/Developer/CommandLineTools/usr/bin]
  link line: [ "/Library/Developer/CommandLineTools/usr/bin/ld" -demangle -lto_library /Library/Developer/CommandLineTools/usr/lib/libLTO.dylib -dynamic -arch x86_64 -platform_version macos 13.0.0 13.0 -syslibroot /Library/Developer/CommandLineTools/SDKs/MacOSX13.0.sdk -o cmTC_10eb4 -search_paths_first -headerpad_max_install_names -v CMakeFiles/cmTC_10eb4.dir/CMakeCCompilerABI.c.o -lSystem /Library/Developer/CommandLineTools/usr/lib/clang/14.0.0/lib/darwin/libclang_rt.osx.a]
    arg [/Library/Developer/CommandLineTools/usr/bin/ld] ==> ignore
    arg [-demangle] ==> ignore
    arg [-lto_library] ==> ignore, skip following value
    arg [/Library/Developer/CommandLineTools/usr/lib/libLTO.dylib] ==> skip value of -lto_library
    arg [-dynamic] ==> ignore
    arg [-arch] ==> ignore
    arg [x86_64] ==> ignore
    arg [-platform_version] ==> ignore
    arg [macos] ==> ignore
    arg [13.0.0] ==> ignore
    arg [13.0] ==> ignore
    arg [-syslibroot] ==> ignore
    arg [/Library/Developer/CommandLineTools/SDKs/MacOSX13.0.sdk] ==> ignore
    arg [-o] ==> ignore
    arg [cmTC_10eb4] ==> ignore
    arg [-search_paths_first] ==> ignore
    arg [-headerpad_max_install_names] ==> ignore
    arg [-v] ==> ignore
    arg [CMakeFiles/cmTC_10eb4.dir/CMakeCCompilerABI.c.o] ==> ignore
    arg [-lSystem] ==> lib [System]
    arg [/Library/Developer/CommandLineTools/usr/lib/clang/14.0.0/lib/darwin/libclang_rt.osx.a] ==> lib [/Library/Developer/CommandLineTools/usr/lib/clang/14.0.0/lib/darwin/libclang_rt.osx.a]
  Library search paths: [;/Library/Developer/CommandLineTools/SDKs/MacOSX13.0.sdk/usr/lib]
  Framework search paths: [;/Library/Developer/CommandLineTools/SDKs/MacOSX13.0.sdk/System/Library/Frameworks/]
  remove lib [System]
  remove lib [/Library/Developer/CommandLineTools/usr/lib/clang/14.0.0/lib/darwin/libclang_rt.osx.a]
  collapse library dir [/Library/Developer/CommandLineTools/SDKs/MacOSX13.0.sdk/usr/lib] ==> [/Library/Developer/CommandLineTools/SDKs/MacOSX13.0.sdk/usr/lib]
  collapse framework dir [/Library/Developer/CommandLineTools/SDKs/MacOSX13.0.sdk/System/Library/Frameworks/] ==> [/Library/Developer/CommandLineTools/SDKs/MacOSX13.0.sdk/System/Library/Frameworks]
  implicit libs: []
  implicit objs: []
  implicit dirs: [/Library/Developer/CommandLineTools/SDKs/MacOSX13.0.sdk/usr/lib]
  implicit fwks: [/Library/Developer/CommandLineTools/SDKs/MacOSX13.0.sdk/System/Library/Frameworks]


Determining if the include file fcntl.h exists passed with the following output:
Change Dir: /Users/andreasjackchristiansen/Desktop/UNI/P1/P1-Energy-Monitoring/libary/json-c-build/CMakeFiles/CMakeTmp

Run Build Command(s):/usr/bin/make -f Makefile cmTC_3f51c/fast && /Library/Developer/CommandLineTools/usr/bin/make  -f CMakeFiles/cmTC_3f51c.dir/build.make CMakeFiles/cmTC_3f51c.dir/build
Building C object CMakeFiles/cmTC_3f51c.dir/CheckIncludeFile.c.o
/Library/Developer/CommandLineTools/usr/bin/cc -D_GNU_SOURCE  -isysroot /Library/Developer/CommandLineTools/SDKs/MacOSX13.0.sdk -fPIE -MD -MT CMakeFiles/cmTC_3f51c.dir/CheckIncludeFile.c.o -MF CMakeFiles/cmTC_3f51c.dir/CheckIncludeFile.c.o.d -o CMakeFiles/cmTC_3f51c.dir/CheckIncludeFile.c.o -c /Users/andreasjackchristiansen/Desktop/UNI/P1/P1-Energy-Monitoring/libary/json-c-build/CMakeFiles/CMakeTmp/CheckIncludeFile.c
Linking C executable cmTC_3f51c
/Applications/CMake.app/Contents/bin/cmake -E cmake_link_script CMakeFiles/cmTC_3f51c.dir/link.txt --verbose=1
/Library/Developer/CommandLineTools/usr/bin/cc  -isysroot /Library/Developer/CommandLineTools/SDKs/MacOSX13.0.sdk -Wl,-search_paths_first -Wl,-headerpad_max_install_names CMakeFiles/cmTC_3f51c.dir/CheckIncludeFile.c.o -o cmTC_3f51c  -lm 



Determining if the include file inttypes.h exists passed with the following output:
Change Dir: /Users/andreasjackchristiansen/Desktop/UNI/P1/P1-Energy-Monitoring/libary/json-c-build/CMakeFiles/CMakeTmp

Run Build Command(s):/usr/bin/make -f Makefile cmTC_bc124/fast && /Library/Developer/CommandLineTools/usr/bin/make  -f CMakeFiles/cmTC_bc124.dir/build.make CMakeFiles/cmTC_bc124.dir/build
Building C object CMakeFiles/cmTC_bc124.dir/CheckIncludeFile.c.o
/Library/Developer/CommandLineTools/usr/bin/cc -D_GNU_SOURCE  -isysroot /Library/Developer/CommandLineTools/SDKs/MacOSX13.0.sdk -fPIE -MD -MT CMakeFiles/cmTC_bc124.dir/CheckIncludeFile.c.o -MF CMakeFiles/cmTC_bc124.dir/CheckIncludeFile.c.o.d -o CMakeFiles/cmTC_bc124.dir/CheckIncludeFile.c.o -c /Users/andreasjackchristiansen/Desktop/UNI/P1/P1-Energy-Monitoring/libary/json-c-build/CMakeFiles/CMakeTmp/CheckIncludeFile.c
Linking C executable cmTC_bc124
/Applications/CMake.app/Contents/bin/cmake -E cmake_link_script CMakeFiles/cmTC_bc124.dir/link.txt --verbose=1
/Library/Developer/CommandLineTools/usr/bin/cc  -isysroot /Library/Developer/CommandLineTools/SDKs/MacOSX13.0.sdk -Wl,-search_paths_first -Wl,-headerpad_max_install_names CMakeFiles/cmTC_bc124.dir/CheckIncludeFile.c.o -o cmTC_bc124  -lm 



Determining if the include file stdarg.h exists passed with the following output:
Change Dir: /Users/andreasjackchristiansen/Desktop/UNI/P1/P1-Energy-Monitoring/libary/json-c-build/CMakeFiles/CMakeTmp

Run Build Command(s):/usr/bin/make -f Makefile cmTC_9e69f/fast && /Library/Developer/CommandLineTools/usr/bin/make  -f CMakeFiles/cmTC_9e69f.dir/build.make CMakeFiles/cmTC_9e69f.dir/build
Building C object CMakeFiles/cmTC_9e69f.dir/CheckIncludeFile.c.o
/Library/Developer/CommandLineTools/usr/bin/cc -D_GNU_SOURCE  -isysroot /Library/Developer/CommandLineTools/SDKs/MacOSX13.0.sdk -fPIE -MD -MT CMakeFiles/cmTC_9e69f.dir/CheckIncludeFile.c.o -MF CMakeFiles/cmTC_9e69f.dir/CheckIncludeFile.c.o.d -o CMakeFiles/cmTC_9e69f.dir/CheckIncludeFile.c.o -c /Users/andreasjackchristiansen/Desktop/UNI/P1/P1-Energy-Monitoring/libary/json-c-build/CMakeFiles/CMakeTmp/CheckIncludeFile.c
Linking C executable cmTC_9e69f
/Applications/CMake.app/Contents/bin/cmake -E cmake_link_script CMakeFiles/cmTC_9e69f.dir/link.txt --verbose=1
/Library/Developer/CommandLineTools/usr/bin/cc  -isysroot /Library/Developer/CommandLineTools/SDKs/MacOSX13.0.sdk -Wl,-search_paths_first -Wl,-headerpad_max_install_names CMakeFiles/cmTC_9e69f.dir/CheckIncludeFile.c.o -o cmTC_9e69f  -lm 



Determining if the include file strings.h exists passed with the following output:
Change Dir: /Users/andreasjackchristiansen/Desktop/UNI/P1/P1-Energy-Monitoring/libary/json-c-build/CMakeFiles/CMakeTmp

Run Build Command(s):/usr/bin/make -f Makefile cmTC_d1046/fast && /Library/Developer/CommandLineTools/usr/bin/make  -f CMakeFiles/cmTC_d1046.dir/build.make CMakeFiles/cmTC_d1046.dir/build
Building C object CMakeFiles/cmTC_d1046.dir/CheckIncludeFile.c.o
/Library/Developer/CommandLineTools/usr/bin/cc -D_GNU_SOURCE  -isysroot /Library/Developer/CommandLineTools/SDKs/MacOSX13.0.sdk -fPIE -MD -MT CMakeFiles/cmTC_d1046.dir/CheckIncludeFile.c.o -MF CMakeFiles/cmTC_d1046.dir/CheckIncludeFile.c.o.d -o CMakeFiles/cmTC_d1046.dir/CheckIncludeFile.c.o -c /Users/andreasjackchristiansen/Desktop/UNI/P1/P1-Energy-Monitoring/libary/json-c-build/CMakeFiles/CMakeTmp/CheckIncludeFile.c
Linking C executable cmTC_d1046
/Applications/CMake.app/Contents/bin/cmake -E cmake_link_script CMakeFiles/cmTC_d1046.dir/link.txt --verbose=1
/Library/Developer/CommandLineTools/usr/bin/cc  -isysroot /Library/Developer/CommandLineTools/SDKs/MacOSX13.0.sdk -Wl,-search_paths_first -Wl,-headerpad_max_install_names CMakeFiles/cmTC_d1046.dir/CheckIncludeFile.c.o -o cmTC_d1046  -lm 



Determining if the include file string.h exists passed with the following output:
Change Dir: /Users/andreasjackchristiansen/Desktop/UNI/P1/P1-Energy-Monitoring/libary/json-c-build/CMakeFiles/CMakeTmp

Run Build Command(s):/usr/bin/make -f Makefile cmTC_0386c/fast && /Library/Developer/CommandLineTools/usr/bin/make  -f CMakeFiles/cmTC_0386c.dir/build.make CMakeFiles/cmTC_0386c.dir/build
Building C object CMakeFiles/cmTC_0386c.dir/CheckIncludeFile.c.o
/Library/Developer/CommandLineTools/usr/bin/cc -D_GNU_SOURCE  -isysroot /Library/Developer/CommandLineTools/SDKs/MacOSX13.0.sdk -fPIE -MD -MT CMakeFiles/cmTC_0386c.dir/CheckIncludeFile.c.o -MF CMakeFiles/cmTC_0386c.dir/CheckIncludeFile.c.o.d -o CMakeFiles/cmTC_0386c.dir/CheckIncludeFile.c.o -c /Users/andreasjackchristiansen/Desktop/UNI/P1/P1-Energy-Monitoring/libary/json-c-build/CMakeFiles/CMakeTmp/CheckIncludeFile.c
Linking C executable cmTC_0386c
/Applications/CMake.app/Contents/bin/cmake -E cmake_link_script CMakeFiles/cmTC_0386c.dir/link.txt --verbose=1
/Library/Developer/CommandLineTools/usr/bin/cc  -isysroot /Library/Developer/CommandLineTools/SDKs/MacOSX13.0.sdk -Wl,-search_paths_first -Wl,-headerpad_max_install_names CMakeFiles/cmTC_0386c.dir/CheckIncludeFile.c.o -o cmTC_0386c  -lm 



Determining if the include file syslog.h exists passed with the following output:
Change Dir: /Users/andreasjackchristiansen/Desktop/UNI/P1/P1-Energy-Monitoring/libary/json-c-build/CMakeFiles/CMakeTmp

Run Build Command(s):/usr/bin/make -f Makefile cmTC_9930e/fast && /Library/Developer/CommandLineTools/usr/bin/make  -f CMakeFiles/cmTC_9930e.dir/build.make CMakeFiles/cmTC_9930e.dir/build
Building C object CMakeFiles/cmTC_9930e.dir/CheckIncludeFile.c.o
/Library/Developer/CommandLineTools/usr/bin/cc -D_GNU_SOURCE  -isysroot /Library/Developer/CommandLineTools/SDKs/MacOSX13.0.sdk -fPIE -MD -MT CMakeFiles/cmTC_9930e.dir/CheckIncludeFile.c.o -MF CMakeFiles/cmTC_9930e.dir/CheckIncludeFile.c.o.d -o CMakeFiles/cmTC_9930e.dir/CheckIncludeFile.c.o -c /Users/andreasjackchristiansen/Desktop/UNI/P1/P1-Energy-Monitoring/libary/json-c-build/CMakeFiles/CMakeTmp/CheckIncludeFile.c
Linking C executable cmTC_9930e
/Applications/CMake.app/Contents/bin/cmake -E cmake_link_script CMakeFiles/cmTC_9930e.dir/link.txt --verbose=1
/Library/Developer/CommandLineTools/usr/bin/cc  -isysroot /Library/Developer/CommandLineTools/SDKs/MacOSX13.0.sdk -Wl,-search_paths_first -Wl,-headerpad_max_install_names CMakeFiles/cmTC_9930e.dir/CheckIncludeFile.c.o -o cmTC_9930e  -lm 



Determining if files stdlib.h;stdarg.h;string.h;float.h exist passed with the following output:
Change Dir: /Users/andreasjackchristiansen/Desktop/UNI/P1/P1-Energy-Monitoring/libary/json-c-build/CMakeFiles/CMakeTmp

Run Build Command(s):/usr/bin/make -f Makefile cmTC_ece85/fast && /Library/Developer/CommandLineTools/usr/bin/make  -f CMakeFiles/cmTC_ece85.dir/build.make CMakeFiles/cmTC_ece85.dir/build
Building C object CMakeFiles/cmTC_ece85.dir/STDC_HEADERS.c.o
/Library/Developer/CommandLineTools/usr/bin/cc -D_GNU_SOURCE  -isysroot /Library/Developer/CommandLineTools/SDKs/MacOSX13.0.sdk -fPIE -MD -MT CMakeFiles/cmTC_ece85.dir/STDC_HEADERS.c.o -MF CMakeFiles/cmTC_ece85.dir/STDC_HEADERS.c.o.d -o CMakeFiles/cmTC_ece85.dir/STDC_HEADERS.c.o -c /Users/andreasjackchristiansen/Desktop/UNI/P1/P1-Energy-Monitoring/libary/json-c-build/CMakeFiles/CheckIncludeFiles/STDC_HEADERS.c
Linking C executable cmTC_ece85
/Applications/CMake.app/Contents/bin/cmake -E cmake_link_script CMakeFiles/cmTC_ece85.dir/link.txt --verbose=1
/Library/Developer/CommandLineTools/usr/bin/cc  -isysroot /Library/Developer/CommandLineTools/SDKs/MacOSX13.0.sdk -Wl,-search_paths_first -Wl,-headerpad_max_install_names CMakeFiles/cmTC_ece85.dir/STDC_HEADERS.c.o -o cmTC_ece85  -lm 



Determining if the include file unistd.h exists passed with the following output:
Change Dir: /Users/andreasjackchristiansen/Desktop/UNI/P1/P1-Energy-Monitoring/libary/json-c-build/CMakeFiles/CMakeTmp

Run Build Command(s):/usr/bin/make -f Makefile cmTC_ad520/fast && /Library/Developer/CommandLineTools/usr/bin/make  -f CMakeFiles/cmTC_ad520.dir/build.make CMakeFiles/cmTC_ad520.dir/build
Building C object CMakeFiles/cmTC_ad520.dir/CheckIncludeFile.c.o
/Library/Developer/CommandLineTools/usr/bin/cc -D_GNU_SOURCE  -isysroot /Library/Developer/CommandLineTools/SDKs/MacOSX13.0.sdk -fPIE -MD -MT CMakeFiles/cmTC_ad520.dir/CheckIncludeFile.c.o -MF CMakeFiles/cmTC_ad520.dir/CheckIncludeFile.c.o.d -o CMakeFiles/cmTC_ad520.dir/CheckIncludeFile.c.o -c /Users/andreasjackchristiansen/Desktop/UNI/P1/P1-Energy-Monitoring/libary/json-c-build/CMakeFiles/CMakeTmp/CheckIncludeFile.c
Linking C executable cmTC_ad520
/Applications/CMake.app/Contents/bin/cmake -E cmake_link_script CMakeFiles/cmTC_ad520.dir/link.txt --verbose=1
/Library/Developer/CommandLineTools/usr/bin/cc  -isysroot /Library/Developer/CommandLineTools/SDKs/MacOSX13.0.sdk -Wl,-search_paths_first -Wl,-headerpad_max_install_names CMakeFiles/cmTC_ad520.dir/CheckIncludeFile.c.o -o cmTC_ad520  -lm 



Determining if the include file sys/types.h exists passed with the following output:
Change Dir: /Users/andreasjackchristiansen/Desktop/UNI/P1/P1-Energy-Monitoring/libary/json-c-build/CMakeFiles/CMakeTmp

Run Build Command(s):/usr/bin/make -f Makefile cmTC_4768d/fast && /Library/Developer/CommandLineTools/usr/bin/make  -f CMakeFiles/cmTC_4768d.dir/build.make CMakeFiles/cmTC_4768d.dir/build
Building C object CMakeFiles/cmTC_4768d.dir/CheckIncludeFile.c.o
/Library/Developer/CommandLineTools/usr/bin/cc -D_GNU_SOURCE  -isysroot /Library/Developer/CommandLineTools/SDKs/MacOSX13.0.sdk -fPIE -MD -MT CMakeFiles/cmTC_4768d.dir/CheckIncludeFile.c.o -MF CMakeFiles/cmTC_4768d.dir/CheckIncludeFile.c.o.d -o CMakeFiles/cmTC_4768d.dir/CheckIncludeFile.c.o -c /Users/andreasjackchristiansen/Desktop/UNI/P1/P1-Energy-Monitoring/libary/json-c-build/CMakeFiles/CMakeTmp/CheckIncludeFile.c
Linking C executable cmTC_4768d
/Applications/CMake.app/Contents/bin/cmake -E cmake_link_script CMakeFiles/cmTC_4768d.dir/link.txt --verbose=1
/Library/Developer/CommandLineTools/usr/bin/cc  -isysroot /Library/Developer/CommandLineTools/SDKs/MacOSX13.0.sdk -Wl,-search_paths_first -Wl,-headerpad_max_install_names CMakeFiles/cmTC_4768d.dir/CheckIncludeFile.c.o -o cmTC_4768d  -lm 



Determining if the include file sys/resource.h exists passed with the following output:
Change Dir: /Users/andreasjackchristiansen/Desktop/UNI/P1/P1-Energy-Monitoring/libary/json-c-build/CMakeFiles/CMakeTmp

Run Build Command(s):/usr/bin/make -f Makefile cmTC_b8424/fast && /Library/Developer/CommandLineTools/usr/bin/make  -f CMakeFiles/cmTC_b8424.dir/build.make CMakeFiles/cmTC_b8424.dir/build
Building C object CMakeFiles/cmTC_b8424.dir/CheckIncludeFile.c.o
/Library/Developer/CommandLineTools/usr/bin/cc -D_GNU_SOURCE  -isysroot /Library/Developer/CommandLineTools/SDKs/MacOSX13.0.sdk -fPIE -MD -MT CMakeFiles/cmTC_b8424.dir/CheckIncludeFile.c.o -MF CMakeFiles/cmTC_b8424.dir/CheckIncludeFile.c.o.d -o CMakeFiles/cmTC_b8424.dir/CheckIncludeFile.c.o -c /Users/andreasjackchristiansen/Desktop/UNI/P1/P1-Energy-Monitoring/libary/json-c-build/CMakeFiles/CMakeTmp/CheckIncludeFile.c
Linking C executable cmTC_b8424
/Applications/CMake.app/Contents/bin/cmake -E cmake_link_script CMakeFiles/cmTC_b8424.dir/link.txt --verbose=1
/Library/Developer/CommandLineTools/usr/bin/cc  -isysroot /Library/Developer/CommandLineTools/SDKs/MacOSX13.0.sdk -Wl,-search_paths_first -Wl,-headerpad_max_install_names CMakeFiles/cmTC_b8424.dir/CheckIncludeFile.c.o -o cmTC_b8424  -lm 



Determining if the include file dlfcn.h exists passed with the following output:
Change Dir: /Users/andreasjackchristiansen/Desktop/UNI/P1/P1-Energy-Monitoring/libary/json-c-build/CMakeFiles/CMakeTmp

Run Build Command(s):/usr/bin/make -f Makefile cmTC_7fc97/fast && /Library/Developer/CommandLineTools/usr/bin/make  -f CMakeFiles/cmTC_7fc97.dir/build.make CMakeFiles/cmTC_7fc97.dir/build
Building C object CMakeFiles/cmTC_7fc97.dir/CheckIncludeFile.c.o
/Library/Developer/CommandLineTools/usr/bin/cc -D_GNU_SOURCE  -isysroot /Library/Developer/CommandLineTools/SDKs/MacOSX13.0.sdk -fPIE -MD -MT CMakeFiles/cmTC_7fc97.dir/CheckIncludeFile.c.o -MF CMakeFiles/cmTC_7fc97.dir/CheckIncludeFile.c.o.d -o CMakeFiles/cmTC_7fc97.dir/CheckIncludeFile.c.o -c /Users/andreasjackchristiansen/Desktop/UNI/P1/P1-Energy-Monitoring/libary/json-c-build/CMakeFiles/CMakeTmp/CheckIncludeFile.c
Linking C executable cmTC_7fc97
/Applications/CMake.app/Contents/bin/cmake -E cmake_link_script CMakeFiles/cmTC_7fc97.dir/link.txt --verbose=1
/Library/Developer/CommandLineTools/usr/bin/cc  -isysroot /Library/Developer/CommandLineTools/SDKs/MacOSX13.0.sdk -Wl,-search_paths_first -Wl,-headerpad_max_install_names CMakeFiles/cmTC_7fc97.dir/CheckIncludeFile.c.o -o cmTC_7fc97  -lm 



Determining if the include file limits.h exists passed with the following output:
Change Dir: /Users/andreasjackchristiansen/Desktop/UNI/P1/P1-Energy-Monitoring/libary/json-c-build/CMakeFiles/CMakeTmp

Run Build Command(s):/usr/bin/make -f Makefile cmTC_7e15c/fast && /Library/Developer/CommandLineTools/usr/bin/make  -f CMakeFiles/cmTC_7e15c.dir/build.make CMakeFiles/cmTC_7e15c.dir/build
Building C object CMakeFiles/cmTC_7e15c.dir/CheckIncludeFile.c.o
/Library/Developer/CommandLineTools/usr/bin/cc -D_GNU_SOURCE  -isysroot /Library/Developer/CommandLineTools/SDKs/MacOSX13.0.sdk -fPIE -MD -MT CMakeFiles/cmTC_7e15c.dir/CheckIncludeFile.c.o -MF CMakeFiles/cmTC_7e15c.dir/CheckIncludeFile.c.o.d -o CMakeFiles/cmTC_7e15c.dir/CheckIncludeFile.c.o -c /Users/andreasjackchristiansen/Desktop/UNI/P1/P1-Energy-Monitoring/libary/json-c-build/CMakeFiles/CMakeTmp/CheckIncludeFile.c
Linking C executable cmTC_7e15c
/Applications/CMake.app/Contents/bin/cmake -E cmake_link_script CMakeFiles/cmTC_7e15c.dir/link.txt --verbose=1
/Library/Developer/CommandLineTools/usr/bin/cc  -isysroot /Library/Developer/CommandLineTools/SDKs/MacOSX13.0.sdk -Wl,-search_paths_first -Wl,-headerpad_max_install_names CMakeFiles/cmTC_7e15c.dir/CheckIncludeFile.c.o -o cmTC_7e15c  -lm 



Determining if the include file locale.h exists passed with the following output:
Change Dir: /Users/andreasjackchristiansen/Desktop/UNI/P1/P1-Energy-Monitoring/libary/json-c-build/CMakeFiles/CMakeTmp

Run Build Command(s):/usr/bin/make -f Makefile cmTC_19454/fast && /Library/Developer/CommandLineTools/usr/bin/make  -f CMakeFiles/cmTC_19454.dir/build.make CMakeFiles/cmTC_19454.dir/build
Building C object CMakeFiles/cmTC_19454.dir/CheckIncludeFile.c.o
/Library/Developer/CommandLineTools/usr/bin/cc -D_GNU_SOURCE  -isysroot /Library/Developer/CommandLineTools/SDKs/MacOSX13.0.sdk -fPIE -MD -MT CMakeFiles/cmTC_19454.dir/CheckIncludeFile.c.o -MF CMakeFiles/cmTC_19454.dir/CheckIncludeFile.c.o.d -o CMakeFiles/cmTC_19454.dir/CheckIncludeFile.c.o -c /Users/andreasjackchristiansen/Desktop/UNI/P1/P1-Energy-Monitoring/libary/json-c-build/CMakeFiles/CMakeTmp/CheckIncludeFile.c
Linking C executable cmTC_19454
/Applications/CMake.app/Contents/bin/cmake -E cmake_link_script CMakeFiles/cmTC_19454.dir/link.txt --verbose=1
/Library/Developer/CommandLineTools/usr/bin/cc  -isysroot /Library/Developer/CommandLineTools/SDKs/MacOSX13.0.sdk -Wl,-search_paths_first -Wl,-headerpad_max_install_names CMakeFiles/cmTC_19454.dir/CheckIncludeFile.c.o -o cmTC_19454  -lm 



Determining if the include file memory.h exists passed with the following output:
Change Dir: /Users/andreasjackchristiansen/Desktop/UNI/P1/P1-Energy-Monitoring/libary/json-c-build/CMakeFiles/CMakeTmp

Run Build Command(s):/usr/bin/make -f Makefile cmTC_29148/fast && /Library/Developer/CommandLineTools/usr/bin/make  -f CMakeFiles/cmTC_29148.dir/build.make CMakeFiles/cmTC_29148.dir/build
Building C object CMakeFiles/cmTC_29148.dir/CheckIncludeFile.c.o
/Library/Developer/CommandLineTools/usr/bin/cc -D_GNU_SOURCE  -isysroot /Library/Developer/CommandLineTools/SDKs/MacOSX13.0.sdk -fPIE -MD -MT CMakeFiles/cmTC_29148.dir/CheckIncludeFile.c.o -MF CMakeFiles/cmTC_29148.dir/CheckIncludeFile.c.o.d -o CMakeFiles/cmTC_29148.dir/CheckIncludeFile.c.o -c /Users/andreasjackchristiansen/Desktop/UNI/P1/P1-Energy-Monitoring/libary/json-c-build/CMakeFiles/CMakeTmp/CheckIncludeFile.c
Linking C executable cmTC_29148
/Applications/CMake.app/Contents/bin/cmake -E cmake_link_script CMakeFiles/cmTC_29148.dir/link.txt --verbose=1
/Library/Developer/CommandLineTools/usr/bin/cc  -isysroot /Library/Developer/CommandLineTools/SDKs/MacOSX13.0.sdk -Wl,-search_paths_first -Wl,-headerpad_max_install_names CMakeFiles/cmTC_29148.dir/CheckIncludeFile.c.o -o cmTC_29148  -lm 



Determining if the include file stdint.h exists passed with the following output:
Change Dir: /Users/andreasjackchristiansen/Desktop/UNI/P1/P1-Energy-Monitoring/libary/json-c-build/CMakeFiles/CMakeTmp

Run Build Command(s):/usr/bin/make -f Makefile cmTC_77407/fast && /Library/Developer/CommandLineTools/usr/bin/make  -f CMakeFiles/cmTC_77407.dir/build.make CMakeFiles/cmTC_77407.dir/build
Building C object CMakeFiles/cmTC_77407.dir/CheckIncludeFile.c.o
/Library/Developer/CommandLineTools/usr/bin/cc -D_GNU_SOURCE  -isysroot /Library/Developer/CommandLineTools/SDKs/MacOSX13.0.sdk -fPIE -MD -MT CMakeFiles/cmTC_77407.dir/CheckIncludeFile.c.o -MF CMakeFiles/cmTC_77407.dir/CheckIncludeFile.c.o.d -o CMakeFiles/cmTC_77407.dir/CheckIncludeFile.c.o -c /Users/andreasjackchristiansen/Desktop/UNI/P1/P1-Energy-Monitoring/libary/json-c-build/CMakeFiles/CMakeTmp/CheckIncludeFile.c
Linking C executable cmTC_77407
/Applications/CMake.app/Contents/bin/cmake -E cmake_link_script CMakeFiles/cmTC_77407.dir/link.txt --verbose=1
/Library/Developer/CommandLineTools/usr/bin/cc  -isysroot /Library/Developer/CommandLineTools/SDKs/MacOSX13.0.sdk -Wl,-search_paths_first -Wl,-headerpad_max_install_names CMakeFiles/cmTC_77407.dir/CheckIncludeFile.c.o -o cmTC_77407  -lm 



Determining if the include file stdlib.h exists passed with the following output:
Change Dir: /Users/andreasjackchristiansen/Desktop/UNI/P1/P1-Energy-Monitoring/libary/json-c-build/CMakeFiles/CMakeTmp

Run Build Command(s):/usr/bin/make -f Makefile cmTC_4e28f/fast && /Library/Developer/CommandLineTools/usr/bin/make  -f CMakeFiles/cmTC_4e28f.dir/build.make CMakeFiles/cmTC_4e28f.dir/build
Building C object CMakeFiles/cmTC_4e28f.dir/CheckIncludeFile.c.o
/Library/Developer/CommandLineTools/usr/bin/cc -D_GNU_SOURCE  -isysroot /Library/Developer/CommandLineTools/SDKs/MacOSX13.0.sdk -fPIE -MD -MT CMakeFiles/cmTC_4e28f.dir/CheckIncludeFile.c.o -MF CMakeFiles/cmTC_4e28f.dir/CheckIncludeFile.c.o.d -o CMakeFiles/cmTC_4e28f.dir/CheckIncludeFile.c.o -c /Users/andreasjackchristiansen/Desktop/UNI/P1/P1-Energy-Monitoring/libary/json-c-build/CMakeFiles/CMakeTmp/CheckIncludeFile.c
Linking C executable cmTC_4e28f
/Applications/CMake.app/Contents/bin/cmake -E cmake_link_script CMakeFiles/cmTC_4e28f.dir/link.txt --verbose=1
/Library/Developer/CommandLineTools/usr/bin/cc  -isysroot /Library/Developer/CommandLineTools/SDKs/MacOSX13.0.sdk -Wl,-search_paths_first -Wl,-headerpad_max_install_names CMakeFiles/cmTC_4e28f.dir/CheckIncludeFile.c.o -o cmTC_4e28f  -lm 



Determining if the include file sys/cdefs.h exists passed with the following output:
Change Dir: /Users/andreasjackchristiansen/Desktop/UNI/P1/P1-Energy-Monitoring/libary/json-c-build/CMakeFiles/CMakeTmp

Run Build Command(s):/usr/bin/make -f Makefile cmTC_5c6c1/fast && /Library/Developer/CommandLineTools/usr/bin/make  -f CMakeFiles/cmTC_5c6c1.dir/build.make CMakeFiles/cmTC_5c6c1.dir/build
Building C object CMakeFiles/cmTC_5c6c1.dir/CheckIncludeFile.c.o
/Library/Developer/CommandLineTools/usr/bin/cc -D_GNU_SOURCE  -isysroot /Library/Developer/CommandLineTools/SDKs/MacOSX13.0.sdk -fPIE -MD -MT CMakeFiles/cmTC_5c6c1.dir/CheckIncludeFile.c.o -MF CMakeFiles/cmTC_5c6c1.dir/CheckIncludeFile.c.o.d -o CMakeFiles/cmTC_5c6c1.dir/CheckIncludeFile.c.o -c /Users/andreasjackchristiansen/Desktop/UNI/P1/P1-Energy-Monitoring/libary/json-c-build/CMakeFiles/CMakeTmp/CheckIncludeFile.c
Linking C executable cmTC_5c6c1
/Applications/CMake.app/Contents/bin/cmake -E cmake_link_script CMakeFiles/cmTC_5c6c1.dir/link.txt --verbose=1
/Library/Developer/CommandLineTools/usr/bin/cc  -isysroot /Library/Developer/CommandLineTools/SDKs/MacOSX13.0.sdk -Wl,-search_paths_first -Wl,-headerpad_max_install_names CMakeFiles/cmTC_5c6c1.dir/CheckIncludeFile.c.o -o cmTC_5c6c1  -lm 



Determining if the include file sys/param.h exists passed with the following output:
Change Dir: /Users/andreasjackchristiansen/Desktop/UNI/P1/P1-Energy-Monitoring/libary/json-c-build/CMakeFiles/CMakeTmp

Run Build Command(s):/usr/bin/make -f Makefile cmTC_ae863/fast && /Library/Developer/CommandLineTools/usr/bin/make  -f CMakeFiles/cmTC_ae863.dir/build.make CMakeFiles/cmTC_ae863.dir/build
Building C object CMakeFiles/cmTC_ae863.dir/CheckIncludeFile.c.o
/Library/Developer/CommandLineTools/usr/bin/cc -D_GNU_SOURCE  -isysroot /Library/Developer/CommandLineTools/SDKs/MacOSX13.0.sdk -fPIE -MD -MT CMakeFiles/cmTC_ae863.dir/CheckIncludeFile.c.o -MF CMakeFiles/cmTC_ae863.dir/CheckIncludeFile.c.o.d -o CMakeFiles/cmTC_ae863.dir/CheckIncludeFile.c.o -c /Users/andreasjackchristiansen/Desktop/UNI/P1/P1-Energy-Monitoring/libary/json-c-build/CMakeFiles/CMakeTmp/CheckIncludeFile.c
Linking C executable cmTC_ae863
/Applications/CMake.app/Contents/bin/cmake -E cmake_link_script CMakeFiles/cmTC_ae863.dir/link.txt --verbose=1
/Library/Developer/CommandLineTools/usr/bin/cc  -isysroot /Library/Developer/CommandLineTools/SDKs/MacOSX13.0.sdk -Wl,-search_paths_first -Wl,-headerpad_max_install_names CMakeFiles/cmTC_ae863.dir/CheckIncludeFile.c.o -o cmTC_ae863  -lm 



Determining if the include file sys/random.h exists passed with the following output:
Change Dir: /Users/andreasjackchristiansen/Desktop/UNI/P1/P1-Energy-Monitoring/libary/json-c-build/CMakeFiles/CMakeTmp

Run Build Command(s):/usr/bin/make -f Makefile cmTC_b883c/fast && /Library/Developer/CommandLineTools/usr/bin/make  -f CMakeFiles/cmTC_b883c.dir/build.make CMakeFiles/cmTC_b883c.dir/build
Building C object CMakeFiles/cmTC_b883c.dir/CheckIncludeFile.c.o
/Library/Developer/CommandLineTools/usr/bin/cc -D_GNU_SOURCE  -isysroot /Library/Developer/CommandLineTools/SDKs/MacOSX13.0.sdk -fPIE -MD -MT CMakeFiles/cmTC_b883c.dir/CheckIncludeFile.c.o -MF CMakeFiles/cmTC_b883c.dir/CheckIncludeFile.c.o.d -o CMakeFiles/cmTC_b883c.dir/CheckIncludeFile.c.o -c /Users/andreasjackchristiansen/Desktop/UNI/P1/P1-Energy-Monitoring/libary/json-c-build/CMakeFiles/CMakeTmp/CheckIncludeFile.c
Linking C executable cmTC_b883c
/Applications/CMake.app/Contents/bin/cmake -E cmake_link_script CMakeFiles/cmTC_b883c.dir/link.txt --verbose=1
/Library/Developer/CommandLineTools/usr/bin/cc  -isysroot /Library/Developer/CommandLineTools/SDKs/MacOSX13.0.sdk -Wl,-search_paths_first -Wl,-headerpad_max_install_names CMakeFiles/cmTC_b883c.dir/CheckIncludeFile.c.o -o cmTC_b883c  -lm 



Determining if the include file sys/stat.h exists passed with the following output:
Change Dir: /Users/andreasjackchristiansen/Desktop/UNI/P1/P1-Energy-Monitoring/libary/json-c-build/CMakeFiles/CMakeTmp

Run Build Command(s):/usr/bin/make -f Makefile cmTC_3fd59/fast && /Library/Developer/CommandLineTools/usr/bin/make  -f CMakeFiles/cmTC_3fd59.dir/build.make CMakeFiles/cmTC_3fd59.dir/build
Building C object CMakeFiles/cmTC_3fd59.dir/CheckIncludeFile.c.o
/Library/Developer/CommandLineTools/usr/bin/cc -D_GNU_SOURCE  -isysroot /Library/Developer/CommandLineTools/SDKs/MacOSX13.0.sdk -fPIE -MD -MT CMakeFiles/cmTC_3fd59.dir/CheckIncludeFile.c.o -MF CMakeFiles/cmTC_3fd59.dir/CheckIncludeFile.c.o.d -o CMakeFiles/cmTC_3fd59.dir/CheckIncludeFile.c.o -c /Users/andreasjackchristiansen/Desktop/UNI/P1/P1-Energy-Monitoring/libary/json-c-build/CMakeFiles/CMakeTmp/CheckIncludeFile.c
Linking C executable cmTC_3fd59
/Applications/CMake.app/Contents/bin/cmake -E cmake_link_script CMakeFiles/cmTC_3fd59.dir/link.txt --verbose=1
/Library/Developer/CommandLineTools/usr/bin/cc  -isysroot /Library/Developer/CommandLineTools/SDKs/MacOSX13.0.sdk -Wl,-search_paths_first -Wl,-headerpad_max_install_names CMakeFiles/cmTC_3fd59.dir/CheckIncludeFile.c.o -o cmTC_3fd59  -lm 



Determining if the include file xlocale.h exists passed with the following output:
Change Dir: /Users/andreasjackchristiansen/Desktop/UNI/P1/P1-Energy-Monitoring/libary/json-c-build/CMakeFiles/CMakeTmp

Run Build Command(s):/usr/bin/make -f Makefile cmTC_47504/fast && /Library/Developer/CommandLineTools/usr/bin/make  -f CMakeFiles/cmTC_47504.dir/build.make CMakeFiles/cmTC_47504.dir/build
Building C object CMakeFiles/cmTC_47504.dir/CheckIncludeFile.c.o
/Library/Developer/CommandLineTools/usr/bin/cc -D_GNU_SOURCE  -isysroot /Library/Developer/CommandLineTools/SDKs/MacOSX13.0.sdk -fPIE -MD -MT CMakeFiles/cmTC_47504.dir/CheckIncludeFile.c.o -MF CMakeFiles/cmTC_47504.dir/CheckIncludeFile.c.o.d -o CMakeFiles/cmTC_47504.dir/CheckIncludeFile.c.o -c /Users/andreasjackchristiansen/Desktop/UNI/P1/P1-Energy-Monitoring/libary/json-c-build/CMakeFiles/CMakeTmp/CheckIncludeFile.c
Linking C executable cmTC_47504
/Applications/CMake.app/Contents/bin/cmake -E cmake_link_script CMakeFiles/cmTC_47504.dir/link.txt --verbose=1
/Library/Developer/CommandLineTools/usr/bin/cc  -isysroot /Library/Developer/CommandLineTools/SDKs/MacOSX13.0.sdk -Wl,-search_paths_first -Wl,-headerpad_max_install_names CMakeFiles/cmTC_47504.dir/CheckIncludeFile.c.o -o cmTC_47504  -lm 



Determining if the INFINITY exist passed with the following output:
Change Dir: /Users/andreasjackchristiansen/Desktop/UNI/P1/P1-Energy-Monitoring/libary/json-c-build/CMakeFiles/CMakeTmp

Run Build Command(s):/usr/bin/make -f Makefile cmTC_27b21/fast && /Library/Developer/CommandLineTools/usr/bin/make  -f CMakeFiles/cmTC_27b21.dir/build.make CMakeFiles/cmTC_27b21.dir/build
Building C object CMakeFiles/cmTC_27b21.dir/CheckSymbolExists.c.o
/Library/Developer/CommandLineTools/usr/bin/cc -D_GNU_SOURCE  -isysroot /Library/Developer/CommandLineTools/SDKs/MacOSX13.0.sdk -fPIE -MD -MT CMakeFiles/cmTC_27b21.dir/CheckSymbolExists.c.o -MF CMakeFiles/cmTC_27b21.dir/CheckSymbolExists.c.o.d -o CMakeFiles/cmTC_27b21.dir/CheckSymbolExists.c.o -c /Users/andreasjackchristiansen/Desktop/UNI/P1/P1-Energy-Monitoring/libary/json-c-build/CMakeFiles/CMakeTmp/CheckSymbolExists.c
Linking C executable cmTC_27b21
/Applications/CMake.app/Contents/bin/cmake -E cmake_link_script CMakeFiles/cmTC_27b21.dir/link.txt --verbose=1
/Library/Developer/CommandLineTools/usr/bin/cc  -isysroot /Library/Developer/CommandLineTools/SDKs/MacOSX13.0.sdk -Wl,-search_paths_first -Wl,-headerpad_max_install_names CMakeFiles/cmTC_27b21.dir/CheckSymbolExists.c.o -o cmTC_27b21  -lm 


File /Users/andreasjackchristiansen/Desktop/UNI/P1/P1-Energy-Monitoring/libary/json-c-build/CMakeFiles/CMakeTmp/CheckSymbolExists.c:
/* */
#include <math.h>

int main(int argc, char** argv)
{
  (void)argv;
#ifndef INFINITY
  return ((int*)(&INFINITY))[argc];
#else
  (void)argc;
  return 0;
#endif
}
Determining if the isinf exist passed with the following output:
Change Dir: /Users/andreasjackchristiansen/Desktop/UNI/P1/P1-Energy-Monitoring/libary/json-c-build/CMakeFiles/CMakeTmp

Run Build Command(s):/usr/bin/make -f Makefile cmTC_398ab/fast && /Library/Developer/CommandLineTools/usr/bin/make  -f CMakeFiles/cmTC_398ab.dir/build.make CMakeFiles/cmTC_398ab.dir/build
Building C object CMakeFiles/cmTC_398ab.dir/CheckSymbolExists.c.o
/Library/Developer/CommandLineTools/usr/bin/cc -D_GNU_SOURCE  -isysroot /Library/Developer/CommandLineTools/SDKs/MacOSX13.0.sdk -fPIE -MD -MT CMakeFiles/cmTC_398ab.dir/CheckSymbolExists.c.o -MF CMakeFiles/cmTC_398ab.dir/CheckSymbolExists.c.o.d -o CMakeFiles/cmTC_398ab.dir/CheckSymbolExists.c.o -c /Users/andreasjackchristiansen/Desktop/UNI/P1/P1-Energy-Monitoring/libary/json-c-build/CMakeFiles/CMakeTmp/CheckSymbolExists.c
Linking C executable cmTC_398ab
/Applications/CMake.app/Contents/bin/cmake -E cmake_link_script CMakeFiles/cmTC_398ab.dir/link.txt --verbose=1
/Library/Developer/CommandLineTools/usr/bin/cc  -isysroot /Library/Developer/CommandLineTools/SDKs/MacOSX13.0.sdk -Wl,-search_paths_first -Wl,-headerpad_max_install_names CMakeFiles/cmTC_398ab.dir/CheckSymbolExists.c.o -o cmTC_398ab  -lm 


File /Users/andreasjackchristiansen/Desktop/UNI/P1/P1-Energy-Monitoring/libary/json-c-build/CMakeFiles/CMakeTmp/CheckSymbolExists.c:
/* */
#include <math.h>

int main(int argc, char** argv)
{
  (void)argv;
#ifndef isinf
  return ((int*)(&isinf))[argc];
#else
  (void)argc;
  return 0;
#endif
}
Determining if the isnan exist passed with the following output:
Change Dir: /Users/andreasjackchristiansen/Desktop/UNI/P1/P1-Energy-Monitoring/libary/json-c-build/CMakeFiles/CMakeTmp

Run Build Command(s):/usr/bin/make -f Makefile cmTC_e3bbc/fast && /Library/Developer/CommandLineTools/usr/bin/make  -f CMakeFiles/cmTC_e3bbc.dir/build.make CMakeFiles/cmTC_e3bbc.dir/build
Building C object CMakeFiles/cmTC_e3bbc.dir/CheckSymbolExists.c.o
/Library/Developer/CommandLineTools/usr/bin/cc -D_GNU_SOURCE  -isysroot /Library/Developer/CommandLineTools/SDKs/MacOSX13.0.sdk -fPIE -MD -MT CMakeFiles/cmTC_e3bbc.dir/CheckSymbolExists.c.o -MF CMakeFiles/cmTC_e3bbc.dir/CheckSymbolExists.c.o.d -o CMakeFiles/cmTC_e3bbc.dir/CheckSymbolExists.c.o -c /Users/andreasjackchristiansen/Desktop/UNI/P1/P1-Energy-Monitoring/libary/json-c-build/CMakeFiles/CMakeTmp/CheckSymbolExists.c
Linking C executable cmTC_e3bbc
/Applications/CMake.app/Contents/bin/cmake -E cmake_link_script CMakeFiles/cmTC_e3bbc.dir/link.txt --verbose=1
/Library/Developer/CommandLineTools/usr/bin/cc  -isysroot /Library/Developer/CommandLineTools/SDKs/MacOSX13.0.sdk -Wl,-search_paths_first -Wl,-headerpad_max_install_names CMakeFiles/cmTC_e3bbc.dir/CheckSymbolExists.c.o -o cmTC_e3bbc  -lm 


File /Users/andreasjackchristiansen/Desktop/UNI/P1/P1-Energy-Monitoring/libary/json-c-build/CMakeFiles/CMakeTmp/CheckSymbolExists.c:
/* */
#include <math.h>

int main(int argc, char** argv)
{
  (void)argv;
#ifndef isnan
  return ((int*)(&isnan))[argc];
#else
  (void)argc;
  return 0;
#endif
}
Determining if the nan exist passed with the following output:
Change Dir: /Users/andreasjackchristiansen/Desktop/UNI/P1/P1-Energy-Monitoring/libary/json-c-build/CMakeFiles/CMakeTmp

Run Build Command(s):/usr/bin/make -f Makefile cmTC_50a3b/fast && /Library/Developer/CommandLineTools/usr/bin/make  -f CMakeFiles/cmTC_50a3b.dir/build.make CMakeFiles/cmTC_50a3b.dir/build
Building C object CMakeFiles/cmTC_50a3b.dir/CheckSymbolExists.c.o
/Library/Developer/CommandLineTools/usr/bin/cc -D_GNU_SOURCE  -isysroot /Library/Developer/CommandLineTools/SDKs/MacOSX13.0.sdk -fPIE -MD -MT CMakeFiles/cmTC_50a3b.dir/CheckSymbolExists.c.o -MF CMakeFiles/cmTC_50a3b.dir/CheckSymbolExists.c.o.d -o CMakeFiles/cmTC_50a3b.dir/CheckSymbolExists.c.o -c /Users/andreasjackchristiansen/Desktop/UNI/P1/P1-Energy-Monitoring/libary/json-c-build/CMakeFiles/CMakeTmp/CheckSymbolExists.c
Linking C executable cmTC_50a3b
/Applications/CMake.app/Contents/bin/cmake -E cmake_link_script CMakeFiles/cmTC_50a3b.dir/link.txt --verbose=1
/Library/Developer/CommandLineTools/usr/bin/cc  -isysroot /Library/Developer/CommandLineTools/SDKs/MacOSX13.0.sdk -Wl,-search_paths_first -Wl,-headerpad_max_install_names CMakeFiles/cmTC_50a3b.dir/CheckSymbolExists.c.o -o cmTC_50a3b  -lm 


File /Users/andreasjackchristiansen/Desktop/UNI/P1/P1-Energy-Monitoring/libary/json-c-build/CMakeFiles/CMakeTmp/CheckSymbolExists.c:
/* */
#include <math.h>

int main(int argc, char** argv)
{
  (void)argv;
#ifndef nan
  return ((int*)(&nan))[argc];
#else
  (void)argc;
  return 0;
#endif
}
Determining if the snprintf exist passed with the following output:
Change Dir: /Users/andreasjackchristiansen/Desktop/UNI/P1/P1-Energy-Monitoring/libary/json-c-build/CMakeFiles/CMakeTmp

Run Build Command(s):/usr/bin/make -f Makefile cmTC_ff2aa/fast && /Library/Developer/CommandLineTools/usr/bin/make  -f CMakeFiles/cmTC_ff2aa.dir/build.make CMakeFiles/cmTC_ff2aa.dir/build
Building C object CMakeFiles/cmTC_ff2aa.dir/CheckSymbolExists.c.o
/Library/Developer/CommandLineTools/usr/bin/cc -D_GNU_SOURCE  -isysroot /Library/Developer/CommandLineTools/SDKs/MacOSX13.0.sdk -fPIE -MD -MT CMakeFiles/cmTC_ff2aa.dir/CheckSymbolExists.c.o -MF CMakeFiles/cmTC_ff2aa.dir/CheckSymbolExists.c.o.d -o CMakeFiles/cmTC_ff2aa.dir/CheckSymbolExists.c.o -c /Users/andreasjackchristiansen/Desktop/UNI/P1/P1-Energy-Monitoring/libary/json-c-build/CMakeFiles/CMakeTmp/CheckSymbolExists.c
Linking C executable cmTC_ff2aa
/Applications/CMake.app/Contents/bin/cmake -E cmake_link_script CMakeFiles/cmTC_ff2aa.dir/link.txt --verbose=1
/Library/Developer/CommandLineTools/usr/bin/cc  -isysroot /Library/Developer/CommandLineTools/SDKs/MacOSX13.0.sdk -Wl,-search_paths_first -Wl,-headerpad_max_install_names CMakeFiles/cmTC_ff2aa.dir/CheckSymbolExists.c.o -o cmTC_ff2aa  -lm 


File /Users/andreasjackchristiansen/Desktop/UNI/P1/P1-Energy-Monitoring/libary/json-c-build/CMakeFiles/CMakeTmp/CheckSymbolExists.c:
/* */
#include <stdio.h>

int main(int argc, char** argv)
{
  (void)argv;
#ifndef snprintf
  return ((int*)(&snprintf))[argc];
#else
  (void)argc;
  return 0;
#endif
}
Determining if the vasprintf exist passed with the following output:
Change Dir: /Users/andreasjackchristiansen/Desktop/UNI/P1/P1-Energy-Monitoring/libary/json-c-build/CMakeFiles/CMakeTmp

Run Build Command(s):/usr/bin/make -f Makefile cmTC_ca80a/fast && /Library/Developer/CommandLineTools/usr/bin/make  -f CMakeFiles/cmTC_ca80a.dir/build.make CMakeFiles/cmTC_ca80a.dir/build
Building C object CMakeFiles/cmTC_ca80a.dir/CheckSymbolExists.c.o
/Library/Developer/CommandLineTools/usr/bin/cc -D_GNU_SOURCE  -isysroot /Library/Developer/CommandLineTools/SDKs/MacOSX13.0.sdk -fPIE -MD -MT CMakeFiles/cmTC_ca80a.dir/CheckSymbolExists.c.o -MF CMakeFiles/cmTC_ca80a.dir/CheckSymbolExists.c.o.d -o CMakeFiles/cmTC_ca80a.dir/CheckSymbolExists.c.o -c /Users/andreasjackchristiansen/Desktop/UNI/P1/P1-Energy-Monitoring/libary/json-c-build/CMakeFiles/CMakeTmp/CheckSymbolExists.c
Linking C executable cmTC_ca80a
/Applications/CMake.app/Contents/bin/cmake -E cmake_link_script CMakeFiles/cmTC_ca80a.dir/link.txt --verbose=1
/Library/Developer/CommandLineTools/usr/bin/cc  -isysroot /Library/Developer/CommandLineTools/SDKs/MacOSX13.0.sdk -Wl,-search_paths_first -Wl,-headerpad_max_install_names CMakeFiles/cmTC_ca80a.dir/CheckSymbolExists.c.o -o cmTC_ca80a  -lm 


File /Users/andreasjackchristiansen/Desktop/UNI/P1/P1-Energy-Monitoring/libary/json-c-build/CMakeFiles/CMakeTmp/CheckSymbolExists.c:
/* */
#include <stdio.h>

int main(int argc, char** argv)
{
  (void)argv;
#ifndef vasprintf
  return ((int*)(&vasprintf))[argc];
#else
  (void)argc;
  return 0;
#endif
}
Determining if the vsnprintf exist passed with the following output:
Change Dir: /Users/andreasjackchristiansen/Desktop/UNI/P1/P1-Energy-Monitoring/libary/json-c-build/CMakeFiles/CMakeTmp

Run Build Command(s):/usr/bin/make -f Makefile cmTC_8f596/fast && /Library/Developer/CommandLineTools/usr/bin/make  -f CMakeFiles/cmTC_8f596.dir/build.make CMakeFiles/cmTC_8f596.dir/build
Building C object CMakeFiles/cmTC_8f596.dir/CheckSymbolExists.c.o
/Library/Developer/CommandLineTools/usr/bin/cc -D_GNU_SOURCE  -isysroot /Library/Developer/CommandLineTools/SDKs/MacOSX13.0.sdk -fPIE -MD -MT CMakeFiles/cmTC_8f596.dir/CheckSymbolExists.c.o -MF CMakeFiles/cmTC_8f596.dir/CheckSymbolExists.c.o.d -o CMakeFiles/cmTC_8f596.dir/CheckSymbolExists.c.o -c /Users/andreasjackchristiansen/Desktop/UNI/P1/P1-Energy-Monitoring/libary/json-c-build/CMakeFiles/CMakeTmp/CheckSymbolExists.c
Linking C executable cmTC_8f596
/Applications/CMake.app/Contents/bin/cmake -E cmake_link_script CMakeFiles/cmTC_8f596.dir/link.txt --verbose=1
/Library/Developer/CommandLineTools/usr/bin/cc  -isysroot /Library/Developer/CommandLineTools/SDKs/MacOSX13.0.sdk -Wl,-search_paths_first -Wl,-headerpad_max_install_names CMakeFiles/cmTC_8f596.dir/CheckSymbolExists.c.o -o cmTC_8f596  -lm 


File /Users/andreasjackchristiansen/Desktop/UNI/P1/P1-Energy-Monitoring/libary/json-c-build/CMakeFiles/CMakeTmp/CheckSymbolExists.c:
/* */
#include <stdio.h>

int main(int argc, char** argv)
{
  (void)argv;
#ifndef vsnprintf
  return ((int*)(&vsnprintf))[argc];
#else
  (void)argc;
  return 0;
#endif
}
Determining if the vprintf exist passed with the following output:
Change Dir: /Users/andreasjackchristiansen/Desktop/UNI/P1/P1-Energy-Monitoring/libary/json-c-build/CMakeFiles/CMakeTmp

Run Build Command(s):/usr/bin/make -f Makefile cmTC_3ef90/fast && /Library/Developer/CommandLineTools/usr/bin/make  -f CMakeFiles/cmTC_3ef90.dir/build.make CMakeFiles/cmTC_3ef90.dir/build
Building C object CMakeFiles/cmTC_3ef90.dir/CheckSymbolExists.c.o
/Library/Developer/CommandLineTools/usr/bin/cc -D_GNU_SOURCE  -isysroot /Library/Developer/CommandLineTools/SDKs/MacOSX13.0.sdk -fPIE -MD -MT CMakeFiles/cmTC_3ef90.dir/CheckSymbolExists.c.o -MF CMakeFiles/cmTC_3ef90.dir/CheckSymbolExists.c.o.d -o CMakeFiles/cmTC_3ef90.dir/CheckSymbolExists.c.o -c /Users/andreasjackchristiansen/Desktop/UNI/P1/P1-Energy-Monitoring/libary/json-c-build/CMakeFiles/CMakeTmp/CheckSymbolExists.c
Linking C executable cmTC_3ef90
/Applications/CMake.app/Contents/bin/cmake -E cmake_link_script CMakeFiles/cmTC_3ef90.dir/link.txt --verbose=1
/Library/Developer/CommandLineTools/usr/bin/cc  -isysroot /Library/Developer/CommandLineTools/SDKs/MacOSX13.0.sdk -Wl,-search_paths_first -Wl,-headerpad_max_install_names CMakeFiles/cmTC_3ef90.dir/CheckSymbolExists.c.o -o cmTC_3ef90  -lm 


File /Users/andreasjackchristiansen/Desktop/UNI/P1/P1-Energy-Monitoring/libary/json-c-build/CMakeFiles/CMakeTmp/CheckSymbolExists.c:
/* */
#include <stdio.h>

int main(int argc, char** argv)
{
  (void)argv;
#ifndef vprintf
  return ((int*)(&vprintf))[argc];
#else
  (void)argc;
  return 0;
#endif
}
Determining if the arc4random exist passed with the following output:
Change Dir: /Users/andreasjackchristiansen/Desktop/UNI/P1/P1-Energy-Monitoring/libary/json-c-build/CMakeFiles/CMakeTmp

Run Build Command(s):/usr/bin/make -f Makefile cmTC_617e2/fast && /Library/Developer/CommandLineTools/usr/bin/make  -f CMakeFiles/cmTC_617e2.dir/build.make CMakeFiles/cmTC_617e2.dir/build
Building C object CMakeFiles/cmTC_617e2.dir/CheckSymbolExists.c.o
/Library/Developer/CommandLineTools/usr/bin/cc -D_GNU_SOURCE  -isysroot /Library/Developer/CommandLineTools/SDKs/MacOSX13.0.sdk -fPIE -MD -MT CMakeFiles/cmTC_617e2.dir/CheckSymbolExists.c.o -MF CMakeFiles/cmTC_617e2.dir/CheckSymbolExists.c.o.d -o CMakeFiles/cmTC_617e2.dir/CheckSymbolExists.c.o -c /Users/andreasjackchristiansen/Desktop/UNI/P1/P1-Energy-Monitoring/libary/json-c-build/CMakeFiles/CMakeTmp/CheckSymbolExists.c
Linking C executable cmTC_617e2
/Applications/CMake.app/Contents/bin/cmake -E cmake_link_script CMakeFiles/cmTC_617e2.dir/link.txt --verbose=1
/Library/Developer/CommandLineTools/usr/bin/cc  -isysroot /Library/Developer/CommandLineTools/SDKs/MacOSX13.0.sdk -Wl,-search_paths_first -Wl,-headerpad_max_install_names CMakeFiles/cmTC_617e2.dir/CheckSymbolExists.c.o -o cmTC_617e2  -lm 


File /Users/andreasjackchristiansen/Desktop/UNI/P1/P1-Energy-Monitoring/libary/json-c-build/CMakeFiles/CMakeTmp/CheckSymbolExists.c:
/* */
#include <stdlib.h>

int main(int argc, char** argv)
{
  (void)argv;
#ifndef arc4random
  return ((int*)(&arc4random))[argc];
#else
  (void)argc;
  return 0;
#endif
}
Determining if the open exist passed with the following output:
Change Dir: /Users/andreasjackchristiansen/Desktop/UNI/P1/P1-Energy-Monitoring/libary/json-c-build/CMakeFiles/CMakeTmp

Run Build Command(s):/usr/bin/make -f Makefile cmTC_bd6fe/fast && /Library/Developer/CommandLineTools/usr/bin/make  -f CMakeFiles/cmTC_bd6fe.dir/build.make CMakeFiles/cmTC_bd6fe.dir/build
Building C object CMakeFiles/cmTC_bd6fe.dir/CheckSymbolExists.c.o
/Library/Developer/CommandLineTools/usr/bin/cc -D_GNU_SOURCE  -isysroot /Library/Developer/CommandLineTools/SDKs/MacOSX13.0.sdk -fPIE -MD -MT CMakeFiles/cmTC_bd6fe.dir/CheckSymbolExists.c.o -MF CMakeFiles/cmTC_bd6fe.dir/CheckSymbolExists.c.o.d -o CMakeFiles/cmTC_bd6fe.dir/CheckSymbolExists.c.o -c /Users/andreasjackchristiansen/Desktop/UNI/P1/P1-Energy-Monitoring/libary/json-c-build/CMakeFiles/CMakeTmp/CheckSymbolExists.c
Linking C executable cmTC_bd6fe
/Applications/CMake.app/Contents/bin/cmake -E cmake_link_script CMakeFiles/cmTC_bd6fe.dir/link.txt --verbose=1
/Library/Developer/CommandLineTools/usr/bin/cc  -isysroot /Library/Developer/CommandLineTools/SDKs/MacOSX13.0.sdk -Wl,-search_paths_first -Wl,-headerpad_max_install_names CMakeFiles/cmTC_bd6fe.dir/CheckSymbolExists.c.o -o cmTC_bd6fe  -lm 


File /Users/andreasjackchristiansen/Desktop/UNI/P1/P1-Energy-Monitoring/libary/json-c-build/CMakeFiles/CMakeTmp/CheckSymbolExists.c:
/* */
#include <fcntl.h>

int main(int argc, char** argv)
{
  (void)argv;
#ifndef open
  return ((int*)(&open))[argc];
#else
  (void)argc;
  return 0;
#endif
}
Determining if the realloc exist passed with the following output:
Change Dir: /Users/andreasjackchristiansen/Desktop/UNI/P1/P1-Energy-Monitoring/libary/json-c-build/CMakeFiles/CMakeTmp

Run Build Command(s):/usr/bin/make -f Makefile cmTC_04f2a/fast && /Library/Developer/CommandLineTools/usr/bin/make  -f CMakeFiles/cmTC_04f2a.dir/build.make CMakeFiles/cmTC_04f2a.dir/build
Building C object CMakeFiles/cmTC_04f2a.dir/CheckSymbolExists.c.o
/Library/Developer/CommandLineTools/usr/bin/cc -D_GNU_SOURCE  -isysroot /Library/Developer/CommandLineTools/SDKs/MacOSX13.0.sdk -fPIE -MD -MT CMakeFiles/cmTC_04f2a.dir/CheckSymbolExists.c.o -MF CMakeFiles/cmTC_04f2a.dir/CheckSymbolExists.c.o.d -o CMakeFiles/cmTC_04f2a.dir/CheckSymbolExists.c.o -c /Users/andreasjackchristiansen/Desktop/UNI/P1/P1-Energy-Monitoring/libary/json-c-build/CMakeFiles/CMakeTmp/CheckSymbolExists.c
Linking C executable cmTC_04f2a
/Applications/CMake.app/Contents/bin/cmake -E cmake_link_script CMakeFiles/cmTC_04f2a.dir/link.txt --verbose=1
/Library/Developer/CommandLineTools/usr/bin/cc  -isysroot /Library/Developer/CommandLineTools/SDKs/MacOSX13.0.sdk -Wl,-search_paths_first -Wl,-headerpad_max_install_names CMakeFiles/cmTC_04f2a.dir/CheckSymbolExists.c.o -o cmTC_04f2a  -lm 


File /Users/andreasjackchristiansen/Desktop/UNI/P1/P1-Energy-Monitoring/libary/json-c-build/CMakeFiles/CMakeTmp/CheckSymbolExists.c:
/* */
#include <stdlib.h>

int main(int argc, char** argv)
{
  (void)argv;
#ifndef realloc
  return ((int*)(&realloc))[argc];
#else
  (void)argc;
  return 0;
#endif
}
Determining if the setlocale exist passed with the following output:
Change Dir: /Users/andreasjackchristiansen/Desktop/UNI/P1/P1-Energy-Monitoring/libary/json-c-build/CMakeFiles/CMakeTmp

Run Build Command(s):/usr/bin/make -f Makefile cmTC_7c9b7/fast && /Library/Developer/CommandLineTools/usr/bin/make  -f CMakeFiles/cmTC_7c9b7.dir/build.make CMakeFiles/cmTC_7c9b7.dir/build
Building C object CMakeFiles/cmTC_7c9b7.dir/CheckSymbolExists.c.o
/Library/Developer/CommandLineTools/usr/bin/cc -D_GNU_SOURCE  -isysroot /Library/Developer/CommandLineTools/SDKs/MacOSX13.0.sdk -fPIE -MD -MT CMakeFiles/cmTC_7c9b7.dir/CheckSymbolExists.c.o -MF CMakeFiles/cmTC_7c9b7.dir/CheckSymbolExists.c.o.d -o CMakeFiles/cmTC_7c9b7.dir/CheckSymbolExists.c.o -c /Users/andreasjackchristiansen/Desktop/UNI/P1/P1-Energy-Monitoring/libary/json-c-build/CMakeFiles/CMakeTmp/CheckSymbolExists.c
Linking C executable cmTC_7c9b7
/Applications/CMake.app/Contents/bin/cmake -E cmake_link_script CMakeFiles/cmTC_7c9b7.dir/link.txt --verbose=1
/Library/Developer/CommandLineTools/usr/bin/cc  -isysroot /Library/Developer/CommandLineTools/SDKs/MacOSX13.0.sdk -Wl,-search_paths_first -Wl,-headerpad_max_install_names CMakeFiles/cmTC_7c9b7.dir/CheckSymbolExists.c.o -o cmTC_7c9b7  -lm 


File /Users/andreasjackchristiansen/Desktop/UNI/P1/P1-Energy-Monitoring/libary/json-c-build/CMakeFiles/CMakeTmp/CheckSymbolExists.c:
/* */
#include <locale.h>

int main(int argc, char** argv)
{
  (void)argv;
#ifndef setlocale
  return ((int*)(&setlocale))[argc];
#else
  (void)argc;
  return 0;
#endif
}
Determining if the strcasecmp exist passed with the following output:
Change Dir: /Users/andreasjackchristiansen/Desktop/UNI/P1/P1-Energy-Monitoring/libary/json-c-build/CMakeFiles/CMakeTmp

Run Build Command(s):/usr/bin/make -f Makefile cmTC_3afc2/fast && /Library/Developer/CommandLineTools/usr/bin/make  -f CMakeFiles/cmTC_3afc2.dir/build.make CMakeFiles/cmTC_3afc2.dir/build
Building C object CMakeFiles/cmTC_3afc2.dir/CheckSymbolExists.c.o
/Library/Developer/CommandLineTools/usr/bin/cc -D_GNU_SOURCE  -isysroot /Library/Developer/CommandLineTools/SDKs/MacOSX13.0.sdk -fPIE -MD -MT CMakeFiles/cmTC_3afc2.dir/CheckSymbolExists.c.o -MF CMakeFiles/cmTC_3afc2.dir/CheckSymbolExists.c.o.d -o CMakeFiles/cmTC_3afc2.dir/CheckSymbolExists.c.o -c /Users/andreasjackchristiansen/Desktop/UNI/P1/P1-Energy-Monitoring/libary/json-c-build/CMakeFiles/CMakeTmp/CheckSymbolExists.c
Linking C executable cmTC_3afc2
/Applications/CMake.app/Contents/bin/cmake -E cmake_link_script CMakeFiles/cmTC_3afc2.dir/link.txt --verbose=1
/Library/Developer/CommandLineTools/usr/bin/cc  -isysroot /Library/Developer/CommandLineTools/SDKs/MacOSX13.0.sdk -Wl,-search_paths_first -Wl,-headerpad_max_install_names CMakeFiles/cmTC_3afc2.dir/CheckSymbolExists.c.o -o cmTC_3afc2  -lm 


File /Users/andreasjackchristiansen/Desktop/UNI/P1/P1-Energy-Monitoring/libary/json-c-build/CMakeFiles/CMakeTmp/CheckSymbolExists.c:
/* */
#include <strings.h>

int main(int argc, char** argv)
{
  (void)argv;
#ifndef strcasecmp
  return ((int*)(&strcasecmp))[argc];
#else
  (void)argc;
  return 0;
#endif
}
Determining if the strncasecmp exist passed with the following output:
Change Dir: /Users/andreasjackchristiansen/Desktop/UNI/P1/P1-Energy-Monitoring/libary/json-c-build/CMakeFiles/CMakeTmp

Run Build Command(s):/usr/bin/make -f Makefile cmTC_e2a74/fast && /Library/Developer/CommandLineTools/usr/bin/make  -f CMakeFiles/cmTC_e2a74.dir/build.make CMakeFiles/cmTC_e2a74.dir/build
Building C object CMakeFiles/cmTC_e2a74.dir/CheckSymbolExists.c.o
/Library/Developer/CommandLineTools/usr/bin/cc -D_GNU_SOURCE  -isysroot /Library/Developer/CommandLineTools/SDKs/MacOSX13.0.sdk -fPIE -MD -MT CMakeFiles/cmTC_e2a74.dir/CheckSymbolExists.c.o -MF CMakeFiles/cmTC_e2a74.dir/CheckSymbolExists.c.o.d -o CMakeFiles/cmTC_e2a74.dir/CheckSymbolExists.c.o -c /Users/andreasjackchristiansen/Desktop/UNI/P1/P1-Energy-Monitoring/libary/json-c-build/CMakeFiles/CMakeTmp/CheckSymbolExists.c
Linking C executable cmTC_e2a74
/Applications/CMake.app/Contents/bin/cmake -E cmake_link_script CMakeFiles/cmTC_e2a74.dir/link.txt --verbose=1
/Library/Developer/CommandLineTools/usr/bin/cc  -isysroot /Library/Developer/CommandLineTools/SDKs/MacOSX13.0.sdk -Wl,-search_paths_first -Wl,-headerpad_max_install_names CMakeFiles/cmTC_e2a74.dir/CheckSymbolExists.c.o -o cmTC_e2a74  -lm 


File /Users/andreasjackchristiansen/Desktop/UNI/P1/P1-Energy-Monitoring/libary/json-c-build/CMakeFiles/CMakeTmp/CheckSymbolExists.c:
/* */
#include <strings.h>

int main(int argc, char** argv)
{
  (void)argv;
#ifndef strncasecmp
  return ((int*)(&strncasecmp))[argc];
#else
  (void)argc;
  return 0;
#endif
}
Determining if the strdup exist passed with the following output:
Change Dir: /Users/andreasjackchristiansen/Desktop/UNI/P1/P1-Energy-Monitoring/libary/json-c-build/CMakeFiles/CMakeTmp

Run Build Command(s):/usr/bin/make -f Makefile cmTC_418b8/fast && /Library/Developer/CommandLineTools/usr/bin/make  -f CMakeFiles/cmTC_418b8.dir/build.make CMakeFiles/cmTC_418b8.dir/build
Building C object CMakeFiles/cmTC_418b8.dir/CheckSymbolExists.c.o
/Library/Developer/CommandLineTools/usr/bin/cc -D_GNU_SOURCE  -isysroot /Library/Developer/CommandLineTools/SDKs/MacOSX13.0.sdk -fPIE -MD -MT CMakeFiles/cmTC_418b8.dir/CheckSymbolExists.c.o -MF CMakeFiles/cmTC_418b8.dir/CheckSymbolExists.c.o.d -o CMakeFiles/cmTC_418b8.dir/CheckSymbolExists.c.o -c /Users/andreasjackchristiansen/Desktop/UNI/P1/P1-Energy-Monitoring/libary/json-c-build/CMakeFiles/CMakeTmp/CheckSymbolExists.c
Linking C executable cmTC_418b8
/Applications/CMake.app/Contents/bin/cmake -E cmake_link_script CMakeFiles/cmTC_418b8.dir/link.txt --verbose=1
/Library/Developer/CommandLineTools/usr/bin/cc  -isysroot /Library/Developer/CommandLineTools/SDKs/MacOSX13.0.sdk -Wl,-search_paths_first -Wl,-headerpad_max_install_names CMakeFiles/cmTC_418b8.dir/CheckSymbolExists.c.o -o cmTC_418b8  -lm 


File /Users/andreasjackchristiansen/Desktop/UNI/P1/P1-Energy-Monitoring/libary/json-c-build/CMakeFiles/CMakeTmp/CheckSymbolExists.c:
/* */
#include <string.h>

int main(int argc, char** argv)
{
  (void)argv;
#ifndef strdup
  return ((int*)(&strdup))[argc];
#else
  (void)argc;
  return 0;
#endif
}
Determining if the strerror exist passed with the following output:
Change Dir: /Users/andreasjackchristiansen/Desktop/UNI/P1/P1-Energy-Monitoring/libary/json-c-build/CMakeFiles/CMakeTmp

Run Build Command(s):/usr/bin/make -f Makefile cmTC_a21e4/fast && /Library/Developer/CommandLineTools/usr/bin/make  -f CMakeFiles/cmTC_a21e4.dir/build.make CMakeFiles/cmTC_a21e4.dir/build
Building C object CMakeFiles/cmTC_a21e4.dir/CheckSymbolExists.c.o
/Library/Developer/CommandLineTools/usr/bin/cc -D_GNU_SOURCE  -isysroot /Library/Developer/CommandLineTools/SDKs/MacOSX13.0.sdk -fPIE -MD -MT CMakeFiles/cmTC_a21e4.dir/CheckSymbolExists.c.o -MF CMakeFiles/cmTC_a21e4.dir/CheckSymbolExists.c.o.d -o CMakeFiles/cmTC_a21e4.dir/CheckSymbolExists.c.o -c /Users/andreasjackchristiansen/Desktop/UNI/P1/P1-Energy-Monitoring/libary/json-c-build/CMakeFiles/CMakeTmp/CheckSymbolExists.c
Linking C executable cmTC_a21e4
/Applications/CMake.app/Contents/bin/cmake -E cmake_link_script CMakeFiles/cmTC_a21e4.dir/link.txt --verbose=1
/Library/Developer/CommandLineTools/usr/bin/cc  -isysroot /Library/Developer/CommandLineTools/SDKs/MacOSX13.0.sdk -Wl,-search_paths_first -Wl,-headerpad_max_install_names CMakeFiles/cmTC_a21e4.dir/CheckSymbolExists.c.o -o cmTC_a21e4  -lm 


File /Users/andreasjackchristiansen/Desktop/UNI/P1/P1-Energy-Monitoring/libary/json-c-build/CMakeFiles/CMakeTmp/CheckSymbolExists.c:
/* */
#include <string.h>

int main(int argc, char** argv)
{
  (void)argv;
#ifndef strerror
  return ((int*)(&strerror))[argc];
#else
  (void)argc;
  return 0;
#endif
}
Determining if the vsyslog exist passed with the following output:
Change Dir: /Users/andreasjackchristiansen/Desktop/UNI/P1/P1-Energy-Monitoring/libary/json-c-build/CMakeFiles/CMakeTmp

Run Build Command(s):/usr/bin/make -f Makefile cmTC_90de4/fast && /Library/Developer/CommandLineTools/usr/bin/make  -f CMakeFiles/cmTC_90de4.dir/build.make CMakeFiles/cmTC_90de4.dir/build
Building C object CMakeFiles/cmTC_90de4.dir/CheckSymbolExists.c.o
/Library/Developer/CommandLineTools/usr/bin/cc -D_GNU_SOURCE  -isysroot /Library/Developer/CommandLineTools/SDKs/MacOSX13.0.sdk -fPIE -MD -MT CMakeFiles/cmTC_90de4.dir/CheckSymbolExists.c.o -MF CMakeFiles/cmTC_90de4.dir/CheckSymbolExists.c.o.d -o CMakeFiles/cmTC_90de4.dir/CheckSymbolExists.c.o -c /Users/andreasjackchristiansen/Desktop/UNI/P1/P1-Energy-Monitoring/libary/json-c-build/CMakeFiles/CMakeTmp/CheckSymbolExists.c
Linking C executable cmTC_90de4
/Applications/CMake.app/Contents/bin/cmake -E cmake_link_script CMakeFiles/cmTC_90de4.dir/link.txt --verbose=1
/Library/Developer/CommandLineTools/usr/bin/cc  -isysroot /Library/Developer/CommandLineTools/SDKs/MacOSX13.0.sdk -Wl,-search_paths_first -Wl,-headerpad_max_install_names CMakeFiles/cmTC_90de4.dir/CheckSymbolExists.c.o -o cmTC_90de4  -lm 


File /Users/andreasjackchristiansen/Desktop/UNI/P1/P1-Energy-Monitoring/libary/json-c-build/CMakeFiles/CMakeTmp/CheckSymbolExists.c:
/* */
#include <syslog.h>

int main(int argc, char** argv)
{
  (void)argv;
#ifndef vsyslog
  return ((int*)(&vsyslog))[argc];
#else
  (void)argc;
  return 0;
#endif
}
Determining if the getrusage exist passed with the following output:
Change Dir: /Users/andreasjackchristiansen/Desktop/UNI/P1/P1-Energy-Monitoring/libary/json-c-build/CMakeFiles/CMakeTmp

Run Build Command(s):/usr/bin/make -f Makefile cmTC_45e6a/fast && /Library/Developer/CommandLineTools/usr/bin/make  -f CMakeFiles/cmTC_45e6a.dir/build.make CMakeFiles/cmTC_45e6a.dir/build
Building C object CMakeFiles/cmTC_45e6a.dir/CheckSymbolExists.c.o
/Library/Developer/CommandLineTools/usr/bin/cc -D_GNU_SOURCE  -isysroot /Library/Developer/CommandLineTools/SDKs/MacOSX13.0.sdk -fPIE -MD -MT CMakeFiles/cmTC_45e6a.dir/CheckSymbolExists.c.o -MF CMakeFiles/cmTC_45e6a.dir/CheckSymbolExists.c.o.d -o CMakeFiles/cmTC_45e6a.dir/CheckSymbolExists.c.o -c /Users/andreasjackchristiansen/Desktop/UNI/P1/P1-Energy-Monitoring/libary/json-c-build/CMakeFiles/CMakeTmp/CheckSymbolExists.c
Linking C executable cmTC_45e6a
/Applications/CMake.app/Contents/bin/cmake -E cmake_link_script CMakeFiles/cmTC_45e6a.dir/link.txt --verbose=1
/Library/Developer/CommandLineTools/usr/bin/cc  -isysroot /Library/Developer/CommandLineTools/SDKs/MacOSX13.0.sdk -Wl,-search_paths_first -Wl,-headerpad_max_install_names CMakeFiles/cmTC_45e6a.dir/CheckSymbolExists.c.o -o cmTC_45e6a  -lm 


File /Users/andreasjackchristiansen/Desktop/UNI/P1/P1-Energy-Monitoring/libary/json-c-build/CMakeFiles/CMakeTmp/CheckSymbolExists.c:
/* */
#include <sys/resource.h>

int main(int argc, char** argv)
{
  (void)argv;
#ifndef getrusage
  return ((int*)(&getrusage))[argc];
#else
  (void)argc;
  return 0;
#endif
}
Determining if the strtoll exist passed with the following output:
Change Dir: /Users/andreasjackchristiansen/Desktop/UNI/P1/P1-Energy-Monitoring/libary/json-c-build/CMakeFiles/CMakeTmp

Run Build Command(s):/usr/bin/make -f Makefile cmTC_086d9/fast && /Library/Developer/CommandLineTools/usr/bin/make  -f CMakeFiles/cmTC_086d9.dir/build.make CMakeFiles/cmTC_086d9.dir/build
Building C object CMakeFiles/cmTC_086d9.dir/CheckSymbolExists.c.o
/Library/Developer/CommandLineTools/usr/bin/cc -D_GNU_SOURCE  -isysroot /Library/Developer/CommandLineTools/SDKs/MacOSX13.0.sdk -fPIE -MD -MT CMakeFiles/cmTC_086d9.dir/CheckSymbolExists.c.o -MF CMakeFiles/cmTC_086d9.dir/CheckSymbolExists.c.o.d -o CMakeFiles/cmTC_086d9.dir/CheckSymbolExists.c.o -c /Users/andreasjackchristiansen/Desktop/UNI/P1/P1-Energy-Monitoring/libary/json-c-build/CMakeFiles/CMakeTmp/CheckSymbolExists.c
Linking C executable cmTC_086d9
/Applications/CMake.app/Contents/bin/cmake -E cmake_link_script CMakeFiles/cmTC_086d9.dir/link.txt --verbose=1
/Library/Developer/CommandLineTools/usr/bin/cc  -isysroot /Library/Developer/CommandLineTools/SDKs/MacOSX13.0.sdk -Wl,-search_paths_first -Wl,-headerpad_max_install_names CMakeFiles/cmTC_086d9.dir/CheckSymbolExists.c.o -o cmTC_086d9  -lm 


File /Users/andreasjackchristiansen/Desktop/UNI/P1/P1-Energy-Monitoring/libary/json-c-build/CMakeFiles/CMakeTmp/CheckSymbolExists.c:
/* */
#include <stdlib.h>

int main(int argc, char** argv)
{
  (void)argv;
#ifndef strtoll
  return ((int*)(&strtoll))[argc];
#else
  (void)argc;
  return 0;
#endif
}
Determining if the strtoull exist passed with the following output:
Change Dir: /Users/andreasjackchristiansen/Desktop/UNI/P1/P1-Energy-Monitoring/libary/json-c-build/CMakeFiles/CMakeTmp

Run Build Command(s):/usr/bin/make -f Makefile cmTC_4c497/fast && /Library/Developer/CommandLineTools/usr/bin/make  -f CMakeFiles/cmTC_4c497.dir/build.make CMakeFiles/cmTC_4c497.dir/build
Building C object CMakeFiles/cmTC_4c497.dir/CheckSymbolExists.c.o
/Library/Developer/CommandLineTools/usr/bin/cc -D_GNU_SOURCE  -isysroot /Library/Developer/CommandLineTools/SDKs/MacOSX13.0.sdk -fPIE -MD -MT CMakeFiles/cmTC_4c497.dir/CheckSymbolExists.c.o -MF CMakeFiles/cmTC_4c497.dir/CheckSymbolExists.c.o.d -o CMakeFiles/cmTC_4c497.dir/CheckSymbolExists.c.o -c /Users/andreasjackchristiansen/Desktop/UNI/P1/P1-Energy-Monitoring/libary/json-c-build/CMakeFiles/CMakeTmp/CheckSymbolExists.c
Linking C executable cmTC_4c497
/Applications/CMake.app/Contents/bin/cmake -E cmake_link_script CMakeFiles/cmTC_4c497.dir/link.txt --verbose=1
/Library/Developer/CommandLineTools/usr/bin/cc  -isysroot /Library/Developer/CommandLineTools/SDKs/MacOSX13.0.sdk -Wl,-search_paths_first -Wl,-headerpad_max_install_names CMakeFiles/cmTC_4c497.dir/CheckSymbolExists.c.o -o cmTC_4c497  -lm 


File /Users/andreasjackchristiansen/Desktop/UNI/P1/P1-Energy-Monitoring/libary/json-c-build/CMakeFiles/CMakeTmp/CheckSymbolExists.c:
/* */
#include <stdlib.h>

int main(int argc, char** argv)
{
  (void)argv;
#ifndef strtoull
  return ((int*)(&strtoull))[argc];
#else
  (void)argc;
  return 0;
#endif
}
Determining if the include file stddef.h exists passed with the following output:
Change Dir: /Users/andreasjackchristiansen/Desktop/UNI/P1/P1-Energy-Monitoring/libary/json-c-build/CMakeFiles/CMakeTmp

Run Build Command(s):/usr/bin/make -f Makefile cmTC_1c408/fast && /Library/Developer/CommandLineTools/usr/bin/make  -f CMakeFiles/cmTC_1c408.dir/build.make CMakeFiles/cmTC_1c408.dir/build
Building C object CMakeFiles/cmTC_1c408.dir/CheckIncludeFile.c.o
/Library/Developer/CommandLineTools/usr/bin/cc -D_GNU_SOURCE  -isysroot /Library/Developer/CommandLineTools/SDKs/MacOSX13.0.sdk -fPIE -MD -MT CMakeFiles/cmTC_1c408.dir/CheckIncludeFile.c.o -MF CMakeFiles/cmTC_1c408.dir/CheckIncludeFile.c.o.d -o CMakeFiles/cmTC_1c408.dir/CheckIncludeFile.c.o -c /Users/andreasjackchristiansen/Desktop/UNI/P1/P1-Energy-Monitoring/libary/json-c-build/CMakeFiles/CMakeTmp/CheckIncludeFile.c
Linking C executable cmTC_1c408
/Applications/CMake.app/Contents/bin/cmake -E cmake_link_script CMakeFiles/cmTC_1c408.dir/link.txt --verbose=1
/Library/Developer/CommandLineTools/usr/bin/cc  -isysroot /Library/Developer/CommandLineTools/SDKs/MacOSX13.0.sdk -Wl,-search_paths_first -Wl,-headerpad_max_install_names CMakeFiles/cmTC_1c408.dir/CheckIncludeFile.c.o -o cmTC_1c408  -lm 



Determining size of int passed with the following output:
Change Dir: /Users/andreasjackchristiansen/Desktop/UNI/P1/P1-Energy-Monitoring/libary/json-c-build/CMakeFiles/CMakeTmp

Run Build Command(s):/usr/bin/make -f Makefile cmTC_be7d8/fast && /Library/Developer/CommandLineTools/usr/bin/make  -f CMakeFiles/cmTC_be7d8.dir/build.make CMakeFiles/cmTC_be7d8.dir/build
Building C object CMakeFiles/cmTC_be7d8.dir/SIZEOF_INT.c.o
/Library/Developer/CommandLineTools/usr/bin/cc -D_GNU_SOURCE  -isysroot /Library/Developer/CommandLineTools/SDKs/MacOSX13.0.sdk -fPIE -MD -MT CMakeFiles/cmTC_be7d8.dir/SIZEOF_INT.c.o -MF CMakeFiles/cmTC_be7d8.dir/SIZEOF_INT.c.o.d -o CMakeFiles/cmTC_be7d8.dir/SIZEOF_INT.c.o -c /Users/andreasjackchristiansen/Desktop/UNI/P1/P1-Energy-Monitoring/libary/json-c-build/CMakeFiles/CheckTypeSize/SIZEOF_INT.c
Linking C executable cmTC_be7d8
/Applications/CMake.app/Contents/bin/cmake -E cmake_link_script CMakeFiles/cmTC_be7d8.dir/link.txt --verbose=1
/Library/Developer/CommandLineTools/usr/bin/cc  -isysroot /Library/Developer/CommandLineTools/SDKs/MacOSX13.0.sdk -Wl,-search_paths_first -Wl,-headerpad_max_install_names CMakeFiles/cmTC_be7d8.dir/SIZEOF_INT.c.o -o cmTC_be7d8  -lm 



Determining size of int64_t passed with the following output:
Change Dir: /Users/andreasjackchristiansen/Desktop/UNI/P1/P1-Energy-Monitoring/libary/json-c-build/CMakeFiles/CMakeTmp

Run Build Command(s):/usr/bin/make -f Makefile cmTC_e2208/fast && /Library/Developer/CommandLineTools/usr/bin/make  -f CMakeFiles/cmTC_e2208.dir/build.make CMakeFiles/cmTC_e2208.dir/build
Building C object CMakeFiles/cmTC_e2208.dir/SIZEOF_INT64_T.c.o
/Library/Developer/CommandLineTools/usr/bin/cc -D_GNU_SOURCE  -isysroot /Library/Developer/CommandLineTools/SDKs/MacOSX13.0.sdk -fPIE -MD -MT CMakeFiles/cmTC_e2208.dir/SIZEOF_INT64_T.c.o -MF CMakeFiles/cmTC_e2208.dir/SIZEOF_INT64_T.c.o.d -o CMakeFiles/cmTC_e2208.dir/SIZEOF_INT64_T.c.o -c /Users/andreasjackchristiansen/Desktop/UNI/P1/P1-Energy-Monitoring/libary/json-c-build/CMakeFiles/CheckTypeSize/SIZEOF_INT64_T.c
Linking C executable cmTC_e2208
/Applications/CMake.app/Contents/bin/cmake -E cmake_link_script CMakeFiles/cmTC_e2208.dir/link.txt --verbose=1
/Library/Developer/CommandLineTools/usr/bin/cc  -isysroot /Library/Developer/CommandLineTools/SDKs/MacOSX13.0.sdk -Wl,-search_paths_first -Wl,-headerpad_max_install_names CMakeFiles/cmTC_e2208.dir/SIZEOF_INT64_T.c.o -o cmTC_e2208  -lm 



Determining size of long passed with the following output:
Change Dir: /Users/andreasjackchristiansen/Desktop/UNI/P1/P1-Energy-Monitoring/libary/json-c-build/CMakeFiles/CMakeTmp

Run Build Command(s):/usr/bin/make -f Makefile cmTC_874e4/fast && /Library/Developer/CommandLineTools/usr/bin/make  -f CMakeFiles/cmTC_874e4.dir/build.make CMakeFiles/cmTC_874e4.dir/build
Building C object CMakeFiles/cmTC_874e4.dir/SIZEOF_LONG.c.o
/Library/Developer/CommandLineTools/usr/bin/cc -D_GNU_SOURCE  -isysroot /Library/Developer/CommandLineTools/SDKs/MacOSX13.0.sdk -fPIE -MD -MT CMakeFiles/cmTC_874e4.dir/SIZEOF_LONG.c.o -MF CMakeFiles/cmTC_874e4.dir/SIZEOF_LONG.c.o.d -o CMakeFiles/cmTC_874e4.dir/SIZEOF_LONG.c.o -c /Users/andreasjackchristiansen/Desktop/UNI/P1/P1-Energy-Monitoring/libary/json-c-build/CMakeFiles/CheckTypeSize/SIZEOF_LONG.c
Linking C executable cmTC_874e4
/Applications/CMake.app/Contents/bin/cmake -E cmake_link_script CMakeFiles/cmTC_874e4.dir/link.txt --verbose=1
/Library/Developer/CommandLineTools/usr/bin/cc  -isysroot /Library/Developer/CommandLineTools/SDKs/MacOSX13.0.sdk -Wl,-search_paths_first -Wl,-headerpad_max_install_names CMakeFiles/cmTC_874e4.dir/SIZEOF_LONG.c.o -o cmTC_874e4  -lm 



Determining size of long long passed with the following output:
Change Dir: /Users/andreasjackchristiansen/Desktop/UNI/P1/P1-Energy-Monitoring/libary/json-c-build/CMakeFiles/CMakeTmp

Run Build Command(s):/usr/bin/make -f Makefile cmTC_36bee/fast && /Library/Developer/CommandLineTools/usr/bin/make  -f CMakeFiles/cmTC_36bee.dir/build.make CMakeFiles/cmTC_36bee.dir/build
Building C object CMakeFiles/cmTC_36bee.dir/SIZEOF_LONG_LONG.c.o
/Library/Developer/CommandLineTools/usr/bin/cc -D_GNU_SOURCE  -isysroot /Library/Developer/CommandLineTools/SDKs/MacOSX13.0.sdk -fPIE -MD -MT CMakeFiles/cmTC_36bee.dir/SIZEOF_LONG_LONG.c.o -MF CMakeFiles/cmTC_36bee.dir/SIZEOF_LONG_LONG.c.o.d -o CMakeFiles/cmTC_36bee.dir/SIZEOF_LONG_LONG.c.o -c /Users/andreasjackchristiansen/Desktop/UNI/P1/P1-Energy-Monitoring/libary/json-c-build/CMakeFiles/CheckTypeSize/SIZEOF_LONG_LONG.c
Linking C executable cmTC_36bee
/Applications/CMake.app/Contents/bin/cmake -E cmake_link_script CMakeFiles/cmTC_36bee.dir/link.txt --verbose=1
/Library/Developer/CommandLineTools/usr/bin/cc  -isysroot /Library/Developer/CommandLineTools/SDKs/MacOSX13.0.sdk -Wl,-search_paths_first -Wl,-headerpad_max_install_names CMakeFiles/cmTC_36bee.dir/SIZEOF_LONG_LONG.c.o -o cmTC_36bee  -lm 



Determining size of size_t passed with the following output:
Change Dir: /Users/andreasjackchristiansen/Desktop/UNI/P1/P1-Energy-Monitoring/libary/json-c-build/CMakeFiles/CMakeTmp

Run Build Command(s):/usr/bin/make -f Makefile cmTC_623f6/fast && /Library/Developer/CommandLineTools/usr/bin/make  -f CMakeFiles/cmTC_623f6.dir/build.make CMakeFiles/cmTC_623f6.dir/build
Building C object CMakeFiles/cmTC_623f6.dir/SIZEOF_SIZE_T.c.o
/Library/Developer/CommandLineTools/usr/bin/cc -D_GNU_SOURCE  -isysroot /Library/Developer/CommandLineTools/SDKs/MacOSX13.0.sdk -fPIE -MD -MT CMakeFiles/cmTC_623f6.dir/SIZEOF_SIZE_T.c.o -MF CMakeFiles/cmTC_623f6.dir/SIZEOF_SIZE_T.c.o.d -o CMakeFiles/cmTC_623f6.dir/SIZEOF_SIZE_T.c.o -c /Users/andreasjackchristiansen/Desktop/UNI/P1/P1-Energy-Monitoring/libary/json-c-build/CMakeFiles/CheckTypeSize/SIZEOF_SIZE_T.c
Linking C executable cmTC_623f6
/Applications/CMake.app/Contents/bin/cmake -E cmake_link_script CMakeFiles/cmTC_623f6.dir/link.txt --verbose=1
/Library/Developer/CommandLineTools/usr/bin/cc  -isysroot /Library/Developer/CommandLineTools/SDKs/MacOSX13.0.sdk -Wl,-search_paths_first -Wl,-headerpad_max_install_names CMakeFiles/cmTC_623f6.dir/SIZEOF_SIZE_T.c.o -o cmTC_623f6  -lm 



Determining size of ssize_t passed with the following output:
Change Dir: /Users/andreasjackchristiansen/Desktop/UNI/P1/P1-Energy-Monitoring/libary/json-c-build/CMakeFiles/CMakeTmp

Run Build Command(s):/usr/bin/make -f Makefile cmTC_d5a33/fast && /Library/Developer/CommandLineTools/usr/bin/make  -f CMakeFiles/cmTC_d5a33.dir/build.make CMakeFiles/cmTC_d5a33.dir/build
Building C object CMakeFiles/cmTC_d5a33.dir/SIZEOF_SSIZE_T.c.o
/Library/Developer/CommandLineTools/usr/bin/cc -D_GNU_SOURCE  -isysroot /Library/Developer/CommandLineTools/SDKs/MacOSX13.0.sdk -fPIE -MD -MT CMakeFiles/cmTC_d5a33.dir/SIZEOF_SSIZE_T.c.o -MF CMakeFiles/cmTC_d5a33.dir/SIZEOF_SSIZE_T.c.o.d -o CMakeFiles/cmTC_d5a33.dir/SIZEOF_SSIZE_T.c.o -c /Users/andreasjackchristiansen/Desktop/UNI/P1/P1-Energy-Monitoring/libary/json-c-build/CMakeFiles/CheckTypeSize/SIZEOF_SSIZE_T.c
Linking C executable cmTC_d5a33
/Applications/CMake.app/Contents/bin/cmake -E cmake_link_script CMakeFiles/cmTC_d5a33.dir/link.txt --verbose=1
/Library/Developer/CommandLineTools/usr/bin/cc  -isysroot /Library/Developer/CommandLineTools/SDKs/MacOSX13.0.sdk -Wl,-search_paths_first -Wl,-headerpad_max_install_names CMakeFiles/cmTC_d5a33.dir/SIZEOF_SSIZE_T.c.o -o cmTC_d5a33  -lm 



Performing C SOURCE FILE Test HAVE_ATOMIC_BUILTINS succeeded with the following output:
Change Dir: /Users/andreasjackchristiansen/Desktop/UNI/P1/P1-Energy-Monitoring/libary/json-c-build/CMakeFiles/CMakeTmp

Run Build Command(s):/usr/bin/make -f Makefile cmTC_1e147/fast && /Library/Developer/CommandLineTools/usr/bin/make  -f CMakeFiles/cmTC_1e147.dir/build.make CMakeFiles/cmTC_1e147.dir/build
Building C object CMakeFiles/cmTC_1e147.dir/src.c.o
/Library/Developer/CommandLineTools/usr/bin/cc -DHAVE_ATOMIC_BUILTINS -D_GNU_SOURCE  -isysroot /Library/Developer/CommandLineTools/SDKs/MacOSX13.0.sdk -fPIE -MD -MT CMakeFiles/cmTC_1e147.dir/src.c.o -MF CMakeFiles/cmTC_1e147.dir/src.c.o.d -o CMakeFiles/cmTC_1e147.dir/src.c.o -c /Users/andreasjackchristiansen/Desktop/UNI/P1/P1-Energy-Monitoring/libary/json-c-build/CMakeFiles/CMakeTmp/src.c
Linking C executable cmTC_1e147
/Applications/CMake.app/Contents/bin/cmake -E cmake_link_script CMakeFiles/cmTC_1e147.dir/link.txt --verbose=1
/Library/Developer/CommandLineTools/usr/bin/cc  -isysroot /Library/Developer/CommandLineTools/SDKs/MacOSX13.0.sdk -Wl,-search_paths_first -Wl,-headerpad_max_install_names CMakeFiles/cmTC_1e147.dir/src.c.o -o cmTC_1e147  -lm 


Source file was:
int main() { int i, x = 0; i = __sync_add_and_fetch(&x,1); return x; }
Performing C SOURCE FILE Test HAVE___THREAD succeeded with the following output:
Change Dir: /Users/andreasjackchristiansen/Desktop/UNI/P1/P1-Energy-Monitoring/libary/json-c-build/CMakeFiles/CMakeTmp

Run Build Command(s):/usr/bin/make -f Makefile cmTC_d0085/fast && /Library/Developer/CommandLineTools/usr/bin/make  -f CMakeFiles/cmTC_d0085.dir/build.make CMakeFiles/cmTC_d0085.dir/build
Building C object CMakeFiles/cmTC_d0085.dir/src.c.o
/Library/Developer/CommandLineTools/usr/bin/cc -DHAVE___THREAD -D_GNU_SOURCE  -isysroot /Library/Developer/CommandLineTools/SDKs/MacOSX13.0.sdk -fPIE -MD -MT CMakeFiles/cmTC_d0085.dir/src.c.o -MF CMakeFiles/cmTC_d0085.dir/src.c.o.d -o CMakeFiles/cmTC_d0085.dir/src.c.o -c /Users/andreasjackchristiansen/Desktop/UNI/P1/P1-Energy-Monitoring/libary/json-c-build/CMakeFiles/CMakeTmp/src.c
Linking C executable cmTC_d0085
/Applications/CMake.app/Contents/bin/cmake -E cmake_link_script CMakeFiles/cmTC_d0085.dir/link.txt --verbose=1
/Library/Developer/CommandLineTools/usr/bin/cc  -isysroot /Library/Developer/CommandLineTools/SDKs/MacOSX13.0.sdk -Wl,-search_paths_first -Wl,-headerpad_max_install_names CMakeFiles/cmTC_d0085.dir/src.c.o -o cmTC_d0085  -lm 


Source file was:
__thread int x = 0; int main() { return 0; }
Performing C SOURCE FILE Test REENTRANT_WORKS succeeded with the following output:
Change Dir: /Users/andreasjackchristiansen/Desktop/UNI/P1/P1-Energy-Monitoring/libary/json-c-build/CMakeFiles/CMakeTmp

Run Build Command(s):/usr/bin/make -f Makefile cmTC_f8579/fast && /Library/Developer/CommandLineTools/usr/bin/make  -f CMakeFiles/cmTC_f8579.dir/build.make CMakeFiles/cmTC_f8579.dir/build
Building C object CMakeFiles/cmTC_f8579.dir/src.c.o
/Library/Developer/CommandLineTools/usr/bin/cc -DREENTRANT_WORKS -D_GNU_SOURCE  -ffunction-sections -fdata-sections -Werror -Wall -Wcast-qual -Wno-error=deprecated-declarations -Wextra -Wwrite-strings -Wno-unused-parameter -Wstrict-prototypes  -isysroot /Library/Developer/CommandLineTools/SDKs/MacOSX13.0.sdk -fPIE -MD -MT CMakeFiles/cmTC_f8579.dir/src.c.o -MF CMakeFiles/cmTC_f8579.dir/src.c.o.d -o CMakeFiles/cmTC_f8579.dir/src.c.o -c /Users/andreasjackchristiansen/Desktop/UNI/P1/P1-Energy-Monitoring/libary/json-c-build/CMakeFiles/CMakeTmp/src.c
Linking C executable cmTC_f8579
/Applications/CMake.app/Contents/bin/cmake -E cmake_link_script CMakeFiles/cmTC_f8579.dir/link.txt --verbose=1
/Library/Developer/CommandLineTools/usr/bin/cc  -ffunction-sections -fdata-sections -Werror -Wall -Wcast-qual -Wno-error=deprecated-declarations -Wextra -Wwrite-strings -Wno-unused-parameter -Wstrict-prototypes  -isysroot /Library/Developer/CommandLineTools/SDKs/MacOSX13.0.sdk -Wl,-search_paths_first -Wl,-headerpad_max_install_names CMakeFiles/cmTC_f8579.dir/src.c.o -o cmTC_f8579  -lm 


Source file was:

	/* uClibc toolchains without threading barf when _REENTRANT is defined */
	#define _REENTRANT 1
	#include <sys/types.h>
	int main (void)
	{
	  return 0;
	}
	
