The system is: Darwin - 22.1.0 - x86_64
Compiling the C compiler identification source file "CMakeCCompilerId.c" succeeded.
Compiler: /Library/Developer/CommandLineTools/usr/bin/cc 
Build flags: 
Id flags: -c 

The output was:
0


Compilation of the C compiler identification source "CMakeCCompilerId.c" produced "CMakeCCompilerId.o"

The C compiler identification is AppleClang, found in "/Users/andreasjackchristiansen/Desktop/UNI/P1/P1-Energy-Monitoring/library/json-c-build/CMakeFiles/3.24.1/CompilerIdC/CMakeCCompilerId.o"

Detecting C compiler ABI info compiled with the following output:
Change Dir: /Users/andreasjackchristiansen/Desktop/UNI/P1/P1-Energy-Monitoring/library/json-c-build/CMakeFiles/CMakeTmp

Run Build Command(s):/usr/bin/make -f Makefile cmTC_4d8ac/fast && /Library/Developer/CommandLineTools/usr/bin/make  -f CMakeFiles/cmTC_4d8ac.dir/build.make CMakeFiles/cmTC_4d8ac.dir/build
Building C object CMakeFiles/cmTC_4d8ac.dir/CMakeCCompilerABI.c.o
/Library/Developer/CommandLineTools/usr/bin/cc   -isysroot /Library/Developer/CommandLineTools/SDKs/MacOSX13.0.sdk   -v -Wl,-v -MD -MT CMakeFiles/cmTC_4d8ac.dir/CMakeCCompilerABI.c.o -MF CMakeFiles/cmTC_4d8ac.dir/CMakeCCompilerABI.c.o.d -o CMakeFiles/cmTC_4d8ac.dir/CMakeCCompilerABI.c.o -c /Applications/CMake.app/Contents/share/cmake-3.24/Modules/CMakeCCompilerABI.c
Apple clang version 14.0.0 (clang-1400.0.29.202)
Target: x86_64-apple-darwin22.1.0
Thread model: posix
InstalledDir: /Library/Developer/CommandLineTools/usr/bin
clang: warning: -Wl,-v: 'linker' input unused [-Wunused-command-line-argument]
 "/Library/Developer/CommandLineTools/usr/bin/clang" -cc1 -triple x86_64-apple-macosx13.0.0 -Wundef-prefix=TARGET_OS_ -Wdeprecated-objc-isa-usage -Werror=deprecated-objc-isa-usage -Werror=implicit-function-declaration -emit-obj -mrelax-all --mrelax-relocations -disable-free -clear-ast-before-backend -disable-llvm-verifier -discard-value-names -main-file-name CMakeCCompilerABI.c -mrelocation-model pic -pic-level 2 -mframe-pointer=all -fno-strict-return -fno-rounding-math -funwind-tables=2 -target-sdk-version=13.0 -fvisibility-inlines-hidden-static-local-var -target-cpu penryn -tune-cpu generic -debugger-tuning=lldb -target-linker-version 820.1 -v -resource-dir /Library/Developer/CommandLineTools/usr/lib/clang/14.0.0 -dependency-file CMakeFiles/cmTC_4d8ac.dir/CMakeCCompilerABI.c.o.d -skip-unused-modulemap-deps -MT CMakeFiles/cmTC_4d8ac.dir/CMakeCCompilerABI.c.o -sys-header-deps -isysroot /Library/Developer/CommandLineTools/SDKs/MacOSX13.0.sdk -internal-isystem /Library/Developer/CommandLineTools/SDKs/MacOSX13.0.sdk/usr/local/include -internal-isystem /Library/Developer/CommandLineTools/usr/lib/clang/14.0.0/include -internal-externc-isystem /Library/Developer/CommandLineTools/SDKs/MacOSX13.0.sdk/usr/include -internal-externc-isystem /Library/Developer/CommandLineTools/usr/include -Wno-reorder-init-list -Wno-implicit-int-float-conversion -Wno-c99-designator -Wno-final-dtor-non-final-class -Wno-extra-semi-stmt -Wno-misleading-indentation -Wno-quoted-include-in-framework-header -Wno-implicit-fallthrough -Wno-enum-enum-conversion -Wno-enum-float-conversion -Wno-elaborated-enum-base -Wno-reserved-identifier -Wno-gnu-folding-constant -Wno-cast-function-type -Wno-bitwise-instead-of-logical -fdebug-compilation-dir=/Users/andreasjackchristiansen/Desktop/UNI/P1/P1-Energy-Monitoring/library/json-c-build/CMakeFiles/CMakeTmp -ferror-limit 19 -stack-protector 1 -fstack-check -mdarwin-stkchk-strong-link -fblocks -fencode-extended-block-signature -fregister-global-dtors-with-atexit -fgnuc-version=4.2.1 -fmax-type-align=16 -fcommon -clang-vendor-feature=+messageToSelfInClassMethodIdReturnType -clang-vendor-feature=+disableInferNewAvailabilityFromInit -clang-vendor-feature=+disableNonDependentMemberExprInCurrentInstantiation -fno-odr-hash-protocols -clang-vendor-feature=+enableAggressiveVLAFolding -clang-vendor-feature=+revert09abecef7bbf -clang-vendor-feature=+thisNoAlignAttr -clang-vendor-feature=+thisNoNullAttr -mllvm -disable-aligned-alloc-awareness=1 -D__GCC_HAVE_DWARF2_CFI_ASM=1 -o CMakeFiles/cmTC_4d8ac.dir/CMakeCCompilerABI.c.o -x c /Applications/CMake.app/Contents/share/cmake-3.24/Modules/CMakeCCompilerABI.c
clang -cc1 version 14.0.0 (clang-1400.0.29.202) default target x86_64-apple-darwin22.1.0
ignoring nonexistent directory "/Library/Developer/CommandLineTools/SDKs/MacOSX13.0.sdk/usr/local/include"
ignoring nonexistent directory "/Library/Developer/CommandLineTools/SDKs/MacOSX13.0.sdk/Library/Frameworks"
#include "..." search starts here:
#include <...> search starts here:
 /Library/Developer/CommandLineTools/usr/lib/clang/14.0.0/include
 /Library/Developer/CommandLineTools/SDKs/MacOSX13.0.sdk/usr/include
 /Library/Developer/CommandLineTools/usr/include
 /Library/Developer/CommandLineTools/SDKs/MacOSX13.0.sdk/System/Library/Frameworks (framework directory)
End of search list.
Linking C executable cmTC_4d8ac
/Applications/CMake.app/Contents/bin/cmake -E cmake_link_script CMakeFiles/cmTC_4d8ac.dir/link.txt --verbose=1
/Library/Developer/CommandLineTools/usr/bin/cc  -isysroot /Library/Developer/CommandLineTools/SDKs/MacOSX13.0.sdk -Wl,-search_paths_first -Wl,-headerpad_max_install_names  -v -Wl,-v CMakeFiles/cmTC_4d8ac.dir/CMakeCCompilerABI.c.o -o cmTC_4d8ac 
Apple clang version 14.0.0 (clang-1400.0.29.202)
Target: x86_64-apple-darwin22.1.0
Thread model: posix
InstalledDir: /Library/Developer/CommandLineTools/usr/bin
 "/Library/Developer/CommandLineTools/usr/bin/ld" -demangle -lto_library /Library/Developer/CommandLineTools/usr/lib/libLTO.dylib -dynamic -arch x86_64 -platform_version macos 13.0.0 13.0 -syslibroot /Library/Developer/CommandLineTools/SDKs/MacOSX13.0.sdk -o cmTC_4d8ac -search_paths_first -headerpad_max_install_names -v CMakeFiles/cmTC_4d8ac.dir/CMakeCCompilerABI.c.o -lSystem /Library/Developer/CommandLineTools/usr/lib/clang/14.0.0/lib/darwin/libclang_rt.osx.a
@(#)PROGRAM:ld  PROJECT:ld64-820.1
BUILD 18:42:34 Sep 11 2022
configured to support archs: armv6 armv7 armv7s arm64 arm64e arm64_32 i386 x86_64 x86_64h armv6m armv7k armv7m armv7em
Library search paths:
	/Library/Developer/CommandLineTools/SDKs/MacOSX13.0.sdk/usr/lib
Framework search paths:
	/Library/Developer/CommandLineTools/SDKs/MacOSX13.0.sdk/System/Library/Frameworks/



Parsed C implicit include dir info from above output: rv=done
  found start of include info
  found start of implicit include info
    add: [/Library/Developer/CommandLineTools/usr/lib/clang/14.0.0/include]
    add: [/Library/Developer/CommandLineTools/SDKs/MacOSX13.0.sdk/usr/include]
    add: [/Library/Developer/CommandLineTools/usr/include]
  end of search list found
  collapse include dir [/Library/Developer/CommandLineTools/usr/lib/clang/14.0.0/include] ==> [/Library/Developer/CommandLineTools/usr/lib/clang/14.0.0/include]
  collapse include dir [/Library/Developer/CommandLineTools/SDKs/MacOSX13.0.sdk/usr/include] ==> [/Library/Developer/CommandLineTools/SDKs/MacOSX13.0.sdk/usr/include]
  collapse include dir [/Library/Developer/CommandLineTools/usr/include] ==> [/Library/Developer/CommandLineTools/usr/include]
  implicit include dirs: [/Library/Developer/CommandLineTools/usr/lib/clang/14.0.0/include;/Library/Developer/CommandLineTools/SDKs/MacOSX13.0.sdk/usr/include;/Library/Developer/CommandLineTools/usr/include]


Parsed C implicit link information from above output:
  link line regex: [^( *|.*[/\])(ld|CMAKE_LINK_STARTFILE-NOTFOUND|([^/\]+-)?ld|collect2)[^/\]*( |$)]
  ignore line: [Change Dir: /Users/andreasjackchristiansen/Desktop/UNI/P1/P1-Energy-Monitoring/library/json-c-build/CMakeFiles/CMakeTmp]
  ignore line: []
  ignore line: [Run Build Command(s):/usr/bin/make -f Makefile cmTC_4d8ac/fast && /Library/Developer/CommandLineTools/usr/bin/make  -f CMakeFiles/cmTC_4d8ac.dir/build.make CMakeFiles/cmTC_4d8ac.dir/build]
  ignore line: [Building C object CMakeFiles/cmTC_4d8ac.dir/CMakeCCompilerABI.c.o]
  ignore line: [/Library/Developer/CommandLineTools/usr/bin/cc   -isysroot /Library/Developer/CommandLineTools/SDKs/MacOSX13.0.sdk   -v -Wl -v -MD -MT CMakeFiles/cmTC_4d8ac.dir/CMakeCCompilerABI.c.o -MF CMakeFiles/cmTC_4d8ac.dir/CMakeCCompilerABI.c.o.d -o CMakeFiles/cmTC_4d8ac.dir/CMakeCCompilerABI.c.o -c /Applications/CMake.app/Contents/share/cmake-3.24/Modules/CMakeCCompilerABI.c]
  ignore line: [Apple clang version 14.0.0 (clang-1400.0.29.202)]
  ignore line: [Target: x86_64-apple-darwin22.1.0]
  ignore line: [Thread model: posix]
  ignore line: [InstalledDir: /Library/Developer/CommandLineTools/usr/bin]
  ignore line: [clang: warning: -Wl -v: 'linker' input unused [-Wunused-command-line-argument]]
  ignore line: [ "/Library/Developer/CommandLineTools/usr/bin/clang" -cc1 -triple x86_64-apple-macosx13.0.0 -Wundef-prefix=TARGET_OS_ -Wdeprecated-objc-isa-usage -Werror=deprecated-objc-isa-usage -Werror=implicit-function-declaration -emit-obj -mrelax-all --mrelax-relocations -disable-free -clear-ast-before-backend -disable-llvm-verifier -discard-value-names -main-file-name CMakeCCompilerABI.c -mrelocation-model pic -pic-level 2 -mframe-pointer=all -fno-strict-return -fno-rounding-math -funwind-tables=2 -target-sdk-version=13.0 -fvisibility-inlines-hidden-static-local-var -target-cpu penryn -tune-cpu generic -debugger-tuning=lldb -target-linker-version 820.1 -v -resource-dir /Library/Developer/CommandLineTools/usr/lib/clang/14.0.0 -dependency-file CMakeFiles/cmTC_4d8ac.dir/CMakeCCompilerABI.c.o.d -skip-unused-modulemap-deps -MT CMakeFiles/cmTC_4d8ac.dir/CMakeCCompilerABI.c.o -sys-header-deps -isysroot /Library/Developer/CommandLineTools/SDKs/MacOSX13.0.sdk -internal-isystem /Library/Developer/CommandLineTools/SDKs/MacOSX13.0.sdk/usr/local/include -internal-isystem /Library/Developer/CommandLineTools/usr/lib/clang/14.0.0/include -internal-externc-isystem /Library/Developer/CommandLineTools/SDKs/MacOSX13.0.sdk/usr/include -internal-externc-isystem /Library/Developer/CommandLineTools/usr/include -Wno-reorder-init-list -Wno-implicit-int-float-conversion -Wno-c99-designator -Wno-final-dtor-non-final-class -Wno-extra-semi-stmt -Wno-misleading-indentation -Wno-quoted-include-in-framework-header -Wno-implicit-fallthrough -Wno-enum-enum-conversion -Wno-enum-float-conversion -Wno-elaborated-enum-base -Wno-reserved-identifier -Wno-gnu-folding-constant -Wno-cast-function-type -Wno-bitwise-instead-of-logical -fdebug-compilation-dir=/Users/andreasjackchristiansen/Desktop/UNI/P1/P1-Energy-Monitoring/library/json-c-build/CMakeFiles/CMakeTmp -ferror-limit 19 -stack-protector 1 -fstack-check -mdarwin-stkchk-strong-link -fblocks -fencode-extended-block-signature -fregister-global-dtors-with-atexit -fgnuc-version=4.2.1 -fmax-type-align=16 -fcommon -clang-vendor-feature=+messageToSelfInClassMethodIdReturnType -clang-vendor-feature=+disableInferNewAvailabilityFromInit -clang-vendor-feature=+disableNonDependentMemberExprInCurrentInstantiation -fno-odr-hash-protocols -clang-vendor-feature=+enableAggressiveVLAFolding -clang-vendor-feature=+revert09abecef7bbf -clang-vendor-feature=+thisNoAlignAttr -clang-vendor-feature=+thisNoNullAttr -mllvm -disable-aligned-alloc-awareness=1 -D__GCC_HAVE_DWARF2_CFI_ASM=1 -o CMakeFiles/cmTC_4d8ac.dir/CMakeCCompilerABI.c.o -x c /Applications/CMake.app/Contents/share/cmake-3.24/Modules/CMakeCCompilerABI.c]
  ignore line: [clang -cc1 version 14.0.0 (clang-1400.0.29.202) default target x86_64-apple-darwin22.1.0]
  ignore line: [ignoring nonexistent directory "/Library/Developer/CommandLineTools/SDKs/MacOSX13.0.sdk/usr/local/include"]
  ignore line: [ignoring nonexistent directory "/Library/Developer/CommandLineTools/SDKs/MacOSX13.0.sdk/Library/Frameworks"]
  ignore line: [#include "..." search starts here:]
  ignore line: [#include <...> search starts here:]
  ignore line: [ /Library/Developer/CommandLineTools/usr/lib/clang/14.0.0/include]
  ignore line: [ /Library/Developer/CommandLineTools/SDKs/MacOSX13.0.sdk/usr/include]
  ignore line: [ /Library/Developer/CommandLineTools/usr/include]
  ignore line: [ /Library/Developer/CommandLineTools/SDKs/MacOSX13.0.sdk/System/Library/Frameworks (framework directory)]
  ignore line: [End of search list.]
  ignore line: [Linking C executable cmTC_4d8ac]
  ignore line: [/Applications/CMake.app/Contents/bin/cmake -E cmake_link_script CMakeFiles/cmTC_4d8ac.dir/link.txt --verbose=1]
  ignore line: [/Library/Developer/CommandLineTools/usr/bin/cc  -isysroot /Library/Developer/CommandLineTools/SDKs/MacOSX13.0.sdk -Wl -search_paths_first -Wl -headerpad_max_install_names  -v -Wl -v CMakeFiles/cmTC_4d8ac.dir/CMakeCCompilerABI.c.o -o cmTC_4d8ac ]
  ignore line: [Apple clang version 14.0.0 (clang-1400.0.29.202)]
  ignore line: [Target: x86_64-apple-darwin22.1.0]
  ignore line: [Thread model: posix]
  ignore line: [InstalledDir: /Library/Developer/CommandLineTools/usr/bin]
  link line: [ "/Library/Developer/CommandLineTools/usr/bin/ld" -demangle -lto_library /Library/Developer/CommandLineTools/usr/lib/libLTO.dylib -dynamic -arch x86_64 -platform_version macos 13.0.0 13.0 -syslibroot /Library/Developer/CommandLineTools/SDKs/MacOSX13.0.sdk -o cmTC_4d8ac -search_paths_first -headerpad_max_install_names -v CMakeFiles/cmTC_4d8ac.dir/CMakeCCompilerABI.c.o -lSystem /Library/Developer/CommandLineTools/usr/lib/clang/14.0.0/lib/darwin/libclang_rt.osx.a]
    arg [/Library/Developer/CommandLineTools/usr/bin/ld] ==> ignore
    arg [-demangle] ==> ignore
    arg [-lto_library] ==> ignore, skip following value
    arg [/Library/Developer/CommandLineTools/usr/lib/libLTO.dylib] ==> skip value of -lto_library
    arg [-dynamic] ==> ignore
    arg [-arch] ==> ignore
    arg [x86_64] ==> ignore
    arg [-platform_version] ==> ignore
    arg [macos] ==> ignore
    arg [13.0.0] ==> ignore
    arg [13.0] ==> ignore
    arg [-syslibroot] ==> ignore
    arg [/Library/Developer/CommandLineTools/SDKs/MacOSX13.0.sdk] ==> ignore
    arg [-o] ==> ignore
    arg [cmTC_4d8ac] ==> ignore
    arg [-search_paths_first] ==> ignore
    arg [-headerpad_max_install_names] ==> ignore
    arg [-v] ==> ignore
    arg [CMakeFiles/cmTC_4d8ac.dir/CMakeCCompilerABI.c.o] ==> ignore
    arg [-lSystem] ==> lib [System]
    arg [/Library/Developer/CommandLineTools/usr/lib/clang/14.0.0/lib/darwin/libclang_rt.osx.a] ==> lib [/Library/Developer/CommandLineTools/usr/lib/clang/14.0.0/lib/darwin/libclang_rt.osx.a]
  Library search paths: [;/Library/Developer/CommandLineTools/SDKs/MacOSX13.0.sdk/usr/lib]
  Framework search paths: [;/Library/Developer/CommandLineTools/SDKs/MacOSX13.0.sdk/System/Library/Frameworks/]
  remove lib [System]
  remove lib [/Library/Developer/CommandLineTools/usr/lib/clang/14.0.0/lib/darwin/libclang_rt.osx.a]
  collapse library dir [/Library/Developer/CommandLineTools/SDKs/MacOSX13.0.sdk/usr/lib] ==> [/Library/Developer/CommandLineTools/SDKs/MacOSX13.0.sdk/usr/lib]
  collapse framework dir [/Library/Developer/CommandLineTools/SDKs/MacOSX13.0.sdk/System/Library/Frameworks/] ==> [/Library/Developer/CommandLineTools/SDKs/MacOSX13.0.sdk/System/Library/Frameworks]
  implicit libs: []
  implicit objs: []
  implicit dirs: [/Library/Developer/CommandLineTools/SDKs/MacOSX13.0.sdk/usr/lib]
  implicit fwks: [/Library/Developer/CommandLineTools/SDKs/MacOSX13.0.sdk/System/Library/Frameworks]


Determining if the include file fcntl.h exists passed with the following output:
Change Dir: /Users/andreasjackchristiansen/Desktop/UNI/P1/P1-Energy-Monitoring/library/json-c-build/CMakeFiles/CMakeTmp

Run Build Command(s):/usr/bin/make -f Makefile cmTC_6a179/fast && /Library/Developer/CommandLineTools/usr/bin/make  -f CMakeFiles/cmTC_6a179.dir/build.make CMakeFiles/cmTC_6a179.dir/build
Building C object CMakeFiles/cmTC_6a179.dir/CheckIncludeFile.c.o
/Library/Developer/CommandLineTools/usr/bin/cc -D_GNU_SOURCE  -isysroot /Library/Developer/CommandLineTools/SDKs/MacOSX13.0.sdk -fPIE -MD -MT CMakeFiles/cmTC_6a179.dir/CheckIncludeFile.c.o -MF CMakeFiles/cmTC_6a179.dir/CheckIncludeFile.c.o.d -o CMakeFiles/cmTC_6a179.dir/CheckIncludeFile.c.o -c /Users/andreasjackchristiansen/Desktop/UNI/P1/P1-Energy-Monitoring/library/json-c-build/CMakeFiles/CMakeTmp/CheckIncludeFile.c
Linking C executable cmTC_6a179
/Applications/CMake.app/Contents/bin/cmake -E cmake_link_script CMakeFiles/cmTC_6a179.dir/link.txt --verbose=1
/Library/Developer/CommandLineTools/usr/bin/cc  -isysroot /Library/Developer/CommandLineTools/SDKs/MacOSX13.0.sdk -Wl,-search_paths_first -Wl,-headerpad_max_install_names CMakeFiles/cmTC_6a179.dir/CheckIncludeFile.c.o -o cmTC_6a179  -lm 



Determining if the include file inttypes.h exists passed with the following output:
Change Dir: /Users/andreasjackchristiansen/Desktop/UNI/P1/P1-Energy-Monitoring/library/json-c-build/CMakeFiles/CMakeTmp

Run Build Command(s):/usr/bin/make -f Makefile cmTC_f71c6/fast && /Library/Developer/CommandLineTools/usr/bin/make  -f CMakeFiles/cmTC_f71c6.dir/build.make CMakeFiles/cmTC_f71c6.dir/build
Building C object CMakeFiles/cmTC_f71c6.dir/CheckIncludeFile.c.o
/Library/Developer/CommandLineTools/usr/bin/cc -D_GNU_SOURCE  -isysroot /Library/Developer/CommandLineTools/SDKs/MacOSX13.0.sdk -fPIE -MD -MT CMakeFiles/cmTC_f71c6.dir/CheckIncludeFile.c.o -MF CMakeFiles/cmTC_f71c6.dir/CheckIncludeFile.c.o.d -o CMakeFiles/cmTC_f71c6.dir/CheckIncludeFile.c.o -c /Users/andreasjackchristiansen/Desktop/UNI/P1/P1-Energy-Monitoring/library/json-c-build/CMakeFiles/CMakeTmp/CheckIncludeFile.c
Linking C executable cmTC_f71c6
/Applications/CMake.app/Contents/bin/cmake -E cmake_link_script CMakeFiles/cmTC_f71c6.dir/link.txt --verbose=1
/Library/Developer/CommandLineTools/usr/bin/cc  -isysroot /Library/Developer/CommandLineTools/SDKs/MacOSX13.0.sdk -Wl,-search_paths_first -Wl,-headerpad_max_install_names CMakeFiles/cmTC_f71c6.dir/CheckIncludeFile.c.o -o cmTC_f71c6  -lm 



Determining if the include file stdarg.h exists passed with the following output:
Change Dir: /Users/andreasjackchristiansen/Desktop/UNI/P1/P1-Energy-Monitoring/library/json-c-build/CMakeFiles/CMakeTmp

Run Build Command(s):/usr/bin/make -f Makefile cmTC_675ca/fast && /Library/Developer/CommandLineTools/usr/bin/make  -f CMakeFiles/cmTC_675ca.dir/build.make CMakeFiles/cmTC_675ca.dir/build
Building C object CMakeFiles/cmTC_675ca.dir/CheckIncludeFile.c.o
/Library/Developer/CommandLineTools/usr/bin/cc -D_GNU_SOURCE  -isysroot /Library/Developer/CommandLineTools/SDKs/MacOSX13.0.sdk -fPIE -MD -MT CMakeFiles/cmTC_675ca.dir/CheckIncludeFile.c.o -MF CMakeFiles/cmTC_675ca.dir/CheckIncludeFile.c.o.d -o CMakeFiles/cmTC_675ca.dir/CheckIncludeFile.c.o -c /Users/andreasjackchristiansen/Desktop/UNI/P1/P1-Energy-Monitoring/library/json-c-build/CMakeFiles/CMakeTmp/CheckIncludeFile.c
Linking C executable cmTC_675ca
/Applications/CMake.app/Contents/bin/cmake -E cmake_link_script CMakeFiles/cmTC_675ca.dir/link.txt --verbose=1
/Library/Developer/CommandLineTools/usr/bin/cc  -isysroot /Library/Developer/CommandLineTools/SDKs/MacOSX13.0.sdk -Wl,-search_paths_first -Wl,-headerpad_max_install_names CMakeFiles/cmTC_675ca.dir/CheckIncludeFile.c.o -o cmTC_675ca  -lm 



Determining if the include file strings.h exists passed with the following output:
Change Dir: /Users/andreasjackchristiansen/Desktop/UNI/P1/P1-Energy-Monitoring/library/json-c-build/CMakeFiles/CMakeTmp

Run Build Command(s):/usr/bin/make -f Makefile cmTC_9d551/fast && /Library/Developer/CommandLineTools/usr/bin/make  -f CMakeFiles/cmTC_9d551.dir/build.make CMakeFiles/cmTC_9d551.dir/build
Building C object CMakeFiles/cmTC_9d551.dir/CheckIncludeFile.c.o
/Library/Developer/CommandLineTools/usr/bin/cc -D_GNU_SOURCE  -isysroot /Library/Developer/CommandLineTools/SDKs/MacOSX13.0.sdk -fPIE -MD -MT CMakeFiles/cmTC_9d551.dir/CheckIncludeFile.c.o -MF CMakeFiles/cmTC_9d551.dir/CheckIncludeFile.c.o.d -o CMakeFiles/cmTC_9d551.dir/CheckIncludeFile.c.o -c /Users/andreasjackchristiansen/Desktop/UNI/P1/P1-Energy-Monitoring/library/json-c-build/CMakeFiles/CMakeTmp/CheckIncludeFile.c
Linking C executable cmTC_9d551
/Applications/CMake.app/Contents/bin/cmake -E cmake_link_script CMakeFiles/cmTC_9d551.dir/link.txt --verbose=1
/Library/Developer/CommandLineTools/usr/bin/cc  -isysroot /Library/Developer/CommandLineTools/SDKs/MacOSX13.0.sdk -Wl,-search_paths_first -Wl,-headerpad_max_install_names CMakeFiles/cmTC_9d551.dir/CheckIncludeFile.c.o -o cmTC_9d551  -lm 



Determining if the include file string.h exists passed with the following output:
Change Dir: /Users/andreasjackchristiansen/Desktop/UNI/P1/P1-Energy-Monitoring/library/json-c-build/CMakeFiles/CMakeTmp

Run Build Command(s):/usr/bin/make -f Makefile cmTC_7bdcf/fast && /Library/Developer/CommandLineTools/usr/bin/make  -f CMakeFiles/cmTC_7bdcf.dir/build.make CMakeFiles/cmTC_7bdcf.dir/build
Building C object CMakeFiles/cmTC_7bdcf.dir/CheckIncludeFile.c.o
/Library/Developer/CommandLineTools/usr/bin/cc -D_GNU_SOURCE  -isysroot /Library/Developer/CommandLineTools/SDKs/MacOSX13.0.sdk -fPIE -MD -MT CMakeFiles/cmTC_7bdcf.dir/CheckIncludeFile.c.o -MF CMakeFiles/cmTC_7bdcf.dir/CheckIncludeFile.c.o.d -o CMakeFiles/cmTC_7bdcf.dir/CheckIncludeFile.c.o -c /Users/andreasjackchristiansen/Desktop/UNI/P1/P1-Energy-Monitoring/library/json-c-build/CMakeFiles/CMakeTmp/CheckIncludeFile.c
Linking C executable cmTC_7bdcf
/Applications/CMake.app/Contents/bin/cmake -E cmake_link_script CMakeFiles/cmTC_7bdcf.dir/link.txt --verbose=1
/Library/Developer/CommandLineTools/usr/bin/cc  -isysroot /Library/Developer/CommandLineTools/SDKs/MacOSX13.0.sdk -Wl,-search_paths_first -Wl,-headerpad_max_install_names CMakeFiles/cmTC_7bdcf.dir/CheckIncludeFile.c.o -o cmTC_7bdcf  -lm 



Determining if the include file syslog.h exists passed with the following output:
Change Dir: /Users/andreasjackchristiansen/Desktop/UNI/P1/P1-Energy-Monitoring/library/json-c-build/CMakeFiles/CMakeTmp

Run Build Command(s):/usr/bin/make -f Makefile cmTC_578ba/fast && /Library/Developer/CommandLineTools/usr/bin/make  -f CMakeFiles/cmTC_578ba.dir/build.make CMakeFiles/cmTC_578ba.dir/build
Building C object CMakeFiles/cmTC_578ba.dir/CheckIncludeFile.c.o
/Library/Developer/CommandLineTools/usr/bin/cc -D_GNU_SOURCE  -isysroot /Library/Developer/CommandLineTools/SDKs/MacOSX13.0.sdk -fPIE -MD -MT CMakeFiles/cmTC_578ba.dir/CheckIncludeFile.c.o -MF CMakeFiles/cmTC_578ba.dir/CheckIncludeFile.c.o.d -o CMakeFiles/cmTC_578ba.dir/CheckIncludeFile.c.o -c /Users/andreasjackchristiansen/Desktop/UNI/P1/P1-Energy-Monitoring/library/json-c-build/CMakeFiles/CMakeTmp/CheckIncludeFile.c
Linking C executable cmTC_578ba
/Applications/CMake.app/Contents/bin/cmake -E cmake_link_script CMakeFiles/cmTC_578ba.dir/link.txt --verbose=1
/Library/Developer/CommandLineTools/usr/bin/cc  -isysroot /Library/Developer/CommandLineTools/SDKs/MacOSX13.0.sdk -Wl,-search_paths_first -Wl,-headerpad_max_install_names CMakeFiles/cmTC_578ba.dir/CheckIncludeFile.c.o -o cmTC_578ba  -lm 



Determining if files stdlib.h;stdarg.h;string.h;float.h exist passed with the following output:
Change Dir: /Users/andreasjackchristiansen/Desktop/UNI/P1/P1-Energy-Monitoring/library/json-c-build/CMakeFiles/CMakeTmp

Run Build Command(s):/usr/bin/make -f Makefile cmTC_f70f7/fast && /Library/Developer/CommandLineTools/usr/bin/make  -f CMakeFiles/cmTC_f70f7.dir/build.make CMakeFiles/cmTC_f70f7.dir/build
Building C object CMakeFiles/cmTC_f70f7.dir/STDC_HEADERS.c.o
/Library/Developer/CommandLineTools/usr/bin/cc -D_GNU_SOURCE  -isysroot /Library/Developer/CommandLineTools/SDKs/MacOSX13.0.sdk -fPIE -MD -MT CMakeFiles/cmTC_f70f7.dir/STDC_HEADERS.c.o -MF CMakeFiles/cmTC_f70f7.dir/STDC_HEADERS.c.o.d -o CMakeFiles/cmTC_f70f7.dir/STDC_HEADERS.c.o -c /Users/andreasjackchristiansen/Desktop/UNI/P1/P1-Energy-Monitoring/library/json-c-build/CMakeFiles/CheckIncludeFiles/STDC_HEADERS.c
Linking C executable cmTC_f70f7
/Applications/CMake.app/Contents/bin/cmake -E cmake_link_script CMakeFiles/cmTC_f70f7.dir/link.txt --verbose=1
/Library/Developer/CommandLineTools/usr/bin/cc  -isysroot /Library/Developer/CommandLineTools/SDKs/MacOSX13.0.sdk -Wl,-search_paths_first -Wl,-headerpad_max_install_names CMakeFiles/cmTC_f70f7.dir/STDC_HEADERS.c.o -o cmTC_f70f7  -lm 



Determining if the include file unistd.h exists passed with the following output:
Change Dir: /Users/andreasjackchristiansen/Desktop/UNI/P1/P1-Energy-Monitoring/library/json-c-build/CMakeFiles/CMakeTmp

Run Build Command(s):/usr/bin/make -f Makefile cmTC_f0c6d/fast && /Library/Developer/CommandLineTools/usr/bin/make  -f CMakeFiles/cmTC_f0c6d.dir/build.make CMakeFiles/cmTC_f0c6d.dir/build
Building C object CMakeFiles/cmTC_f0c6d.dir/CheckIncludeFile.c.o
/Library/Developer/CommandLineTools/usr/bin/cc -D_GNU_SOURCE  -isysroot /Library/Developer/CommandLineTools/SDKs/MacOSX13.0.sdk -fPIE -MD -MT CMakeFiles/cmTC_f0c6d.dir/CheckIncludeFile.c.o -MF CMakeFiles/cmTC_f0c6d.dir/CheckIncludeFile.c.o.d -o CMakeFiles/cmTC_f0c6d.dir/CheckIncludeFile.c.o -c /Users/andreasjackchristiansen/Desktop/UNI/P1/P1-Energy-Monitoring/library/json-c-build/CMakeFiles/CMakeTmp/CheckIncludeFile.c
Linking C executable cmTC_f0c6d
/Applications/CMake.app/Contents/bin/cmake -E cmake_link_script CMakeFiles/cmTC_f0c6d.dir/link.txt --verbose=1
/Library/Developer/CommandLineTools/usr/bin/cc  -isysroot /Library/Developer/CommandLineTools/SDKs/MacOSX13.0.sdk -Wl,-search_paths_first -Wl,-headerpad_max_install_names CMakeFiles/cmTC_f0c6d.dir/CheckIncludeFile.c.o -o cmTC_f0c6d  -lm 



Determining if the include file sys/types.h exists passed with the following output:
Change Dir: /Users/andreasjackchristiansen/Desktop/UNI/P1/P1-Energy-Monitoring/library/json-c-build/CMakeFiles/CMakeTmp

Run Build Command(s):/usr/bin/make -f Makefile cmTC_6a110/fast && /Library/Developer/CommandLineTools/usr/bin/make  -f CMakeFiles/cmTC_6a110.dir/build.make CMakeFiles/cmTC_6a110.dir/build
Building C object CMakeFiles/cmTC_6a110.dir/CheckIncludeFile.c.o
/Library/Developer/CommandLineTools/usr/bin/cc -D_GNU_SOURCE  -isysroot /Library/Developer/CommandLineTools/SDKs/MacOSX13.0.sdk -fPIE -MD -MT CMakeFiles/cmTC_6a110.dir/CheckIncludeFile.c.o -MF CMakeFiles/cmTC_6a110.dir/CheckIncludeFile.c.o.d -o CMakeFiles/cmTC_6a110.dir/CheckIncludeFile.c.o -c /Users/andreasjackchristiansen/Desktop/UNI/P1/P1-Energy-Monitoring/library/json-c-build/CMakeFiles/CMakeTmp/CheckIncludeFile.c
Linking C executable cmTC_6a110
/Applications/CMake.app/Contents/bin/cmake -E cmake_link_script CMakeFiles/cmTC_6a110.dir/link.txt --verbose=1
/Library/Developer/CommandLineTools/usr/bin/cc  -isysroot /Library/Developer/CommandLineTools/SDKs/MacOSX13.0.sdk -Wl,-search_paths_first -Wl,-headerpad_max_install_names CMakeFiles/cmTC_6a110.dir/CheckIncludeFile.c.o -o cmTC_6a110  -lm 



Determining if the include file sys/resource.h exists passed with the following output:
Change Dir: /Users/andreasjackchristiansen/Desktop/UNI/P1/P1-Energy-Monitoring/library/json-c-build/CMakeFiles/CMakeTmp

Run Build Command(s):/usr/bin/make -f Makefile cmTC_0b93d/fast && /Library/Developer/CommandLineTools/usr/bin/make  -f CMakeFiles/cmTC_0b93d.dir/build.make CMakeFiles/cmTC_0b93d.dir/build
Building C object CMakeFiles/cmTC_0b93d.dir/CheckIncludeFile.c.o
/Library/Developer/CommandLineTools/usr/bin/cc -D_GNU_SOURCE  -isysroot /Library/Developer/CommandLineTools/SDKs/MacOSX13.0.sdk -fPIE -MD -MT CMakeFiles/cmTC_0b93d.dir/CheckIncludeFile.c.o -MF CMakeFiles/cmTC_0b93d.dir/CheckIncludeFile.c.o.d -o CMakeFiles/cmTC_0b93d.dir/CheckIncludeFile.c.o -c /Users/andreasjackchristiansen/Desktop/UNI/P1/P1-Energy-Monitoring/library/json-c-build/CMakeFiles/CMakeTmp/CheckIncludeFile.c
Linking C executable cmTC_0b93d
/Applications/CMake.app/Contents/bin/cmake -E cmake_link_script CMakeFiles/cmTC_0b93d.dir/link.txt --verbose=1
/Library/Developer/CommandLineTools/usr/bin/cc  -isysroot /Library/Developer/CommandLineTools/SDKs/MacOSX13.0.sdk -Wl,-search_paths_first -Wl,-headerpad_max_install_names CMakeFiles/cmTC_0b93d.dir/CheckIncludeFile.c.o -o cmTC_0b93d  -lm 



Determining if the include file dlfcn.h exists passed with the following output:
Change Dir: /Users/andreasjackchristiansen/Desktop/UNI/P1/P1-Energy-Monitoring/library/json-c-build/CMakeFiles/CMakeTmp

Run Build Command(s):/usr/bin/make -f Makefile cmTC_08286/fast && /Library/Developer/CommandLineTools/usr/bin/make  -f CMakeFiles/cmTC_08286.dir/build.make CMakeFiles/cmTC_08286.dir/build
Building C object CMakeFiles/cmTC_08286.dir/CheckIncludeFile.c.o
/Library/Developer/CommandLineTools/usr/bin/cc -D_GNU_SOURCE  -isysroot /Library/Developer/CommandLineTools/SDKs/MacOSX13.0.sdk -fPIE -MD -MT CMakeFiles/cmTC_08286.dir/CheckIncludeFile.c.o -MF CMakeFiles/cmTC_08286.dir/CheckIncludeFile.c.o.d -o CMakeFiles/cmTC_08286.dir/CheckIncludeFile.c.o -c /Users/andreasjackchristiansen/Desktop/UNI/P1/P1-Energy-Monitoring/library/json-c-build/CMakeFiles/CMakeTmp/CheckIncludeFile.c
Linking C executable cmTC_08286
/Applications/CMake.app/Contents/bin/cmake -E cmake_link_script CMakeFiles/cmTC_08286.dir/link.txt --verbose=1
/Library/Developer/CommandLineTools/usr/bin/cc  -isysroot /Library/Developer/CommandLineTools/SDKs/MacOSX13.0.sdk -Wl,-search_paths_first -Wl,-headerpad_max_install_names CMakeFiles/cmTC_08286.dir/CheckIncludeFile.c.o -o cmTC_08286  -lm 



Determining if the include file limits.h exists passed with the following output:
Change Dir: /Users/andreasjackchristiansen/Desktop/UNI/P1/P1-Energy-Monitoring/library/json-c-build/CMakeFiles/CMakeTmp

Run Build Command(s):/usr/bin/make -f Makefile cmTC_79030/fast && /Library/Developer/CommandLineTools/usr/bin/make  -f CMakeFiles/cmTC_79030.dir/build.make CMakeFiles/cmTC_79030.dir/build
Building C object CMakeFiles/cmTC_79030.dir/CheckIncludeFile.c.o
/Library/Developer/CommandLineTools/usr/bin/cc -D_GNU_SOURCE  -isysroot /Library/Developer/CommandLineTools/SDKs/MacOSX13.0.sdk -fPIE -MD -MT CMakeFiles/cmTC_79030.dir/CheckIncludeFile.c.o -MF CMakeFiles/cmTC_79030.dir/CheckIncludeFile.c.o.d -o CMakeFiles/cmTC_79030.dir/CheckIncludeFile.c.o -c /Users/andreasjackchristiansen/Desktop/UNI/P1/P1-Energy-Monitoring/library/json-c-build/CMakeFiles/CMakeTmp/CheckIncludeFile.c
Linking C executable cmTC_79030
/Applications/CMake.app/Contents/bin/cmake -E cmake_link_script CMakeFiles/cmTC_79030.dir/link.txt --verbose=1
/Library/Developer/CommandLineTools/usr/bin/cc  -isysroot /Library/Developer/CommandLineTools/SDKs/MacOSX13.0.sdk -Wl,-search_paths_first -Wl,-headerpad_max_install_names CMakeFiles/cmTC_79030.dir/CheckIncludeFile.c.o -o cmTC_79030  -lm 



Determining if the include file locale.h exists passed with the following output:
Change Dir: /Users/andreasjackchristiansen/Desktop/UNI/P1/P1-Energy-Monitoring/library/json-c-build/CMakeFiles/CMakeTmp

Run Build Command(s):/usr/bin/make -f Makefile cmTC_5fe31/fast && /Library/Developer/CommandLineTools/usr/bin/make  -f CMakeFiles/cmTC_5fe31.dir/build.make CMakeFiles/cmTC_5fe31.dir/build
Building C object CMakeFiles/cmTC_5fe31.dir/CheckIncludeFile.c.o
/Library/Developer/CommandLineTools/usr/bin/cc -D_GNU_SOURCE  -isysroot /Library/Developer/CommandLineTools/SDKs/MacOSX13.0.sdk -fPIE -MD -MT CMakeFiles/cmTC_5fe31.dir/CheckIncludeFile.c.o -MF CMakeFiles/cmTC_5fe31.dir/CheckIncludeFile.c.o.d -o CMakeFiles/cmTC_5fe31.dir/CheckIncludeFile.c.o -c /Users/andreasjackchristiansen/Desktop/UNI/P1/P1-Energy-Monitoring/library/json-c-build/CMakeFiles/CMakeTmp/CheckIncludeFile.c
Linking C executable cmTC_5fe31
/Applications/CMake.app/Contents/bin/cmake -E cmake_link_script CMakeFiles/cmTC_5fe31.dir/link.txt --verbose=1
/Library/Developer/CommandLineTools/usr/bin/cc  -isysroot /Library/Developer/CommandLineTools/SDKs/MacOSX13.0.sdk -Wl,-search_paths_first -Wl,-headerpad_max_install_names CMakeFiles/cmTC_5fe31.dir/CheckIncludeFile.c.o -o cmTC_5fe31  -lm 



Determining if the include file memory.h exists passed with the following output:
Change Dir: /Users/andreasjackchristiansen/Desktop/UNI/P1/P1-Energy-Monitoring/library/json-c-build/CMakeFiles/CMakeTmp

Run Build Command(s):/usr/bin/make -f Makefile cmTC_1c1be/fast && /Library/Developer/CommandLineTools/usr/bin/make  -f CMakeFiles/cmTC_1c1be.dir/build.make CMakeFiles/cmTC_1c1be.dir/build
Building C object CMakeFiles/cmTC_1c1be.dir/CheckIncludeFile.c.o
/Library/Developer/CommandLineTools/usr/bin/cc -D_GNU_SOURCE  -isysroot /Library/Developer/CommandLineTools/SDKs/MacOSX13.0.sdk -fPIE -MD -MT CMakeFiles/cmTC_1c1be.dir/CheckIncludeFile.c.o -MF CMakeFiles/cmTC_1c1be.dir/CheckIncludeFile.c.o.d -o CMakeFiles/cmTC_1c1be.dir/CheckIncludeFile.c.o -c /Users/andreasjackchristiansen/Desktop/UNI/P1/P1-Energy-Monitoring/library/json-c-build/CMakeFiles/CMakeTmp/CheckIncludeFile.c
Linking C executable cmTC_1c1be
/Applications/CMake.app/Contents/bin/cmake -E cmake_link_script CMakeFiles/cmTC_1c1be.dir/link.txt --verbose=1
/Library/Developer/CommandLineTools/usr/bin/cc  -isysroot /Library/Developer/CommandLineTools/SDKs/MacOSX13.0.sdk -Wl,-search_paths_first -Wl,-headerpad_max_install_names CMakeFiles/cmTC_1c1be.dir/CheckIncludeFile.c.o -o cmTC_1c1be  -lm 



Determining if the include file stdint.h exists passed with the following output:
Change Dir: /Users/andreasjackchristiansen/Desktop/UNI/P1/P1-Energy-Monitoring/library/json-c-build/CMakeFiles/CMakeTmp

Run Build Command(s):/usr/bin/make -f Makefile cmTC_da2d7/fast && /Library/Developer/CommandLineTools/usr/bin/make  -f CMakeFiles/cmTC_da2d7.dir/build.make CMakeFiles/cmTC_da2d7.dir/build
Building C object CMakeFiles/cmTC_da2d7.dir/CheckIncludeFile.c.o
/Library/Developer/CommandLineTools/usr/bin/cc -D_GNU_SOURCE  -isysroot /Library/Developer/CommandLineTools/SDKs/MacOSX13.0.sdk -fPIE -MD -MT CMakeFiles/cmTC_da2d7.dir/CheckIncludeFile.c.o -MF CMakeFiles/cmTC_da2d7.dir/CheckIncludeFile.c.o.d -o CMakeFiles/cmTC_da2d7.dir/CheckIncludeFile.c.o -c /Users/andreasjackchristiansen/Desktop/UNI/P1/P1-Energy-Monitoring/library/json-c-build/CMakeFiles/CMakeTmp/CheckIncludeFile.c
Linking C executable cmTC_da2d7
/Applications/CMake.app/Contents/bin/cmake -E cmake_link_script CMakeFiles/cmTC_da2d7.dir/link.txt --verbose=1
/Library/Developer/CommandLineTools/usr/bin/cc  -isysroot /Library/Developer/CommandLineTools/SDKs/MacOSX13.0.sdk -Wl,-search_paths_first -Wl,-headerpad_max_install_names CMakeFiles/cmTC_da2d7.dir/CheckIncludeFile.c.o -o cmTC_da2d7  -lm 



Determining if the include file stdlib.h exists passed with the following output:
Change Dir: /Users/andreasjackchristiansen/Desktop/UNI/P1/P1-Energy-Monitoring/library/json-c-build/CMakeFiles/CMakeTmp

Run Build Command(s):/usr/bin/make -f Makefile cmTC_0660a/fast && /Library/Developer/CommandLineTools/usr/bin/make  -f CMakeFiles/cmTC_0660a.dir/build.make CMakeFiles/cmTC_0660a.dir/build
Building C object CMakeFiles/cmTC_0660a.dir/CheckIncludeFile.c.o
/Library/Developer/CommandLineTools/usr/bin/cc -D_GNU_SOURCE  -isysroot /Library/Developer/CommandLineTools/SDKs/MacOSX13.0.sdk -fPIE -MD -MT CMakeFiles/cmTC_0660a.dir/CheckIncludeFile.c.o -MF CMakeFiles/cmTC_0660a.dir/CheckIncludeFile.c.o.d -o CMakeFiles/cmTC_0660a.dir/CheckIncludeFile.c.o -c /Users/andreasjackchristiansen/Desktop/UNI/P1/P1-Energy-Monitoring/library/json-c-build/CMakeFiles/CMakeTmp/CheckIncludeFile.c
Linking C executable cmTC_0660a
/Applications/CMake.app/Contents/bin/cmake -E cmake_link_script CMakeFiles/cmTC_0660a.dir/link.txt --verbose=1
/Library/Developer/CommandLineTools/usr/bin/cc  -isysroot /Library/Developer/CommandLineTools/SDKs/MacOSX13.0.sdk -Wl,-search_paths_first -Wl,-headerpad_max_install_names CMakeFiles/cmTC_0660a.dir/CheckIncludeFile.c.o -o cmTC_0660a  -lm 



Determining if the include file sys/cdefs.h exists passed with the following output:
Change Dir: /Users/andreasjackchristiansen/Desktop/UNI/P1/P1-Energy-Monitoring/library/json-c-build/CMakeFiles/CMakeTmp

Run Build Command(s):/usr/bin/make -f Makefile cmTC_44a8c/fast && /Library/Developer/CommandLineTools/usr/bin/make  -f CMakeFiles/cmTC_44a8c.dir/build.make CMakeFiles/cmTC_44a8c.dir/build
Building C object CMakeFiles/cmTC_44a8c.dir/CheckIncludeFile.c.o
/Library/Developer/CommandLineTools/usr/bin/cc -D_GNU_SOURCE  -isysroot /Library/Developer/CommandLineTools/SDKs/MacOSX13.0.sdk -fPIE -MD -MT CMakeFiles/cmTC_44a8c.dir/CheckIncludeFile.c.o -MF CMakeFiles/cmTC_44a8c.dir/CheckIncludeFile.c.o.d -o CMakeFiles/cmTC_44a8c.dir/CheckIncludeFile.c.o -c /Users/andreasjackchristiansen/Desktop/UNI/P1/P1-Energy-Monitoring/library/json-c-build/CMakeFiles/CMakeTmp/CheckIncludeFile.c
Linking C executable cmTC_44a8c
/Applications/CMake.app/Contents/bin/cmake -E cmake_link_script CMakeFiles/cmTC_44a8c.dir/link.txt --verbose=1
/Library/Developer/CommandLineTools/usr/bin/cc  -isysroot /Library/Developer/CommandLineTools/SDKs/MacOSX13.0.sdk -Wl,-search_paths_first -Wl,-headerpad_max_install_names CMakeFiles/cmTC_44a8c.dir/CheckIncludeFile.c.o -o cmTC_44a8c  -lm 



Determining if the include file sys/param.h exists passed with the following output:
Change Dir: /Users/andreasjackchristiansen/Desktop/UNI/P1/P1-Energy-Monitoring/library/json-c-build/CMakeFiles/CMakeTmp

Run Build Command(s):/usr/bin/make -f Makefile cmTC_3d386/fast && /Library/Developer/CommandLineTools/usr/bin/make  -f CMakeFiles/cmTC_3d386.dir/build.make CMakeFiles/cmTC_3d386.dir/build
Building C object CMakeFiles/cmTC_3d386.dir/CheckIncludeFile.c.o
/Library/Developer/CommandLineTools/usr/bin/cc -D_GNU_SOURCE  -isysroot /Library/Developer/CommandLineTools/SDKs/MacOSX13.0.sdk -fPIE -MD -MT CMakeFiles/cmTC_3d386.dir/CheckIncludeFile.c.o -MF CMakeFiles/cmTC_3d386.dir/CheckIncludeFile.c.o.d -o CMakeFiles/cmTC_3d386.dir/CheckIncludeFile.c.o -c /Users/andreasjackchristiansen/Desktop/UNI/P1/P1-Energy-Monitoring/library/json-c-build/CMakeFiles/CMakeTmp/CheckIncludeFile.c
Linking C executable cmTC_3d386
/Applications/CMake.app/Contents/bin/cmake -E cmake_link_script CMakeFiles/cmTC_3d386.dir/link.txt --verbose=1
/Library/Developer/CommandLineTools/usr/bin/cc  -isysroot /Library/Developer/CommandLineTools/SDKs/MacOSX13.0.sdk -Wl,-search_paths_first -Wl,-headerpad_max_install_names CMakeFiles/cmTC_3d386.dir/CheckIncludeFile.c.o -o cmTC_3d386  -lm 



Determining if the include file sys/random.h exists passed with the following output:
Change Dir: /Users/andreasjackchristiansen/Desktop/UNI/P1/P1-Energy-Monitoring/library/json-c-build/CMakeFiles/CMakeTmp

Run Build Command(s):/usr/bin/make -f Makefile cmTC_cde48/fast && /Library/Developer/CommandLineTools/usr/bin/make  -f CMakeFiles/cmTC_cde48.dir/build.make CMakeFiles/cmTC_cde48.dir/build
Building C object CMakeFiles/cmTC_cde48.dir/CheckIncludeFile.c.o
/Library/Developer/CommandLineTools/usr/bin/cc -D_GNU_SOURCE  -isysroot /Library/Developer/CommandLineTools/SDKs/MacOSX13.0.sdk -fPIE -MD -MT CMakeFiles/cmTC_cde48.dir/CheckIncludeFile.c.o -MF CMakeFiles/cmTC_cde48.dir/CheckIncludeFile.c.o.d -o CMakeFiles/cmTC_cde48.dir/CheckIncludeFile.c.o -c /Users/andreasjackchristiansen/Desktop/UNI/P1/P1-Energy-Monitoring/library/json-c-build/CMakeFiles/CMakeTmp/CheckIncludeFile.c
Linking C executable cmTC_cde48
/Applications/CMake.app/Contents/bin/cmake -E cmake_link_script CMakeFiles/cmTC_cde48.dir/link.txt --verbose=1
/Library/Developer/CommandLineTools/usr/bin/cc  -isysroot /Library/Developer/CommandLineTools/SDKs/MacOSX13.0.sdk -Wl,-search_paths_first -Wl,-headerpad_max_install_names CMakeFiles/cmTC_cde48.dir/CheckIncludeFile.c.o -o cmTC_cde48  -lm 



Determining if the include file sys/stat.h exists passed with the following output:
Change Dir: /Users/andreasjackchristiansen/Desktop/UNI/P1/P1-Energy-Monitoring/library/json-c-build/CMakeFiles/CMakeTmp

Run Build Command(s):/usr/bin/make -f Makefile cmTC_03074/fast && /Library/Developer/CommandLineTools/usr/bin/make  -f CMakeFiles/cmTC_03074.dir/build.make CMakeFiles/cmTC_03074.dir/build
Building C object CMakeFiles/cmTC_03074.dir/CheckIncludeFile.c.o
/Library/Developer/CommandLineTools/usr/bin/cc -D_GNU_SOURCE  -isysroot /Library/Developer/CommandLineTools/SDKs/MacOSX13.0.sdk -fPIE -MD -MT CMakeFiles/cmTC_03074.dir/CheckIncludeFile.c.o -MF CMakeFiles/cmTC_03074.dir/CheckIncludeFile.c.o.d -o CMakeFiles/cmTC_03074.dir/CheckIncludeFile.c.o -c /Users/andreasjackchristiansen/Desktop/UNI/P1/P1-Energy-Monitoring/library/json-c-build/CMakeFiles/CMakeTmp/CheckIncludeFile.c
Linking C executable cmTC_03074
/Applications/CMake.app/Contents/bin/cmake -E cmake_link_script CMakeFiles/cmTC_03074.dir/link.txt --verbose=1
/Library/Developer/CommandLineTools/usr/bin/cc  -isysroot /Library/Developer/CommandLineTools/SDKs/MacOSX13.0.sdk -Wl,-search_paths_first -Wl,-headerpad_max_install_names CMakeFiles/cmTC_03074.dir/CheckIncludeFile.c.o -o cmTC_03074  -lm 



Determining if the include file xlocale.h exists passed with the following output:
Change Dir: /Users/andreasjackchristiansen/Desktop/UNI/P1/P1-Energy-Monitoring/library/json-c-build/CMakeFiles/CMakeTmp

Run Build Command(s):/usr/bin/make -f Makefile cmTC_83926/fast && /Library/Developer/CommandLineTools/usr/bin/make  -f CMakeFiles/cmTC_83926.dir/build.make CMakeFiles/cmTC_83926.dir/build
Building C object CMakeFiles/cmTC_83926.dir/CheckIncludeFile.c.o
/Library/Developer/CommandLineTools/usr/bin/cc -D_GNU_SOURCE  -isysroot /Library/Developer/CommandLineTools/SDKs/MacOSX13.0.sdk -fPIE -MD -MT CMakeFiles/cmTC_83926.dir/CheckIncludeFile.c.o -MF CMakeFiles/cmTC_83926.dir/CheckIncludeFile.c.o.d -o CMakeFiles/cmTC_83926.dir/CheckIncludeFile.c.o -c /Users/andreasjackchristiansen/Desktop/UNI/P1/P1-Energy-Monitoring/library/json-c-build/CMakeFiles/CMakeTmp/CheckIncludeFile.c
Linking C executable cmTC_83926
/Applications/CMake.app/Contents/bin/cmake -E cmake_link_script CMakeFiles/cmTC_83926.dir/link.txt --verbose=1
/Library/Developer/CommandLineTools/usr/bin/cc  -isysroot /Library/Developer/CommandLineTools/SDKs/MacOSX13.0.sdk -Wl,-search_paths_first -Wl,-headerpad_max_install_names CMakeFiles/cmTC_83926.dir/CheckIncludeFile.c.o -o cmTC_83926  -lm 



Determining if the INFINITY exist passed with the following output:
Change Dir: /Users/andreasjackchristiansen/Desktop/UNI/P1/P1-Energy-Monitoring/library/json-c-build/CMakeFiles/CMakeTmp

Run Build Command(s):/usr/bin/make -f Makefile cmTC_56b2b/fast && /Library/Developer/CommandLineTools/usr/bin/make  -f CMakeFiles/cmTC_56b2b.dir/build.make CMakeFiles/cmTC_56b2b.dir/build
Building C object CMakeFiles/cmTC_56b2b.dir/CheckSymbolExists.c.o
/Library/Developer/CommandLineTools/usr/bin/cc -D_GNU_SOURCE  -isysroot /Library/Developer/CommandLineTools/SDKs/MacOSX13.0.sdk -fPIE -MD -MT CMakeFiles/cmTC_56b2b.dir/CheckSymbolExists.c.o -MF CMakeFiles/cmTC_56b2b.dir/CheckSymbolExists.c.o.d -o CMakeFiles/cmTC_56b2b.dir/CheckSymbolExists.c.o -c /Users/andreasjackchristiansen/Desktop/UNI/P1/P1-Energy-Monitoring/library/json-c-build/CMakeFiles/CMakeTmp/CheckSymbolExists.c
Linking C executable cmTC_56b2b
/Applications/CMake.app/Contents/bin/cmake -E cmake_link_script CMakeFiles/cmTC_56b2b.dir/link.txt --verbose=1
/Library/Developer/CommandLineTools/usr/bin/cc  -isysroot /Library/Developer/CommandLineTools/SDKs/MacOSX13.0.sdk -Wl,-search_paths_first -Wl,-headerpad_max_install_names CMakeFiles/cmTC_56b2b.dir/CheckSymbolExists.c.o -o cmTC_56b2b  -lm 


File /Users/andreasjackchristiansen/Desktop/UNI/P1/P1-Energy-Monitoring/library/json-c-build/CMakeFiles/CMakeTmp/CheckSymbolExists.c:
/* */
#include <math.h>

int main(int argc, char** argv)
{
  (void)argv;
#ifndef INFINITY
  return ((int*)(&INFINITY))[argc];
#else
  (void)argc;
  return 0;
#endif
}
Determining if the isinf exist passed with the following output:
Change Dir: /Users/andreasjackchristiansen/Desktop/UNI/P1/P1-Energy-Monitoring/library/json-c-build/CMakeFiles/CMakeTmp

Run Build Command(s):/usr/bin/make -f Makefile cmTC_0117f/fast && /Library/Developer/CommandLineTools/usr/bin/make  -f CMakeFiles/cmTC_0117f.dir/build.make CMakeFiles/cmTC_0117f.dir/build
Building C object CMakeFiles/cmTC_0117f.dir/CheckSymbolExists.c.o
/Library/Developer/CommandLineTools/usr/bin/cc -D_GNU_SOURCE  -isysroot /Library/Developer/CommandLineTools/SDKs/MacOSX13.0.sdk -fPIE -MD -MT CMakeFiles/cmTC_0117f.dir/CheckSymbolExists.c.o -MF CMakeFiles/cmTC_0117f.dir/CheckSymbolExists.c.o.d -o CMakeFiles/cmTC_0117f.dir/CheckSymbolExists.c.o -c /Users/andreasjackchristiansen/Desktop/UNI/P1/P1-Energy-Monitoring/library/json-c-build/CMakeFiles/CMakeTmp/CheckSymbolExists.c
Linking C executable cmTC_0117f
/Applications/CMake.app/Contents/bin/cmake -E cmake_link_script CMakeFiles/cmTC_0117f.dir/link.txt --verbose=1
/Library/Developer/CommandLineTools/usr/bin/cc  -isysroot /Library/Developer/CommandLineTools/SDKs/MacOSX13.0.sdk -Wl,-search_paths_first -Wl,-headerpad_max_install_names CMakeFiles/cmTC_0117f.dir/CheckSymbolExists.c.o -o cmTC_0117f  -lm 


File /Users/andreasjackchristiansen/Desktop/UNI/P1/P1-Energy-Monitoring/library/json-c-build/CMakeFiles/CMakeTmp/CheckSymbolExists.c:
/* */
#include <math.h>

int main(int argc, char** argv)
{
  (void)argv;
#ifndef isinf
  return ((int*)(&isinf))[argc];
#else
  (void)argc;
  return 0;
#endif
}
Determining if the isnan exist passed with the following output:
Change Dir: /Users/andreasjackchristiansen/Desktop/UNI/P1/P1-Energy-Monitoring/library/json-c-build/CMakeFiles/CMakeTmp

Run Build Command(s):/usr/bin/make -f Makefile cmTC_4c3be/fast && /Library/Developer/CommandLineTools/usr/bin/make  -f CMakeFiles/cmTC_4c3be.dir/build.make CMakeFiles/cmTC_4c3be.dir/build
Building C object CMakeFiles/cmTC_4c3be.dir/CheckSymbolExists.c.o
/Library/Developer/CommandLineTools/usr/bin/cc -D_GNU_SOURCE  -isysroot /Library/Developer/CommandLineTools/SDKs/MacOSX13.0.sdk -fPIE -MD -MT CMakeFiles/cmTC_4c3be.dir/CheckSymbolExists.c.o -MF CMakeFiles/cmTC_4c3be.dir/CheckSymbolExists.c.o.d -o CMakeFiles/cmTC_4c3be.dir/CheckSymbolExists.c.o -c /Users/andreasjackchristiansen/Desktop/UNI/P1/P1-Energy-Monitoring/library/json-c-build/CMakeFiles/CMakeTmp/CheckSymbolExists.c
Linking C executable cmTC_4c3be
/Applications/CMake.app/Contents/bin/cmake -E cmake_link_script CMakeFiles/cmTC_4c3be.dir/link.txt --verbose=1
/Library/Developer/CommandLineTools/usr/bin/cc  -isysroot /Library/Developer/CommandLineTools/SDKs/MacOSX13.0.sdk -Wl,-search_paths_first -Wl,-headerpad_max_install_names CMakeFiles/cmTC_4c3be.dir/CheckSymbolExists.c.o -o cmTC_4c3be  -lm 


File /Users/andreasjackchristiansen/Desktop/UNI/P1/P1-Energy-Monitoring/library/json-c-build/CMakeFiles/CMakeTmp/CheckSymbolExists.c:
/* */
#include <math.h>

int main(int argc, char** argv)
{
  (void)argv;
#ifndef isnan
  return ((int*)(&isnan))[argc];
#else
  (void)argc;
  return 0;
#endif
}
Determining if the nan exist passed with the following output:
Change Dir: /Users/andreasjackchristiansen/Desktop/UNI/P1/P1-Energy-Monitoring/library/json-c-build/CMakeFiles/CMakeTmp

Run Build Command(s):/usr/bin/make -f Makefile cmTC_28037/fast && /Library/Developer/CommandLineTools/usr/bin/make  -f CMakeFiles/cmTC_28037.dir/build.make CMakeFiles/cmTC_28037.dir/build
Building C object CMakeFiles/cmTC_28037.dir/CheckSymbolExists.c.o
/Library/Developer/CommandLineTools/usr/bin/cc -D_GNU_SOURCE  -isysroot /Library/Developer/CommandLineTools/SDKs/MacOSX13.0.sdk -fPIE -MD -MT CMakeFiles/cmTC_28037.dir/CheckSymbolExists.c.o -MF CMakeFiles/cmTC_28037.dir/CheckSymbolExists.c.o.d -o CMakeFiles/cmTC_28037.dir/CheckSymbolExists.c.o -c /Users/andreasjackchristiansen/Desktop/UNI/P1/P1-Energy-Monitoring/library/json-c-build/CMakeFiles/CMakeTmp/CheckSymbolExists.c
Linking C executable cmTC_28037
/Applications/CMake.app/Contents/bin/cmake -E cmake_link_script CMakeFiles/cmTC_28037.dir/link.txt --verbose=1
/Library/Developer/CommandLineTools/usr/bin/cc  -isysroot /Library/Developer/CommandLineTools/SDKs/MacOSX13.0.sdk -Wl,-search_paths_first -Wl,-headerpad_max_install_names CMakeFiles/cmTC_28037.dir/CheckSymbolExists.c.o -o cmTC_28037  -lm 


File /Users/andreasjackchristiansen/Desktop/UNI/P1/P1-Energy-Monitoring/library/json-c-build/CMakeFiles/CMakeTmp/CheckSymbolExists.c:
/* */
#include <math.h>

int main(int argc, char** argv)
{
  (void)argv;
#ifndef nan
  return ((int*)(&nan))[argc];
#else
  (void)argc;
  return 0;
#endif
}
Determining if the snprintf exist passed with the following output:
Change Dir: /Users/andreasjackchristiansen/Desktop/UNI/P1/P1-Energy-Monitoring/library/json-c-build/CMakeFiles/CMakeTmp

Run Build Command(s):/usr/bin/make -f Makefile cmTC_54f53/fast && /Library/Developer/CommandLineTools/usr/bin/make  -f CMakeFiles/cmTC_54f53.dir/build.make CMakeFiles/cmTC_54f53.dir/build
Building C object CMakeFiles/cmTC_54f53.dir/CheckSymbolExists.c.o
/Library/Developer/CommandLineTools/usr/bin/cc -D_GNU_SOURCE  -isysroot /Library/Developer/CommandLineTools/SDKs/MacOSX13.0.sdk -fPIE -MD -MT CMakeFiles/cmTC_54f53.dir/CheckSymbolExists.c.o -MF CMakeFiles/cmTC_54f53.dir/CheckSymbolExists.c.o.d -o CMakeFiles/cmTC_54f53.dir/CheckSymbolExists.c.o -c /Users/andreasjackchristiansen/Desktop/UNI/P1/P1-Energy-Monitoring/library/json-c-build/CMakeFiles/CMakeTmp/CheckSymbolExists.c
Linking C executable cmTC_54f53
/Applications/CMake.app/Contents/bin/cmake -E cmake_link_script CMakeFiles/cmTC_54f53.dir/link.txt --verbose=1
/Library/Developer/CommandLineTools/usr/bin/cc  -isysroot /Library/Developer/CommandLineTools/SDKs/MacOSX13.0.sdk -Wl,-search_paths_first -Wl,-headerpad_max_install_names CMakeFiles/cmTC_54f53.dir/CheckSymbolExists.c.o -o cmTC_54f53  -lm 


File /Users/andreasjackchristiansen/Desktop/UNI/P1/P1-Energy-Monitoring/library/json-c-build/CMakeFiles/CMakeTmp/CheckSymbolExists.c:
/* */
#include <stdio.h>

int main(int argc, char** argv)
{
  (void)argv;
#ifndef snprintf
  return ((int*)(&snprintf))[argc];
#else
  (void)argc;
  return 0;
#endif
}
Determining if the vasprintf exist passed with the following output:
Change Dir: /Users/andreasjackchristiansen/Desktop/UNI/P1/P1-Energy-Monitoring/library/json-c-build/CMakeFiles/CMakeTmp

Run Build Command(s):/usr/bin/make -f Makefile cmTC_8b6ef/fast && /Library/Developer/CommandLineTools/usr/bin/make  -f CMakeFiles/cmTC_8b6ef.dir/build.make CMakeFiles/cmTC_8b6ef.dir/build
Building C object CMakeFiles/cmTC_8b6ef.dir/CheckSymbolExists.c.o
/Library/Developer/CommandLineTools/usr/bin/cc -D_GNU_SOURCE  -isysroot /Library/Developer/CommandLineTools/SDKs/MacOSX13.0.sdk -fPIE -MD -MT CMakeFiles/cmTC_8b6ef.dir/CheckSymbolExists.c.o -MF CMakeFiles/cmTC_8b6ef.dir/CheckSymbolExists.c.o.d -o CMakeFiles/cmTC_8b6ef.dir/CheckSymbolExists.c.o -c /Users/andreasjackchristiansen/Desktop/UNI/P1/P1-Energy-Monitoring/library/json-c-build/CMakeFiles/CMakeTmp/CheckSymbolExists.c
Linking C executable cmTC_8b6ef
/Applications/CMake.app/Contents/bin/cmake -E cmake_link_script CMakeFiles/cmTC_8b6ef.dir/link.txt --verbose=1
/Library/Developer/CommandLineTools/usr/bin/cc  -isysroot /Library/Developer/CommandLineTools/SDKs/MacOSX13.0.sdk -Wl,-search_paths_first -Wl,-headerpad_max_install_names CMakeFiles/cmTC_8b6ef.dir/CheckSymbolExists.c.o -o cmTC_8b6ef  -lm 


File /Users/andreasjackchristiansen/Desktop/UNI/P1/P1-Energy-Monitoring/library/json-c-build/CMakeFiles/CMakeTmp/CheckSymbolExists.c:
/* */
#include <stdio.h>

int main(int argc, char** argv)
{
  (void)argv;
#ifndef vasprintf
  return ((int*)(&vasprintf))[argc];
#else
  (void)argc;
  return 0;
#endif
}
Determining if the vsnprintf exist passed with the following output:
Change Dir: /Users/andreasjackchristiansen/Desktop/UNI/P1/P1-Energy-Monitoring/library/json-c-build/CMakeFiles/CMakeTmp

Run Build Command(s):/usr/bin/make -f Makefile cmTC_1af2d/fast && /Library/Developer/CommandLineTools/usr/bin/make  -f CMakeFiles/cmTC_1af2d.dir/build.make CMakeFiles/cmTC_1af2d.dir/build
Building C object CMakeFiles/cmTC_1af2d.dir/CheckSymbolExists.c.o
/Library/Developer/CommandLineTools/usr/bin/cc -D_GNU_SOURCE  -isysroot /Library/Developer/CommandLineTools/SDKs/MacOSX13.0.sdk -fPIE -MD -MT CMakeFiles/cmTC_1af2d.dir/CheckSymbolExists.c.o -MF CMakeFiles/cmTC_1af2d.dir/CheckSymbolExists.c.o.d -o CMakeFiles/cmTC_1af2d.dir/CheckSymbolExists.c.o -c /Users/andreasjackchristiansen/Desktop/UNI/P1/P1-Energy-Monitoring/library/json-c-build/CMakeFiles/CMakeTmp/CheckSymbolExists.c
Linking C executable cmTC_1af2d
/Applications/CMake.app/Contents/bin/cmake -E cmake_link_script CMakeFiles/cmTC_1af2d.dir/link.txt --verbose=1
/Library/Developer/CommandLineTools/usr/bin/cc  -isysroot /Library/Developer/CommandLineTools/SDKs/MacOSX13.0.sdk -Wl,-search_paths_first -Wl,-headerpad_max_install_names CMakeFiles/cmTC_1af2d.dir/CheckSymbolExists.c.o -o cmTC_1af2d  -lm 


File /Users/andreasjackchristiansen/Desktop/UNI/P1/P1-Energy-Monitoring/library/json-c-build/CMakeFiles/CMakeTmp/CheckSymbolExists.c:
/* */
#include <stdio.h>

int main(int argc, char** argv)
{
  (void)argv;
#ifndef vsnprintf
  return ((int*)(&vsnprintf))[argc];
#else
  (void)argc;
  return 0;
#endif
}
Determining if the vprintf exist passed with the following output:
Change Dir: /Users/andreasjackchristiansen/Desktop/UNI/P1/P1-Energy-Monitoring/library/json-c-build/CMakeFiles/CMakeTmp

Run Build Command(s):/usr/bin/make -f Makefile cmTC_4b65c/fast && /Library/Developer/CommandLineTools/usr/bin/make  -f CMakeFiles/cmTC_4b65c.dir/build.make CMakeFiles/cmTC_4b65c.dir/build
Building C object CMakeFiles/cmTC_4b65c.dir/CheckSymbolExists.c.o
/Library/Developer/CommandLineTools/usr/bin/cc -D_GNU_SOURCE  -isysroot /Library/Developer/CommandLineTools/SDKs/MacOSX13.0.sdk -fPIE -MD -MT CMakeFiles/cmTC_4b65c.dir/CheckSymbolExists.c.o -MF CMakeFiles/cmTC_4b65c.dir/CheckSymbolExists.c.o.d -o CMakeFiles/cmTC_4b65c.dir/CheckSymbolExists.c.o -c /Users/andreasjackchristiansen/Desktop/UNI/P1/P1-Energy-Monitoring/library/json-c-build/CMakeFiles/CMakeTmp/CheckSymbolExists.c
Linking C executable cmTC_4b65c
/Applications/CMake.app/Contents/bin/cmake -E cmake_link_script CMakeFiles/cmTC_4b65c.dir/link.txt --verbose=1
/Library/Developer/CommandLineTools/usr/bin/cc  -isysroot /Library/Developer/CommandLineTools/SDKs/MacOSX13.0.sdk -Wl,-search_paths_first -Wl,-headerpad_max_install_names CMakeFiles/cmTC_4b65c.dir/CheckSymbolExists.c.o -o cmTC_4b65c  -lm 


File /Users/andreasjackchristiansen/Desktop/UNI/P1/P1-Energy-Monitoring/library/json-c-build/CMakeFiles/CMakeTmp/CheckSymbolExists.c:
/* */
#include <stdio.h>

int main(int argc, char** argv)
{
  (void)argv;
#ifndef vprintf
  return ((int*)(&vprintf))[argc];
#else
  (void)argc;
  return 0;
#endif
}
Determining if the arc4random exist passed with the following output:
Change Dir: /Users/andreasjackchristiansen/Desktop/UNI/P1/P1-Energy-Monitoring/library/json-c-build/CMakeFiles/CMakeTmp

Run Build Command(s):/usr/bin/make -f Makefile cmTC_17609/fast && /Library/Developer/CommandLineTools/usr/bin/make  -f CMakeFiles/cmTC_17609.dir/build.make CMakeFiles/cmTC_17609.dir/build
Building C object CMakeFiles/cmTC_17609.dir/CheckSymbolExists.c.o
/Library/Developer/CommandLineTools/usr/bin/cc -D_GNU_SOURCE  -isysroot /Library/Developer/CommandLineTools/SDKs/MacOSX13.0.sdk -fPIE -MD -MT CMakeFiles/cmTC_17609.dir/CheckSymbolExists.c.o -MF CMakeFiles/cmTC_17609.dir/CheckSymbolExists.c.o.d -o CMakeFiles/cmTC_17609.dir/CheckSymbolExists.c.o -c /Users/andreasjackchristiansen/Desktop/UNI/P1/P1-Energy-Monitoring/library/json-c-build/CMakeFiles/CMakeTmp/CheckSymbolExists.c
Linking C executable cmTC_17609
/Applications/CMake.app/Contents/bin/cmake -E cmake_link_script CMakeFiles/cmTC_17609.dir/link.txt --verbose=1
/Library/Developer/CommandLineTools/usr/bin/cc  -isysroot /Library/Developer/CommandLineTools/SDKs/MacOSX13.0.sdk -Wl,-search_paths_first -Wl,-headerpad_max_install_names CMakeFiles/cmTC_17609.dir/CheckSymbolExists.c.o -o cmTC_17609  -lm 


File /Users/andreasjackchristiansen/Desktop/UNI/P1/P1-Energy-Monitoring/library/json-c-build/CMakeFiles/CMakeTmp/CheckSymbolExists.c:
/* */
#include <stdlib.h>

int main(int argc, char** argv)
{
  (void)argv;
#ifndef arc4random
  return ((int*)(&arc4random))[argc];
#else
  (void)argc;
  return 0;
#endif
}
Determining if the open exist passed with the following output:
Change Dir: /Users/andreasjackchristiansen/Desktop/UNI/P1/P1-Energy-Monitoring/library/json-c-build/CMakeFiles/CMakeTmp

Run Build Command(s):/usr/bin/make -f Makefile cmTC_a574b/fast && /Library/Developer/CommandLineTools/usr/bin/make  -f CMakeFiles/cmTC_a574b.dir/build.make CMakeFiles/cmTC_a574b.dir/build
Building C object CMakeFiles/cmTC_a574b.dir/CheckSymbolExists.c.o
/Library/Developer/CommandLineTools/usr/bin/cc -D_GNU_SOURCE  -isysroot /Library/Developer/CommandLineTools/SDKs/MacOSX13.0.sdk -fPIE -MD -MT CMakeFiles/cmTC_a574b.dir/CheckSymbolExists.c.o -MF CMakeFiles/cmTC_a574b.dir/CheckSymbolExists.c.o.d -o CMakeFiles/cmTC_a574b.dir/CheckSymbolExists.c.o -c /Users/andreasjackchristiansen/Desktop/UNI/P1/P1-Energy-Monitoring/library/json-c-build/CMakeFiles/CMakeTmp/CheckSymbolExists.c
Linking C executable cmTC_a574b
/Applications/CMake.app/Contents/bin/cmake -E cmake_link_script CMakeFiles/cmTC_a574b.dir/link.txt --verbose=1
/Library/Developer/CommandLineTools/usr/bin/cc  -isysroot /Library/Developer/CommandLineTools/SDKs/MacOSX13.0.sdk -Wl,-search_paths_first -Wl,-headerpad_max_install_names CMakeFiles/cmTC_a574b.dir/CheckSymbolExists.c.o -o cmTC_a574b  -lm 


File /Users/andreasjackchristiansen/Desktop/UNI/P1/P1-Energy-Monitoring/library/json-c-build/CMakeFiles/CMakeTmp/CheckSymbolExists.c:
/* */
#include <fcntl.h>

int main(int argc, char** argv)
{
  (void)argv;
#ifndef open
  return ((int*)(&open))[argc];
#else
  (void)argc;
  return 0;
#endif
}
Determining if the realloc exist passed with the following output:
Change Dir: /Users/andreasjackchristiansen/Desktop/UNI/P1/P1-Energy-Monitoring/library/json-c-build/CMakeFiles/CMakeTmp

Run Build Command(s):/usr/bin/make -f Makefile cmTC_b6e06/fast && /Library/Developer/CommandLineTools/usr/bin/make  -f CMakeFiles/cmTC_b6e06.dir/build.make CMakeFiles/cmTC_b6e06.dir/build
Building C object CMakeFiles/cmTC_b6e06.dir/CheckSymbolExists.c.o
/Library/Developer/CommandLineTools/usr/bin/cc -D_GNU_SOURCE  -isysroot /Library/Developer/CommandLineTools/SDKs/MacOSX13.0.sdk -fPIE -MD -MT CMakeFiles/cmTC_b6e06.dir/CheckSymbolExists.c.o -MF CMakeFiles/cmTC_b6e06.dir/CheckSymbolExists.c.o.d -o CMakeFiles/cmTC_b6e06.dir/CheckSymbolExists.c.o -c /Users/andreasjackchristiansen/Desktop/UNI/P1/P1-Energy-Monitoring/library/json-c-build/CMakeFiles/CMakeTmp/CheckSymbolExists.c
Linking C executable cmTC_b6e06
/Applications/CMake.app/Contents/bin/cmake -E cmake_link_script CMakeFiles/cmTC_b6e06.dir/link.txt --verbose=1
/Library/Developer/CommandLineTools/usr/bin/cc  -isysroot /Library/Developer/CommandLineTools/SDKs/MacOSX13.0.sdk -Wl,-search_paths_first -Wl,-headerpad_max_install_names CMakeFiles/cmTC_b6e06.dir/CheckSymbolExists.c.o -o cmTC_b6e06  -lm 


File /Users/andreasjackchristiansen/Desktop/UNI/P1/P1-Energy-Monitoring/library/json-c-build/CMakeFiles/CMakeTmp/CheckSymbolExists.c:
/* */
#include <stdlib.h>

int main(int argc, char** argv)
{
  (void)argv;
#ifndef realloc
  return ((int*)(&realloc))[argc];
#else
  (void)argc;
  return 0;
#endif
}
Determining if the setlocale exist passed with the following output:
Change Dir: /Users/andreasjackchristiansen/Desktop/UNI/P1/P1-Energy-Monitoring/library/json-c-build/CMakeFiles/CMakeTmp

Run Build Command(s):/usr/bin/make -f Makefile cmTC_53e05/fast && /Library/Developer/CommandLineTools/usr/bin/make  -f CMakeFiles/cmTC_53e05.dir/build.make CMakeFiles/cmTC_53e05.dir/build
Building C object CMakeFiles/cmTC_53e05.dir/CheckSymbolExists.c.o
/Library/Developer/CommandLineTools/usr/bin/cc -D_GNU_SOURCE  -isysroot /Library/Developer/CommandLineTools/SDKs/MacOSX13.0.sdk -fPIE -MD -MT CMakeFiles/cmTC_53e05.dir/CheckSymbolExists.c.o -MF CMakeFiles/cmTC_53e05.dir/CheckSymbolExists.c.o.d -o CMakeFiles/cmTC_53e05.dir/CheckSymbolExists.c.o -c /Users/andreasjackchristiansen/Desktop/UNI/P1/P1-Energy-Monitoring/library/json-c-build/CMakeFiles/CMakeTmp/CheckSymbolExists.c
Linking C executable cmTC_53e05
/Applications/CMake.app/Contents/bin/cmake -E cmake_link_script CMakeFiles/cmTC_53e05.dir/link.txt --verbose=1
/Library/Developer/CommandLineTools/usr/bin/cc  -isysroot /Library/Developer/CommandLineTools/SDKs/MacOSX13.0.sdk -Wl,-search_paths_first -Wl,-headerpad_max_install_names CMakeFiles/cmTC_53e05.dir/CheckSymbolExists.c.o -o cmTC_53e05  -lm 


File /Users/andreasjackchristiansen/Desktop/UNI/P1/P1-Energy-Monitoring/library/json-c-build/CMakeFiles/CMakeTmp/CheckSymbolExists.c:
/* */
#include <locale.h>

int main(int argc, char** argv)
{
  (void)argv;
#ifndef setlocale
  return ((int*)(&setlocale))[argc];
#else
  (void)argc;
  return 0;
#endif
}
Determining if the strcasecmp exist passed with the following output:
Change Dir: /Users/andreasjackchristiansen/Desktop/UNI/P1/P1-Energy-Monitoring/library/json-c-build/CMakeFiles/CMakeTmp

Run Build Command(s):/usr/bin/make -f Makefile cmTC_f9a57/fast && /Library/Developer/CommandLineTools/usr/bin/make  -f CMakeFiles/cmTC_f9a57.dir/build.make CMakeFiles/cmTC_f9a57.dir/build
Building C object CMakeFiles/cmTC_f9a57.dir/CheckSymbolExists.c.o
/Library/Developer/CommandLineTools/usr/bin/cc -D_GNU_SOURCE  -isysroot /Library/Developer/CommandLineTools/SDKs/MacOSX13.0.sdk -fPIE -MD -MT CMakeFiles/cmTC_f9a57.dir/CheckSymbolExists.c.o -MF CMakeFiles/cmTC_f9a57.dir/CheckSymbolExists.c.o.d -o CMakeFiles/cmTC_f9a57.dir/CheckSymbolExists.c.o -c /Users/andreasjackchristiansen/Desktop/UNI/P1/P1-Energy-Monitoring/library/json-c-build/CMakeFiles/CMakeTmp/CheckSymbolExists.c
Linking C executable cmTC_f9a57
/Applications/CMake.app/Contents/bin/cmake -E cmake_link_script CMakeFiles/cmTC_f9a57.dir/link.txt --verbose=1
/Library/Developer/CommandLineTools/usr/bin/cc  -isysroot /Library/Developer/CommandLineTools/SDKs/MacOSX13.0.sdk -Wl,-search_paths_first -Wl,-headerpad_max_install_names CMakeFiles/cmTC_f9a57.dir/CheckSymbolExists.c.o -o cmTC_f9a57  -lm 


File /Users/andreasjackchristiansen/Desktop/UNI/P1/P1-Energy-Monitoring/library/json-c-build/CMakeFiles/CMakeTmp/CheckSymbolExists.c:
/* */
#include <strings.h>

int main(int argc, char** argv)
{
  (void)argv;
#ifndef strcasecmp
  return ((int*)(&strcasecmp))[argc];
#else
  (void)argc;
  return 0;
#endif
}
Determining if the strncasecmp exist passed with the following output:
Change Dir: /Users/andreasjackchristiansen/Desktop/UNI/P1/P1-Energy-Monitoring/library/json-c-build/CMakeFiles/CMakeTmp

Run Build Command(s):/usr/bin/make -f Makefile cmTC_5193f/fast && /Library/Developer/CommandLineTools/usr/bin/make  -f CMakeFiles/cmTC_5193f.dir/build.make CMakeFiles/cmTC_5193f.dir/build
Building C object CMakeFiles/cmTC_5193f.dir/CheckSymbolExists.c.o
/Library/Developer/CommandLineTools/usr/bin/cc -D_GNU_SOURCE  -isysroot /Library/Developer/CommandLineTools/SDKs/MacOSX13.0.sdk -fPIE -MD -MT CMakeFiles/cmTC_5193f.dir/CheckSymbolExists.c.o -MF CMakeFiles/cmTC_5193f.dir/CheckSymbolExists.c.o.d -o CMakeFiles/cmTC_5193f.dir/CheckSymbolExists.c.o -c /Users/andreasjackchristiansen/Desktop/UNI/P1/P1-Energy-Monitoring/library/json-c-build/CMakeFiles/CMakeTmp/CheckSymbolExists.c
Linking C executable cmTC_5193f
/Applications/CMake.app/Contents/bin/cmake -E cmake_link_script CMakeFiles/cmTC_5193f.dir/link.txt --verbose=1
/Library/Developer/CommandLineTools/usr/bin/cc  -isysroot /Library/Developer/CommandLineTools/SDKs/MacOSX13.0.sdk -Wl,-search_paths_first -Wl,-headerpad_max_install_names CMakeFiles/cmTC_5193f.dir/CheckSymbolExists.c.o -o cmTC_5193f  -lm 


File /Users/andreasjackchristiansen/Desktop/UNI/P1/P1-Energy-Monitoring/library/json-c-build/CMakeFiles/CMakeTmp/CheckSymbolExists.c:
/* */
#include <strings.h>

int main(int argc, char** argv)
{
  (void)argv;
#ifndef strncasecmp
  return ((int*)(&strncasecmp))[argc];
#else
  (void)argc;
  return 0;
#endif
}
Determining if the strdup exist passed with the following output:
Change Dir: /Users/andreasjackchristiansen/Desktop/UNI/P1/P1-Energy-Monitoring/library/json-c-build/CMakeFiles/CMakeTmp

Run Build Command(s):/usr/bin/make -f Makefile cmTC_8b36c/fast && /Library/Developer/CommandLineTools/usr/bin/make  -f CMakeFiles/cmTC_8b36c.dir/build.make CMakeFiles/cmTC_8b36c.dir/build
Building C object CMakeFiles/cmTC_8b36c.dir/CheckSymbolExists.c.o
/Library/Developer/CommandLineTools/usr/bin/cc -D_GNU_SOURCE  -isysroot /Library/Developer/CommandLineTools/SDKs/MacOSX13.0.sdk -fPIE -MD -MT CMakeFiles/cmTC_8b36c.dir/CheckSymbolExists.c.o -MF CMakeFiles/cmTC_8b36c.dir/CheckSymbolExists.c.o.d -o CMakeFiles/cmTC_8b36c.dir/CheckSymbolExists.c.o -c /Users/andreasjackchristiansen/Desktop/UNI/P1/P1-Energy-Monitoring/library/json-c-build/CMakeFiles/CMakeTmp/CheckSymbolExists.c
Linking C executable cmTC_8b36c
/Applications/CMake.app/Contents/bin/cmake -E cmake_link_script CMakeFiles/cmTC_8b36c.dir/link.txt --verbose=1
/Library/Developer/CommandLineTools/usr/bin/cc  -isysroot /Library/Developer/CommandLineTools/SDKs/MacOSX13.0.sdk -Wl,-search_paths_first -Wl,-headerpad_max_install_names CMakeFiles/cmTC_8b36c.dir/CheckSymbolExists.c.o -o cmTC_8b36c  -lm 


File /Users/andreasjackchristiansen/Desktop/UNI/P1/P1-Energy-Monitoring/library/json-c-build/CMakeFiles/CMakeTmp/CheckSymbolExists.c:
/* */
#include <string.h>

int main(int argc, char** argv)
{
  (void)argv;
#ifndef strdup
  return ((int*)(&strdup))[argc];
#else
  (void)argc;
  return 0;
#endif
}
Determining if the strerror exist passed with the following output:
Change Dir: /Users/andreasjackchristiansen/Desktop/UNI/P1/P1-Energy-Monitoring/library/json-c-build/CMakeFiles/CMakeTmp

Run Build Command(s):/usr/bin/make -f Makefile cmTC_0fcdf/fast && /Library/Developer/CommandLineTools/usr/bin/make  -f CMakeFiles/cmTC_0fcdf.dir/build.make CMakeFiles/cmTC_0fcdf.dir/build
Building C object CMakeFiles/cmTC_0fcdf.dir/CheckSymbolExists.c.o
/Library/Developer/CommandLineTools/usr/bin/cc -D_GNU_SOURCE  -isysroot /Library/Developer/CommandLineTools/SDKs/MacOSX13.0.sdk -fPIE -MD -MT CMakeFiles/cmTC_0fcdf.dir/CheckSymbolExists.c.o -MF CMakeFiles/cmTC_0fcdf.dir/CheckSymbolExists.c.o.d -o CMakeFiles/cmTC_0fcdf.dir/CheckSymbolExists.c.o -c /Users/andreasjackchristiansen/Desktop/UNI/P1/P1-Energy-Monitoring/library/json-c-build/CMakeFiles/CMakeTmp/CheckSymbolExists.c
Linking C executable cmTC_0fcdf
/Applications/CMake.app/Contents/bin/cmake -E cmake_link_script CMakeFiles/cmTC_0fcdf.dir/link.txt --verbose=1
/Library/Developer/CommandLineTools/usr/bin/cc  -isysroot /Library/Developer/CommandLineTools/SDKs/MacOSX13.0.sdk -Wl,-search_paths_first -Wl,-headerpad_max_install_names CMakeFiles/cmTC_0fcdf.dir/CheckSymbolExists.c.o -o cmTC_0fcdf  -lm 


File /Users/andreasjackchristiansen/Desktop/UNI/P1/P1-Energy-Monitoring/library/json-c-build/CMakeFiles/CMakeTmp/CheckSymbolExists.c:
/* */
#include <string.h>

int main(int argc, char** argv)
{
  (void)argv;
#ifndef strerror
  return ((int*)(&strerror))[argc];
#else
  (void)argc;
  return 0;
#endif
}
Determining if the vsyslog exist passed with the following output:
Change Dir: /Users/andreasjackchristiansen/Desktop/UNI/P1/P1-Energy-Monitoring/library/json-c-build/CMakeFiles/CMakeTmp

Run Build Command(s):/usr/bin/make -f Makefile cmTC_fd6c1/fast && /Library/Developer/CommandLineTools/usr/bin/make  -f CMakeFiles/cmTC_fd6c1.dir/build.make CMakeFiles/cmTC_fd6c1.dir/build
Building C object CMakeFiles/cmTC_fd6c1.dir/CheckSymbolExists.c.o
/Library/Developer/CommandLineTools/usr/bin/cc -D_GNU_SOURCE  -isysroot /Library/Developer/CommandLineTools/SDKs/MacOSX13.0.sdk -fPIE -MD -MT CMakeFiles/cmTC_fd6c1.dir/CheckSymbolExists.c.o -MF CMakeFiles/cmTC_fd6c1.dir/CheckSymbolExists.c.o.d -o CMakeFiles/cmTC_fd6c1.dir/CheckSymbolExists.c.o -c /Users/andreasjackchristiansen/Desktop/UNI/P1/P1-Energy-Monitoring/library/json-c-build/CMakeFiles/CMakeTmp/CheckSymbolExists.c
Linking C executable cmTC_fd6c1
/Applications/CMake.app/Contents/bin/cmake -E cmake_link_script CMakeFiles/cmTC_fd6c1.dir/link.txt --verbose=1
/Library/Developer/CommandLineTools/usr/bin/cc  -isysroot /Library/Developer/CommandLineTools/SDKs/MacOSX13.0.sdk -Wl,-search_paths_first -Wl,-headerpad_max_install_names CMakeFiles/cmTC_fd6c1.dir/CheckSymbolExists.c.o -o cmTC_fd6c1  -lm 


File /Users/andreasjackchristiansen/Desktop/UNI/P1/P1-Energy-Monitoring/library/json-c-build/CMakeFiles/CMakeTmp/CheckSymbolExists.c:
/* */
#include <syslog.h>

int main(int argc, char** argv)
{
  (void)argv;
#ifndef vsyslog
  return ((int*)(&vsyslog))[argc];
#else
  (void)argc;
  return 0;
#endif
}
Determining if the getrusage exist passed with the following output:
Change Dir: /Users/andreasjackchristiansen/Desktop/UNI/P1/P1-Energy-Monitoring/library/json-c-build/CMakeFiles/CMakeTmp

Run Build Command(s):/usr/bin/make -f Makefile cmTC_57315/fast && /Library/Developer/CommandLineTools/usr/bin/make  -f CMakeFiles/cmTC_57315.dir/build.make CMakeFiles/cmTC_57315.dir/build
Building C object CMakeFiles/cmTC_57315.dir/CheckSymbolExists.c.o
/Library/Developer/CommandLineTools/usr/bin/cc -D_GNU_SOURCE  -isysroot /Library/Developer/CommandLineTools/SDKs/MacOSX13.0.sdk -fPIE -MD -MT CMakeFiles/cmTC_57315.dir/CheckSymbolExists.c.o -MF CMakeFiles/cmTC_57315.dir/CheckSymbolExists.c.o.d -o CMakeFiles/cmTC_57315.dir/CheckSymbolExists.c.o -c /Users/andreasjackchristiansen/Desktop/UNI/P1/P1-Energy-Monitoring/library/json-c-build/CMakeFiles/CMakeTmp/CheckSymbolExists.c
Linking C executable cmTC_57315
/Applications/CMake.app/Contents/bin/cmake -E cmake_link_script CMakeFiles/cmTC_57315.dir/link.txt --verbose=1
/Library/Developer/CommandLineTools/usr/bin/cc  -isysroot /Library/Developer/CommandLineTools/SDKs/MacOSX13.0.sdk -Wl,-search_paths_first -Wl,-headerpad_max_install_names CMakeFiles/cmTC_57315.dir/CheckSymbolExists.c.o -o cmTC_57315  -lm 


File /Users/andreasjackchristiansen/Desktop/UNI/P1/P1-Energy-Monitoring/library/json-c-build/CMakeFiles/CMakeTmp/CheckSymbolExists.c:
/* */
#include <sys/resource.h>

int main(int argc, char** argv)
{
  (void)argv;
#ifndef getrusage
  return ((int*)(&getrusage))[argc];
#else
  (void)argc;
  return 0;
#endif
}
Determining if the strtoll exist passed with the following output:
Change Dir: /Users/andreasjackchristiansen/Desktop/UNI/P1/P1-Energy-Monitoring/library/json-c-build/CMakeFiles/CMakeTmp

Run Build Command(s):/usr/bin/make -f Makefile cmTC_3c9e6/fast && /Library/Developer/CommandLineTools/usr/bin/make  -f CMakeFiles/cmTC_3c9e6.dir/build.make CMakeFiles/cmTC_3c9e6.dir/build
Building C object CMakeFiles/cmTC_3c9e6.dir/CheckSymbolExists.c.o
/Library/Developer/CommandLineTools/usr/bin/cc -D_GNU_SOURCE  -isysroot /Library/Developer/CommandLineTools/SDKs/MacOSX13.0.sdk -fPIE -MD -MT CMakeFiles/cmTC_3c9e6.dir/CheckSymbolExists.c.o -MF CMakeFiles/cmTC_3c9e6.dir/CheckSymbolExists.c.o.d -o CMakeFiles/cmTC_3c9e6.dir/CheckSymbolExists.c.o -c /Users/andreasjackchristiansen/Desktop/UNI/P1/P1-Energy-Monitoring/library/json-c-build/CMakeFiles/CMakeTmp/CheckSymbolExists.c
Linking C executable cmTC_3c9e6
/Applications/CMake.app/Contents/bin/cmake -E cmake_link_script CMakeFiles/cmTC_3c9e6.dir/link.txt --verbose=1
/Library/Developer/CommandLineTools/usr/bin/cc  -isysroot /Library/Developer/CommandLineTools/SDKs/MacOSX13.0.sdk -Wl,-search_paths_first -Wl,-headerpad_max_install_names CMakeFiles/cmTC_3c9e6.dir/CheckSymbolExists.c.o -o cmTC_3c9e6  -lm 


File /Users/andreasjackchristiansen/Desktop/UNI/P1/P1-Energy-Monitoring/library/json-c-build/CMakeFiles/CMakeTmp/CheckSymbolExists.c:
/* */
#include <stdlib.h>

int main(int argc, char** argv)
{
  (void)argv;
#ifndef strtoll
  return ((int*)(&strtoll))[argc];
#else
  (void)argc;
  return 0;
#endif
}
Determining if the strtoull exist passed with the following output:
Change Dir: /Users/andreasjackchristiansen/Desktop/UNI/P1/P1-Energy-Monitoring/library/json-c-build/CMakeFiles/CMakeTmp

Run Build Command(s):/usr/bin/make -f Makefile cmTC_800fd/fast && /Library/Developer/CommandLineTools/usr/bin/make  -f CMakeFiles/cmTC_800fd.dir/build.make CMakeFiles/cmTC_800fd.dir/build
Building C object CMakeFiles/cmTC_800fd.dir/CheckSymbolExists.c.o
/Library/Developer/CommandLineTools/usr/bin/cc -D_GNU_SOURCE  -isysroot /Library/Developer/CommandLineTools/SDKs/MacOSX13.0.sdk -fPIE -MD -MT CMakeFiles/cmTC_800fd.dir/CheckSymbolExists.c.o -MF CMakeFiles/cmTC_800fd.dir/CheckSymbolExists.c.o.d -o CMakeFiles/cmTC_800fd.dir/CheckSymbolExists.c.o -c /Users/andreasjackchristiansen/Desktop/UNI/P1/P1-Energy-Monitoring/library/json-c-build/CMakeFiles/CMakeTmp/CheckSymbolExists.c
Linking C executable cmTC_800fd
/Applications/CMake.app/Contents/bin/cmake -E cmake_link_script CMakeFiles/cmTC_800fd.dir/link.txt --verbose=1
/Library/Developer/CommandLineTools/usr/bin/cc  -isysroot /Library/Developer/CommandLineTools/SDKs/MacOSX13.0.sdk -Wl,-search_paths_first -Wl,-headerpad_max_install_names CMakeFiles/cmTC_800fd.dir/CheckSymbolExists.c.o -o cmTC_800fd  -lm 


File /Users/andreasjackchristiansen/Desktop/UNI/P1/P1-Energy-Monitoring/library/json-c-build/CMakeFiles/CMakeTmp/CheckSymbolExists.c:
/* */
#include <stdlib.h>

int main(int argc, char** argv)
{
  (void)argv;
#ifndef strtoull
  return ((int*)(&strtoull))[argc];
#else
  (void)argc;
  return 0;
#endif
}
Determining if the include file stddef.h exists passed with the following output:
Change Dir: /Users/andreasjackchristiansen/Desktop/UNI/P1/P1-Energy-Monitoring/library/json-c-build/CMakeFiles/CMakeTmp

Run Build Command(s):/usr/bin/make -f Makefile cmTC_e4f83/fast && /Library/Developer/CommandLineTools/usr/bin/make  -f CMakeFiles/cmTC_e4f83.dir/build.make CMakeFiles/cmTC_e4f83.dir/build
Building C object CMakeFiles/cmTC_e4f83.dir/CheckIncludeFile.c.o
/Library/Developer/CommandLineTools/usr/bin/cc -D_GNU_SOURCE  -isysroot /Library/Developer/CommandLineTools/SDKs/MacOSX13.0.sdk -fPIE -MD -MT CMakeFiles/cmTC_e4f83.dir/CheckIncludeFile.c.o -MF CMakeFiles/cmTC_e4f83.dir/CheckIncludeFile.c.o.d -o CMakeFiles/cmTC_e4f83.dir/CheckIncludeFile.c.o -c /Users/andreasjackchristiansen/Desktop/UNI/P1/P1-Energy-Monitoring/library/json-c-build/CMakeFiles/CMakeTmp/CheckIncludeFile.c
Linking C executable cmTC_e4f83
/Applications/CMake.app/Contents/bin/cmake -E cmake_link_script CMakeFiles/cmTC_e4f83.dir/link.txt --verbose=1
/Library/Developer/CommandLineTools/usr/bin/cc  -isysroot /Library/Developer/CommandLineTools/SDKs/MacOSX13.0.sdk -Wl,-search_paths_first -Wl,-headerpad_max_install_names CMakeFiles/cmTC_e4f83.dir/CheckIncludeFile.c.o -o cmTC_e4f83  -lm 



Determining size of int passed with the following output:
Change Dir: /Users/andreasjackchristiansen/Desktop/UNI/P1/P1-Energy-Monitoring/library/json-c-build/CMakeFiles/CMakeTmp

Run Build Command(s):/usr/bin/make -f Makefile cmTC_d217d/fast && /Library/Developer/CommandLineTools/usr/bin/make  -f CMakeFiles/cmTC_d217d.dir/build.make CMakeFiles/cmTC_d217d.dir/build
Building C object CMakeFiles/cmTC_d217d.dir/SIZEOF_INT.c.o
/Library/Developer/CommandLineTools/usr/bin/cc -D_GNU_SOURCE  -isysroot /Library/Developer/CommandLineTools/SDKs/MacOSX13.0.sdk -fPIE -MD -MT CMakeFiles/cmTC_d217d.dir/SIZEOF_INT.c.o -MF CMakeFiles/cmTC_d217d.dir/SIZEOF_INT.c.o.d -o CMakeFiles/cmTC_d217d.dir/SIZEOF_INT.c.o -c /Users/andreasjackchristiansen/Desktop/UNI/P1/P1-Energy-Monitoring/library/json-c-build/CMakeFiles/CheckTypeSize/SIZEOF_INT.c
Linking C executable cmTC_d217d
/Applications/CMake.app/Contents/bin/cmake -E cmake_link_script CMakeFiles/cmTC_d217d.dir/link.txt --verbose=1
/Library/Developer/CommandLineTools/usr/bin/cc  -isysroot /Library/Developer/CommandLineTools/SDKs/MacOSX13.0.sdk -Wl,-search_paths_first -Wl,-headerpad_max_install_names CMakeFiles/cmTC_d217d.dir/SIZEOF_INT.c.o -o cmTC_d217d  -lm 



Determining size of int64_t passed with the following output:
Change Dir: /Users/andreasjackchristiansen/Desktop/UNI/P1/P1-Energy-Monitoring/library/json-c-build/CMakeFiles/CMakeTmp

Run Build Command(s):/usr/bin/make -f Makefile cmTC_61789/fast && /Library/Developer/CommandLineTools/usr/bin/make  -f CMakeFiles/cmTC_61789.dir/build.make CMakeFiles/cmTC_61789.dir/build
Building C object CMakeFiles/cmTC_61789.dir/SIZEOF_INT64_T.c.o
/Library/Developer/CommandLineTools/usr/bin/cc -D_GNU_SOURCE  -isysroot /Library/Developer/CommandLineTools/SDKs/MacOSX13.0.sdk -fPIE -MD -MT CMakeFiles/cmTC_61789.dir/SIZEOF_INT64_T.c.o -MF CMakeFiles/cmTC_61789.dir/SIZEOF_INT64_T.c.o.d -o CMakeFiles/cmTC_61789.dir/SIZEOF_INT64_T.c.o -c /Users/andreasjackchristiansen/Desktop/UNI/P1/P1-Energy-Monitoring/library/json-c-build/CMakeFiles/CheckTypeSize/SIZEOF_INT64_T.c
Linking C executable cmTC_61789
/Applications/CMake.app/Contents/bin/cmake -E cmake_link_script CMakeFiles/cmTC_61789.dir/link.txt --verbose=1
/Library/Developer/CommandLineTools/usr/bin/cc  -isysroot /Library/Developer/CommandLineTools/SDKs/MacOSX13.0.sdk -Wl,-search_paths_first -Wl,-headerpad_max_install_names CMakeFiles/cmTC_61789.dir/SIZEOF_INT64_T.c.o -o cmTC_61789  -lm 



Determining size of long passed with the following output:
Change Dir: /Users/andreasjackchristiansen/Desktop/UNI/P1/P1-Energy-Monitoring/library/json-c-build/CMakeFiles/CMakeTmp

Run Build Command(s):/usr/bin/make -f Makefile cmTC_e2ca9/fast && /Library/Developer/CommandLineTools/usr/bin/make  -f CMakeFiles/cmTC_e2ca9.dir/build.make CMakeFiles/cmTC_e2ca9.dir/build
Building C object CMakeFiles/cmTC_e2ca9.dir/SIZEOF_LONG.c.o
/Library/Developer/CommandLineTools/usr/bin/cc -D_GNU_SOURCE  -isysroot /Library/Developer/CommandLineTools/SDKs/MacOSX13.0.sdk -fPIE -MD -MT CMakeFiles/cmTC_e2ca9.dir/SIZEOF_LONG.c.o -MF CMakeFiles/cmTC_e2ca9.dir/SIZEOF_LONG.c.o.d -o CMakeFiles/cmTC_e2ca9.dir/SIZEOF_LONG.c.o -c /Users/andreasjackchristiansen/Desktop/UNI/P1/P1-Energy-Monitoring/library/json-c-build/CMakeFiles/CheckTypeSize/SIZEOF_LONG.c
Linking C executable cmTC_e2ca9
/Applications/CMake.app/Contents/bin/cmake -E cmake_link_script CMakeFiles/cmTC_e2ca9.dir/link.txt --verbose=1
/Library/Developer/CommandLineTools/usr/bin/cc  -isysroot /Library/Developer/CommandLineTools/SDKs/MacOSX13.0.sdk -Wl,-search_paths_first -Wl,-headerpad_max_install_names CMakeFiles/cmTC_e2ca9.dir/SIZEOF_LONG.c.o -o cmTC_e2ca9  -lm 



Determining size of long long passed with the following output:
Change Dir: /Users/andreasjackchristiansen/Desktop/UNI/P1/P1-Energy-Monitoring/library/json-c-build/CMakeFiles/CMakeTmp

Run Build Command(s):/usr/bin/make -f Makefile cmTC_53604/fast && /Library/Developer/CommandLineTools/usr/bin/make  -f CMakeFiles/cmTC_53604.dir/build.make CMakeFiles/cmTC_53604.dir/build
Building C object CMakeFiles/cmTC_53604.dir/SIZEOF_LONG_LONG.c.o
/Library/Developer/CommandLineTools/usr/bin/cc -D_GNU_SOURCE  -isysroot /Library/Developer/CommandLineTools/SDKs/MacOSX13.0.sdk -fPIE -MD -MT CMakeFiles/cmTC_53604.dir/SIZEOF_LONG_LONG.c.o -MF CMakeFiles/cmTC_53604.dir/SIZEOF_LONG_LONG.c.o.d -o CMakeFiles/cmTC_53604.dir/SIZEOF_LONG_LONG.c.o -c /Users/andreasjackchristiansen/Desktop/UNI/P1/P1-Energy-Monitoring/library/json-c-build/CMakeFiles/CheckTypeSize/SIZEOF_LONG_LONG.c
Linking C executable cmTC_53604
/Applications/CMake.app/Contents/bin/cmake -E cmake_link_script CMakeFiles/cmTC_53604.dir/link.txt --verbose=1
/Library/Developer/CommandLineTools/usr/bin/cc  -isysroot /Library/Developer/CommandLineTools/SDKs/MacOSX13.0.sdk -Wl,-search_paths_first -Wl,-headerpad_max_install_names CMakeFiles/cmTC_53604.dir/SIZEOF_LONG_LONG.c.o -o cmTC_53604  -lm 



Determining size of size_t passed with the following output:
Change Dir: /Users/andreasjackchristiansen/Desktop/UNI/P1/P1-Energy-Monitoring/library/json-c-build/CMakeFiles/CMakeTmp

Run Build Command(s):/usr/bin/make -f Makefile cmTC_f62c9/fast && /Library/Developer/CommandLineTools/usr/bin/make  -f CMakeFiles/cmTC_f62c9.dir/build.make CMakeFiles/cmTC_f62c9.dir/build
Building C object CMakeFiles/cmTC_f62c9.dir/SIZEOF_SIZE_T.c.o
/Library/Developer/CommandLineTools/usr/bin/cc -D_GNU_SOURCE  -isysroot /Library/Developer/CommandLineTools/SDKs/MacOSX13.0.sdk -fPIE -MD -MT CMakeFiles/cmTC_f62c9.dir/SIZEOF_SIZE_T.c.o -MF CMakeFiles/cmTC_f62c9.dir/SIZEOF_SIZE_T.c.o.d -o CMakeFiles/cmTC_f62c9.dir/SIZEOF_SIZE_T.c.o -c /Users/andreasjackchristiansen/Desktop/UNI/P1/P1-Energy-Monitoring/library/json-c-build/CMakeFiles/CheckTypeSize/SIZEOF_SIZE_T.c
Linking C executable cmTC_f62c9
/Applications/CMake.app/Contents/bin/cmake -E cmake_link_script CMakeFiles/cmTC_f62c9.dir/link.txt --verbose=1
/Library/Developer/CommandLineTools/usr/bin/cc  -isysroot /Library/Developer/CommandLineTools/SDKs/MacOSX13.0.sdk -Wl,-search_paths_first -Wl,-headerpad_max_install_names CMakeFiles/cmTC_f62c9.dir/SIZEOF_SIZE_T.c.o -o cmTC_f62c9  -lm 



Determining size of ssize_t passed with the following output:
Change Dir: /Users/andreasjackchristiansen/Desktop/UNI/P1/P1-Energy-Monitoring/library/json-c-build/CMakeFiles/CMakeTmp

Run Build Command(s):/usr/bin/make -f Makefile cmTC_4bac8/fast && /Library/Developer/CommandLineTools/usr/bin/make  -f CMakeFiles/cmTC_4bac8.dir/build.make CMakeFiles/cmTC_4bac8.dir/build
Building C object CMakeFiles/cmTC_4bac8.dir/SIZEOF_SSIZE_T.c.o
/Library/Developer/CommandLineTools/usr/bin/cc -D_GNU_SOURCE  -isysroot /Library/Developer/CommandLineTools/SDKs/MacOSX13.0.sdk -fPIE -MD -MT CMakeFiles/cmTC_4bac8.dir/SIZEOF_SSIZE_T.c.o -MF CMakeFiles/cmTC_4bac8.dir/SIZEOF_SSIZE_T.c.o.d -o CMakeFiles/cmTC_4bac8.dir/SIZEOF_SSIZE_T.c.o -c /Users/andreasjackchristiansen/Desktop/UNI/P1/P1-Energy-Monitoring/library/json-c-build/CMakeFiles/CheckTypeSize/SIZEOF_SSIZE_T.c
Linking C executable cmTC_4bac8
/Applications/CMake.app/Contents/bin/cmake -E cmake_link_script CMakeFiles/cmTC_4bac8.dir/link.txt --verbose=1
/Library/Developer/CommandLineTools/usr/bin/cc  -isysroot /Library/Developer/CommandLineTools/SDKs/MacOSX13.0.sdk -Wl,-search_paths_first -Wl,-headerpad_max_install_names CMakeFiles/cmTC_4bac8.dir/SIZEOF_SSIZE_T.c.o -o cmTC_4bac8  -lm 



Performing C SOURCE FILE Test HAVE_ATOMIC_BUILTINS succeeded with the following output:
Change Dir: /Users/andreasjackchristiansen/Desktop/UNI/P1/P1-Energy-Monitoring/library/json-c-build/CMakeFiles/CMakeTmp

Run Build Command(s):/usr/bin/make -f Makefile cmTC_ecc50/fast && /Library/Developer/CommandLineTools/usr/bin/make  -f CMakeFiles/cmTC_ecc50.dir/build.make CMakeFiles/cmTC_ecc50.dir/build
Building C object CMakeFiles/cmTC_ecc50.dir/src.c.o
/Library/Developer/CommandLineTools/usr/bin/cc -DHAVE_ATOMIC_BUILTINS -D_GNU_SOURCE  -isysroot /Library/Developer/CommandLineTools/SDKs/MacOSX13.0.sdk -fPIE -MD -MT CMakeFiles/cmTC_ecc50.dir/src.c.o -MF CMakeFiles/cmTC_ecc50.dir/src.c.o.d -o CMakeFiles/cmTC_ecc50.dir/src.c.o -c /Users/andreasjackchristiansen/Desktop/UNI/P1/P1-Energy-Monitoring/library/json-c-build/CMakeFiles/CMakeTmp/src.c
Linking C executable cmTC_ecc50
/Applications/CMake.app/Contents/bin/cmake -E cmake_link_script CMakeFiles/cmTC_ecc50.dir/link.txt --verbose=1
/Library/Developer/CommandLineTools/usr/bin/cc  -isysroot /Library/Developer/CommandLineTools/SDKs/MacOSX13.0.sdk -Wl,-search_paths_first -Wl,-headerpad_max_install_names CMakeFiles/cmTC_ecc50.dir/src.c.o -o cmTC_ecc50  -lm 


Source file was:
int main() { int i, x = 0; i = __sync_add_and_fetch(&x,1); return x; }
Performing C SOURCE FILE Test HAVE___THREAD succeeded with the following output:
Change Dir: /Users/andreasjackchristiansen/Desktop/UNI/P1/P1-Energy-Monitoring/library/json-c-build/CMakeFiles/CMakeTmp

Run Build Command(s):/usr/bin/make -f Makefile cmTC_2b931/fast && /Library/Developer/CommandLineTools/usr/bin/make  -f CMakeFiles/cmTC_2b931.dir/build.make CMakeFiles/cmTC_2b931.dir/build
Building C object CMakeFiles/cmTC_2b931.dir/src.c.o
/Library/Developer/CommandLineTools/usr/bin/cc -DHAVE___THREAD -D_GNU_SOURCE  -isysroot /Library/Developer/CommandLineTools/SDKs/MacOSX13.0.sdk -fPIE -MD -MT CMakeFiles/cmTC_2b931.dir/src.c.o -MF CMakeFiles/cmTC_2b931.dir/src.c.o.d -o CMakeFiles/cmTC_2b931.dir/src.c.o -c /Users/andreasjackchristiansen/Desktop/UNI/P1/P1-Energy-Monitoring/library/json-c-build/CMakeFiles/CMakeTmp/src.c
Linking C executable cmTC_2b931
/Applications/CMake.app/Contents/bin/cmake -E cmake_link_script CMakeFiles/cmTC_2b931.dir/link.txt --verbose=1
/Library/Developer/CommandLineTools/usr/bin/cc  -isysroot /Library/Developer/CommandLineTools/SDKs/MacOSX13.0.sdk -Wl,-search_paths_first -Wl,-headerpad_max_install_names CMakeFiles/cmTC_2b931.dir/src.c.o -o cmTC_2b931  -lm 


Source file was:
__thread int x = 0; int main() { return 0; }
Performing C SOURCE FILE Test REENTRANT_WORKS succeeded with the following output:
Change Dir: /Users/andreasjackchristiansen/Desktop/UNI/P1/P1-Energy-Monitoring/library/json-c-build/CMakeFiles/CMakeTmp

Run Build Command(s):/usr/bin/make -f Makefile cmTC_6af34/fast && /Library/Developer/CommandLineTools/usr/bin/make  -f CMakeFiles/cmTC_6af34.dir/build.make CMakeFiles/cmTC_6af34.dir/build
Building C object CMakeFiles/cmTC_6af34.dir/src.c.o
/Library/Developer/CommandLineTools/usr/bin/cc -DREENTRANT_WORKS -D_GNU_SOURCE  -ffunction-sections -fdata-sections -Werror -Wall -Wcast-qual -Wno-error=deprecated-declarations -Wextra -Wwrite-strings -Wno-unused-parameter -Wstrict-prototypes  -isysroot /Library/Developer/CommandLineTools/SDKs/MacOSX13.0.sdk -fPIE -MD -MT CMakeFiles/cmTC_6af34.dir/src.c.o -MF CMakeFiles/cmTC_6af34.dir/src.c.o.d -o CMakeFiles/cmTC_6af34.dir/src.c.o -c /Users/andreasjackchristiansen/Desktop/UNI/P1/P1-Energy-Monitoring/library/json-c-build/CMakeFiles/CMakeTmp/src.c
Linking C executable cmTC_6af34
/Applications/CMake.app/Contents/bin/cmake -E cmake_link_script CMakeFiles/cmTC_6af34.dir/link.txt --verbose=1
/Library/Developer/CommandLineTools/usr/bin/cc  -ffunction-sections -fdata-sections -Werror -Wall -Wcast-qual -Wno-error=deprecated-declarations -Wextra -Wwrite-strings -Wno-unused-parameter -Wstrict-prototypes  -isysroot /Library/Developer/CommandLineTools/SDKs/MacOSX13.0.sdk -Wl,-search_paths_first -Wl,-headerpad_max_install_names CMakeFiles/cmTC_6af34.dir/src.c.o -o cmTC_6af34  -lm 


Source file was:

	/* uClibc toolchains without threading barf when _REENTRANT is defined */
	#define _REENTRANT 1
	#include <sys/types.h>
	int main (void)
	{
	  return 0;
	}
	
